[DEBUG] F0 41 00 00 00 00 33 12 00 01 00 00 00 02 7D F7
[DEBUG] F0 41 00 00 00 00 33 12 60 00 00 00 44 6A 61 6E 67 6F 20 61 63 63 6F 6D 70 20 20 20 00 0A 32 3C 32 00 32 28 00 00 32 32 32 32 32 00 01 08 3F 0A 33 39 2F 36 31 01 01 00 32 00 01 01 05 64 00 00 32 32 05 05 32 32 32 07 0A 0A 02 00 00 00 00 14 0E 01 14 17 01 14 14 0E 14 18 18 18 18 18 18 18 18 18 18 18 00 00 00 00 00 00 00 00 00 00 00 14 0E 01 14 17 01 14 14 0E 14 18 18 18 18 18 18 18 18 18 18 18 00 00 00 00 00 00 00 00 00 1D 01 01 32 23 23 00 32 01 23 32 32 3C 00 32 00 64 00 64 64 00 00 32 32 32 32 00 00 1E 0B 0A 1E 14 14 14 14 14 14 14 14 14 14 14 00 14 0D 01 14 17 01 14 14 0E 14 00 32 32 32 32 2D 32 3C 00 28 1E 28 32 32 19 00 00 3E 64 00 01 18 3C 00 00 46 01 18 28 00 00 46 00 64 01 0C 00 00 46 07 00 00 50 00 64 18 18 18 18 18 18 18 18 18 18 18 18 18 52 F7
[DEBUG] F0 7E 00 06 02 41 33 03 00 00 06 00 00 00 F7
[DEBUG] F0 41 00 00 00 00 33 12 10 00 00 00 4B 41 54 41 4E 41 20 4D 6B 32 20 20 20 20 20 20 76 F7
[DEBUG] F0 41 00 00 00 00 33 12 10 01 00 00 43 6C 65 61 6E 20 72 65 76 65 72 62 20 20 20 20 66 F7
[DEBUG] F0 41 00 00 00 00 33 12 10 02 00 00 44 6A 61 6E 67 6F 20 61 63 63 6F 6D 70 20 20 20 28 F7
[DEBUG] F0 41 00 00 00 00 33 12 10 03 00 00 47 6F 6F 64 20 63 68 6F 72 75 73 20 73 6C 61 6D 63 F7
[DEBUG] F0 41 00 00 00 00 33 12 10 04 00 00 50 75 72 70 6C 65 20 52 61 69 6E 20 20 20 20 20 2A F7
[DEBUG] F0 41 00 00 00 00 33 12 10 05 00 00 50 69 6E 6B 20 46 6C 6F 79 64 20 43 6C 65 61 6E 38 F7
[DEBUG] F0 41 00 00 00 00 33 12 10 06 00 00 4D 6F 64 65 72 6E 20 4C 65 61 64 20 20 20 20 20 4F F7
[DEBUG] F0 41 00 00 00 00 33 12 10 07 00 00 4B 61 74 61 6E 61 20 43 6C 65 61 6E 20 20 20 20 16 F7
[DEBUG] F0 41 00 00 00 00 33 12 10 08 00 00 4D 6F 64 65 72 6E 20 50 6F 77 65 72 20 20 20 20 56 F7
[DEBUG] F0 41 00 00 00 00 33 12 60 00 06 50 01 49 F7
[DEBUG] F0 41 00 00 00 00 33 12 60 00 00 21 08 77 F7
[INFO] Acoustic -> Clean
[DEBUG] F0 41 00 00 00 00 33 12 60 00 06 50 02 48 F7
[DEBUG] F0 41 00 00 00 00 33 12 60 00 00 21 0B 74 F7
[INFO] Clean -> Crunch
[DEBUG] F0 41 00 00 00 00 33 12 60 00 06 50 03 47 F7
[DEBUG] F0 41 00 00 00 00 33 12 60 00 00 21 18 67 F7
[INFO] Crunch -> Lead
[DEBUG] F0 41 00 00 00 00 33 12 60 00 06 50 04 46 F7
[DEBUG] F0 41 00 00 00 00 33 12 60 00 00 21 17 68 F7
[INFO] Lead -> Brown
[DEBUG] F0 41 00 00 00 00 33 12 60 00 06 50 03 47 F7
[DEBUG] F0 41 00 00 00 00 33 12 60 00 00 21 18 67 F7
[DEBUG] F0 41 00 00 00 00 33 12 60 00 06 50 02 48 F7
[DEBUG] F0 41 00 00 00 00 33 12 60 00 00 21 0B 74 F7
[DEBUG] F0 41 00 00 00 00 33 12 60 00 06 50 01 49 F7
[DEBUG] F0 41 00 00 00 00 33 12 60 00 00 21 08 77 F7
[DEBUG] F0 41 00 00 00 00 33 12 60 00 06 50 00 4A F7
[DEBUG] F0 41 00 00 00 00 33 12 60 00 00 21 01 7E F7
[INFO] Brown -> ... -> Acoustic
