[INFO] Variation OFF:
[DEBUG] F0 41 00 00 00 00 33 12 60 00 06 50 00 4A F7
[DEBUG] F0 41 00 00 00 00 33 12 60 00 00 21 01 7E F7
[INFO] Acoustic
[DEBUG] F0 41 00 00 00 00 33 12 60 00 06 50 01 49 F7
[DEBUG] F0 41 00 00 00 00 33 12 60 00 00 21 08 77 F7
[INFO] Clean
[DEBUG] F0 41 00 00 00 00 33 12 60 00 06 50 02 48 F7
[DEBUG] F0 41 00 00 00 00 33 12 60 00 00 21 0B 74 F7
[INFO] Crunch
[DEBUG] F0 41 00 00 00 00 33 12 60 00 06 50 03 47 F7
[DEBUG] F0 41 00 00 00 00 33 12 60 00 00 21 18 67 F7
[INFO] Lead
[DEBUG] F0 41 00 00 00 00 33 12 60 00 06 50 04 46 F7
[DEBUG] F0 41 00 00 00 00 33 12 60 00 00 21 17 68 F7
[INFO] Brown
[DEBUG] F0 41 00 00 00 00 33 12 60 00 06 5C 01 3D F7
[DEBUG] F0 41 00 00 00 00 33 12 60 00 00 21 20 5F F7
[INFO] Variation ON
[DEBUG] F0 41 00 00 00 00 33 12 60 00 06 50 03 47 F7
[DEBUG] F0 41 00 00 00 00 33 12 60 00 00 21 1F 60 F7
[INFO] Lead+v
[DEBUG] F0 41 00 00 00 00 33 12 60 00 06 50 02 48 F7
[DEBUG] F0 41 00 00 00 00 33 12 60 00 00 21 1E 61 F7
[INFO] Crunch+v
[DEBUG] F0 41 00 00 00 00 33 12 60 00 06 50 01 49 F7
[DEBUG] F0 41 00 00 00 00 33 12 60 00 00 21 1D 62 F7
[INFO] Clean+v
[DEBUG] F0 41 00 00 00 00 33 12 60 00 06 50 00 4A F7
[DEBUG] F0 41 00 00 00 00 33 12 60 00 00 21 1C 63 F7
[INFO] Acoustic+v
