[DEBUG] F0 41 00 00 00 00 33 12 60 00 06 57 01 42 F7
[DEBUG] F0 41 00 00 00 00 33 12 60 00 06 5D 03 3A F7
[DEBUG] F0 41 00 00 00 00 33 12 60 00 00 12 01 0D F7
[DEBUG] F0 41 00 00 00 00 33 12 60 00 06 57 02 41 F7
[DEBUG] F0 41 00 00 00 00 33 12 60 00 00 17 40 49 F7
[DEBUG] F0 41 00 00 00 00 33 12 60 00 06 57 03 40 F7
[DEBUG] F0 41 00 00 00 00 33 12 60 00 00 12 02 0C F7
[DEBUG] F0 41 00 00 00 00 33 12 60 00 06 57 04 3F F7
[DEBUG] F0 41 00 00 00 00 33 12 60 00 06 57 05 3E F7
[DEBUG] F0 41 00 00 00 00 33 12 60 00 00 12 03 0B F7
[DEBUG] F0 41 00 00 00 00 33 12 60 00 06 57 06 3D F7
[DEBUG] F0 41 00 00 00 00 33 12 60 00 00 17 3F 4A F7
[DEBUG] F0 41 00 00 00 00 33 12 60 00 00 12 04 0A F7
[DEBUG] F0 41 00 00 00 00 33 12 60 00 06 57 07 3C F7
[DEBUG] F0 41 00 00 00 00 33 12 60 00 06 57 08 3B F7
[DEBUG] F0 41 00 00 00 00 33 12 60 00 00 12 05 09 F7
[DEBUG] F0 41 00 00 00 00 33 12 60 00 06 57 09 3A F7
[DEBUG] F0 41 00 00 00 00 33 12 60 00 00 17 3E 4B F7
[DEBUG] F0 41 00 00 00 00 33 12 60 00 06 57 0A 39 F7
[DEBUG] F0 41 00 00 00 00 33 12 60 00 00 12 06 08 F7
[DEBUG] F0 41 00 00 00 00 33 12 60 00 06 57 0B 38 F7
[DEBUG] F0 41 00 00 00 00 33 12 60 00 00 12 07 07 F7
[DEBUG] F0 41 00 00 00 00 33 12 60 00 06 57 0C 37 F7
[DEBUG] F0 41 00 00 00 00 33 12 60 00 00 17 3D 4C F7
[DEBUG] F0 41 00 00 00 00 33 12 60 00 06 57 0D 36 F7
[DEBUG] F0 41 00 00 00 00 33 12 60 00 00 12 08 06 F7
[DEBUG] F0 41 00 00 00 00 33 12 60 00 06 57 0E 35 F7
[DEBUG] F0 41 00 00 00 00 33 12 60 00 06 57 0F 34 F7
[DEBUG] F0 41 00 00 00 00 33 12 60 00 00 12 09 05 F7
[DEBUG] F0 41 00 00 00 00 33 12 60 00 06 57 10 33 F7
[DEBUG] F0 41 00 00 00 00 33 12 60 00 00 17 3C 4D F7
[DEBUG] F0 41 00 00 00 00 33 12 60 00 00 12 0A 04 F7
[DEBUG] F0 41 00 00 00 00 33 12 60 00 06 57 11 32 F7
[DEBUG] F0 41 00 00 00 00 33 12 60 00 06 57 12 31 F7
[DEBUG] F0 41 00 00 00 00 33 12 60 00 00 12 0B 03 F7
[DEBUG] F0 41 00 00 00 00 33 12 60 00 06 57 13 30 F7
[DEBUG] F0 41 00 00 00 00 33 12 60 00 00 17 3B 4E F7
[DEBUG] F0 41 00 00 00 00 33 12 60 00 06 57 14 2F F7
[DEBUG] F0 41 00 00 00 00 33 12 60 00 00 12 0C 02 F7
[DEBUG] F0 41 00 00 00 00 33 12 60 00 06 57 15 2E F7
[DEBUG] F0 41 00 00 00 00 33 12 60 00 00 12 0D 01 F7
[DEBUG] F0 41 00 00 00 00 33 12 60 00 06 57 16 2D F7
[DEBUG] F0 41 00 00 00 00 33 12 60 00 00 17 3A 4F F7
[DEBUG] F0 41 00 00 00 00 33 12 60 00 06 57 17 2C F7
[DEBUG] F0 41 00 00 00 00 33 12 60 00 00 12 0E 00 F7
[DEBUG] F0 41 00 00 00 00 33 12 60 00 06 57 18 2B F7
[DEBUG] F0 41 00 00 00 00 33 12 60 00 06 57 19 2A F7
[DEBUG] F0 41 00 00 00 00 33 12 60 00 00 12 0F 7F F7
[DEBUG] F0 41 00 00 00 00 33 12 60 00 06 57 1A 29 F7
[DEBUG] F0 41 00 00 00 00 33 12 60 00 00 17 39 50 F7
[DEBUG] F0 41 00 00 00 00 33 12 60 00 00 12 10 7E F7
[DEBUG] F0 41 00 00 00 00 33 12 60 00 06 57 1C 27 F7
[DEBUG] F0 41 00 00 00 00 33 12 60 00 00 17 38 51 F7
[DEBUG] F0 41 00 00 00 00 33 12 60 00 00 12 11 7D F7
[DEBUG] F0 41 00 00 00 00 33 12 60 00 06 57 1F 24 F7
[DEBUG] F0 41 00 00 00 00 33 12 60 00 00 12 12 7C F7
[DEBUG] F0 41 00 00 00 00 33 12 60 00 00 17 37 52 F7
[DEBUG] F0 41 00 00 00 00 33 12 60 00 00 12 14 7A F7
[DEBUG] F0 41 00 00 00 00 33 12 60 00 06 57 22 21 F7
[DEBUG] F0 41 00 00 00 00 33 12 60 00 06 57 23 20 F7
[DEBUG] F0 41 00 00 00 00 33 12 60 00 00 12 15 79 F7
[DEBUG] F0 41 00 00 00 00 33 12 60 00 06 57 24 1F F7
[DEBUG] F0 41 00 00 00 00 33 12 60 00 00 17 36 53 F7
[DEBUG] F0 41 00 00 00 00 33 12 60 00 00 12 16 78 F7
[DEBUG] F0 41 00 00 00 00 33 12 60 00 06 57 26 1D F7
[DEBUG] F0 41 00 00 00 00 33 12 60 00 00 12 17 77 F7
[DEBUG] F0 41 00 00 00 00 33 12 60 00 06 57 27 1C F7
[DEBUG] F0 41 00 00 00 00 33 12 60 00 00 17 35 54 F7
[DEBUG] F0 41 00 00 00 00 33 12 60 00 06 57 29 1A F7
[DEBUG] F0 41 00 00 00 00 33 12 60 00 00 12 18 76 F7
[DEBUG] F0 41 00 00 00 00 33 12 60 00 00 12 19 75 F7
[DEBUG] F0 41 00 00 00 00 33 12 60 00 06 57 2A 19 F7
[DEBUG] F0 41 00 00 00 00 33 12 60 00 00 17 34 55 F7
[DEBUG] F0 41 00 00 00 00 33 12 60 00 06 57 2B 18 F7
[DEBUG] F0 41 00 00 00 00 33 12 60 00 00 12 1A 74 F7
[DEBUG] F0 41 00 00 00 00 33 12 60 00 06 57 2C 17 F7
[DEBUG] F0 41 00 00 00 00 33 12 60 00 06 57 2D 16 F7
[DEBUG] F0 41 00 00 00 00 33 12 60 00 00 12 1B 73 F7
[DEBUG] F0 41 00 00 00 00 33 12 60 00 06 57 2E 15 F7
[DEBUG] F0 41 00 00 00 00 33 12 60 00 00 17 33 56 F7
[DEBUG] F0 41 00 00 00 00 33 12 60 00 00 12 1C 72 F7
[DEBUG] F0 41 00 00 00 00 33 12 60 00 06 57 2F 14 F7
[DEBUG] F0 41 00 00 00 00 33 12 60 00 06 57 30 13 F7
[DEBUG] F0 41 00 00 00 00 33 12 60 00 00 12 1D 71 F7
[DEBUG] F0 41 00 00 00 00 33 12 60 00 06 57 31 12 F7
[DEBUG] F0 41 00 00 00 00 33 12 60 00 00 17 32 57 F7
[DEBUG] F0 41 00 00 00 00 33 12 60 00 06 57 32 11 F7
[DEBUG] F0 41 00 00 00 00 33 12 60 00 00 12 1E 70 F7
[DEBUG] F0 41 00 00 00 00 33 12 60 00 06 57 33 10 F7
[DEBUG] F0 41 00 00 00 00 33 12 60 00 00 12 1F 6F F7
[DEBUG] F0 41 00 00 00 00 33 12 60 00 06 57 35 0E F7
[DEBUG] F0 41 00 00 00 00 33 12 60 00 00 12 20 6E F7
[DEBUG] F0 41 00 00 00 00 33 12 60 00 06 57 36 0D F7
[DEBUG] F0 41 00 00 00 00 33 12 60 00 06 57 37 0C F7
[DEBUG] F0 41 00 00 00 00 33 12 60 00 00 12 21 6D F7
[DEBUG] F0 41 00 00 00 00 33 12 60 00 06 57 38 0B F7
[DEBUG] F0 41 00 00 00 00 33 12 60 00 00 12 22 6C F7
[DEBUG] F0 41 00 00 00 00 33 12 60 00 06 57 39 0A F7
[DEBUG] F0 41 00 00 00 00 33 12 60 00 06 57 3A 09 F7
[DEBUG] F0 41 00 00 00 00 33 12 60 00 00 12 23 6B F7
[DEBUG] F0 41 00 00 00 00 33 12 60 00 06 57 3B 08 F7
[DEBUG] F0 41 00 00 00 00 33 12 60 00 06 57 3C 07 F7
[DEBUG] F0 41 00 00 00 00 33 12 60 00 00 12 24 6A F7
[DEBUG] F0 41 00 00 00 00 33 12 60 00 06 57 3D 06 F7
[DEBUG] F0 41 00 00 00 00 33 12 60 00 00 12 25 69 F7
[DEBUG] F0 41 00 00 00 00 33 12 60 00 06 57 3E 05 F7
[DEBUG] F0 41 00 00 00 00 33 12 60 00 06 57 3F 04 F7
[DEBUG] F0 41 00 00 00 00 33 12 60 00 00 12 26 68 F7
[DEBUG] F0 41 00 00 00 00 33 12 60 00 06 57 40 03 F7
[DEBUG] F0 41 00 00 00 00 33 12 60 00 06 57 41 02 F7
[DEBUG] F0 41 00 00 00 00 33 12 60 00 00 12 27 67 F7
[DEBUG] F0 41 00 00 00 00 33 12 60 00 06 57 42 01 F7
[DEBUG] F0 41 00 00 00 00 33 12 60 00 00 12 28 66 F7
[DEBUG] F0 41 00 00 00 00 33 12 60 00 06 57 44 7F F7
[DEBUG] F0 41 00 00 00 00 33 12 60 00 00 12 29 65 F7
[DEBUG] F0 41 00 00 00 00 33 12 60 00 06 57 45 7E F7
[DEBUG] F0 41 00 00 00 00 33 12 60 00 06 57 46 7D F7
[DEBUG] F0 41 00 00 00 00 33 12 60 00 00 12 2A 64 F7
[DEBUG] F0 41 00 00 00 00 33 12 60 00 06 57 47 7C F7
[DEBUG] F0 41 00 00 00 00 33 12 60 00 00 12 2B 63 F7
[DEBUG] F0 41 00 00 00 00 33 12 60 00 06 57 48 7B F7
[DEBUG] F0 41 00 00 00 00 33 12 60 00 06 57 49 7A F7
[DEBUG] F0 41 00 00 00 00 33 12 60 00 00 12 2C 62 F7
[DEBUG] F0 41 00 00 00 00 33 12 60 00 06 57 4A 79 F7
[DEBUG] F0 41 00 00 00 00 33 12 60 00 06 57 4B 78 F7
[DEBUG] F0 41 00 00 00 00 33 12 60 00 00 12 2D 61 F7
[DEBUG] F0 41 00 00 00 00 33 12 60 00 06 57 4C 77 F7
[DEBUG] F0 41 00 00 00 00 33 12 60 00 00 12 2E 60 F7
[DEBUG] F0 41 00 00 00 00 33 12 60 00 06 57 4D 76 F7
[DEBUG] F0 41 00 00 00 00 33 12 60 00 00 12 2F 5F F7
[DEBUG] F0 41 00 00 00 00 33 12 60 00 06 57 4F 74 F7
[DEBUG] F0 41 00 00 00 00 33 12 60 00 06 57 50 73 F7
[DEBUG] F0 41 00 00 00 00 33 12 60 00 00 12 30 5E F7
[DEBUG] F0 41 00 00 00 00 33 12 60 00 06 57 51 72 F7
[DEBUG] F0 41 00 00 00 00 33 12 60 00 00 12 31 5D F7
[DEBUG] F0 41 00 00 00 00 33 12 60 00 06 57 53 70 F7
[DEBUG] F0 41 00 00 00 00 33 12 60 00 00 12 32 5C F7
[DEBUG] F0 41 00 00 00 00 33 12 60 00 06 57 54 6F F7
[DEBUG] F0 41 00 00 00 00 33 12 60 00 06 57 55 6E F7
[DEBUG] F0 41 00 00 00 00 33 12 60 00 00 12 33 5B F7
[DEBUG] F0 41 00 00 00 00 33 12 60 00 06 57 56 6D F7
[DEBUG] F0 41 00 00 00 00 33 12 60 00 00 12 34 5A F7
[DEBUG] F0 41 00 00 00 00 33 12 60 00 06 57 57 6C F7
[DEBUG] F0 41 00 00 00 00 33 12 60 00 06 57 58 6B F7
[DEBUG] F0 41 00 00 00 00 33 12 60 00 00 12 35 59 F7
[DEBUG] F0 41 00 00 00 00 33 12 60 00 06 57 59 6A F7
[DEBUG] F0 41 00 00 00 00 33 12 60 00 00 12 36 58 F7
[DEBUG] F0 41 00 00 00 00 33 12 60 00 06 57 5B 68 F7
[DEBUG] F0 41 00 00 00 00 33 12 60 00 00 12 37 57 F7
[DEBUG] F0 41 00 00 00 00 33 12 60 00 06 57 5C 67 F7
[DEBUG] F0 41 00 00 00 00 33 12 60 00 06 57 5D 66 F7
[DEBUG] F0 41 00 00 00 00 33 12 60 00 00 12 38 56 F7
[DEBUG] F0 41 00 00 00 00 33 12 60 00 06 57 5E 65 F7
[DEBUG] F0 41 00 00 00 00 33 12 60 00 06 57 5F 64 F7
[DEBUG] F0 41 00 00 00 00 33 12 60 00 00 12 39 55 F7
[DEBUG] F0 41 00 00 00 00 33 12 60 00 06 57 60 63 F7
[DEBUG] F0 41 00 00 00 00 33 12 60 00 00 12 3A 54 F7
[DEBUG] F0 41 00 00 00 00 33 12 60 00 06 57 61 62 F7
[DEBUG] F0 41 00 00 00 00 33 12 60 00 06 57 62 61 F7
[DEBUG] F0 41 00 00 00 00 33 12 60 00 00 12 3B 53 F7
[DEBUG] F0 41 00 00 00 00 33 12 60 00 06 57 63 60 F7
[DEBUG] F0 41 00 00 00 00 33 12 60 00 06 57 64 5F F7
[DEBUG] F0 41 00 00 00 00 33 12 60 00 00 12 3C 52 F7
[DEBUG] F0 41 00 00 00 00 33 12 60 00 06 57 65 5E F7
[DEBUG] F0 41 00 00 00 00 33 12 60 00 00 12 3B 53 F7
[DEBUG] F0 41 00 00 00 00 33 12 60 00 06 57 64 5F F7
[DEBUG] F0 41 00 00 00 00 33 12 60 00 06 57 63 60 F7
[DEBUG] F0 41 00 00 00 00 33 12 60 00 00 12 3A 54 F7
[DEBUG] F0 41 00 00 00 00 33 12 60 00 06 57 62 61 F7
[DEBUG] F0 41 00 00 00 00 33 12 60 00 06 57 61 62 F7
[DEBUG] F0 41 00 00 00 00 33 12 60 00 00 12 39 55 F7
[DEBUG] F0 41 00 00 00 00 33 12 60 00 06 57 60 63 F7
[DEBUG] F0 41 00 00 00 00 33 12 60 00 00 12 38 56 F7
[DEBUG] F0 41 00 00 00 00 33 12 60 00 06 57 5F 64 F7
[DEBUG] F0 41 00 00 00 00 33 12 60 00 00 12 37 57 F7
[DEBUG] F0 41 00 00 00 00 33 12 60 00 06 57 5D 66 F7
[DEBUG] F0 41 00 00 00 00 33 12 60 00 06 57 5C 67 F7
[DEBUG] F0 41 00 00 00 00 33 12 60 00 00 12 36 58 F7
[DEBUG] F0 41 00 00 00 00 33 12 60 00 06 57 5B 68 F7
[DEBUG] F0 41 00 00 00 00 33 12 60 00 00 12 35 59 F7
[DEBUG] F0 41 00 00 00 00 33 12 60 00 06 57 59 6A F7
[DEBUG] F0 41 00 00 00 00 33 12 60 00 00 12 34 5A F7
[DEBUG] F0 41 00 00 00 00 33 12 60 00 06 57 58 6B F7
[DEBUG] F0 41 00 00 00 00 33 12 60 00 00 12 33 5B F7
[DEBUG] F0 41 00 00 00 00 33 12 60 00 06 57 56 6D F7
[DEBUG] F0 41 00 00 00 00 33 12 60 00 00 12 32 5C F7
[DEBUG] F0 41 00 00 00 00 33 12 60 00 06 57 55 6E F7
[DEBUG] F0 41 00 00 00 00 33 12 60 00 06 57 54 6F F7
[DEBUG] F0 41 00 00 00 00 33 12 60 00 00 12 31 5D F7
[DEBUG] F0 41 00 00 00 00 33 12 60 00 06 57 53 70 F7
[DEBUG] F0 41 00 00 00 00 33 12 60 00 06 57 52 71 F7
[DEBUG] F0 41 00 00 00 00 33 12 60 00 00 12 30 5E F7
[DEBUG] F0 41 00 00 00 00 33 12 60 00 06 57 51 72 F7
[DEBUG] F0 41 00 00 00 00 33 12 60 00 00 12 2F 5F F7
[DEBUG] F0 41 00 00 00 00 33 12 60 00 06 57 50 73 F7
[DEBUG] F0 41 00 00 00 00 33 12 60 00 06 57 4F 74 F7
[DEBUG] F0 41 00 00 00 00 33 12 60 00 00 12 2E 60 F7
[DEBUG] F0 41 00 00 00 00 33 12 60 00 06 57 4D 76 F7
[DEBUG] F0 41 00 00 00 00 33 12 60 00 00 12 2D 61 F7
[DEBUG] F0 41 00 00 00 00 33 12 60 00 06 57 4C 77 F7
[DEBUG] F0 41 00 00 00 00 33 12 60 00 00 12 2C 62 F7
[DEBUG] F0 41 00 00 00 00 33 12 60 00 06 57 4B 78 F7
[DEBUG] F0 41 00 00 00 00 33 12 60 00 06 57 4A 79 F7
[DEBUG] F0 41 00 00 00 00 33 12 60 00 00 12 2B 63 F7
[DEBUG] F0 41 00 00 00 00 33 12 60 00 06 57 48 7B F7
[DEBUG] F0 41 00 00 00 00 33 12 60 00 00 12 29 65 F7
[DEBUG] F0 41 00 00 00 00 33 12 60 00 06 57 46 7D F7
[DEBUG] F0 41 00 00 00 00 33 12 60 00 06 57 45 7E F7
[DEBUG] F0 41 00 00 00 00 33 12 60 00 00 12 28 66 F7
[DEBUG] F0 41 00 00 00 00 33 12 60 00 06 57 44 7F F7
[DEBUG] F0 41 00 00 00 00 33 12 60 00 06 57 43 00 F7
[DEBUG] F0 41 00 00 00 00 33 12 60 00 00 12 27 67 F7
[DEBUG] F0 41 00 00 00 00 33 12 60 00 06 57 42 01 F7
[DEBUG] F0 41 00 00 00 00 33 12 60 00 00 12 26 68 F7
[DEBUG] F0 41 00 00 00 00 33 12 60 00 06 57 41 02 F7
[DEBUG] F0 41 00 00 00 00 33 12 60 00 06 57 40 03 F7
[DEBUG] F0 41 00 00 00 00 33 12 60 00 00 12 25 69 F7
[DEBUG] F0 41 00 00 00 00 33 12 60 00 06 57 3F 04 F7
[DEBUG] F0 41 00 00 00 00 33 12 60 00 06 57 3E 05 F7
[DEBUG] F0 41 00 00 00 00 33 12 60 00 00 12 24 6A F7
[DEBUG] F0 41 00 00 00 00 33 12 60 00 06 57 3D 06 F7
[DEBUG] F0 41 00 00 00 00 33 12 60 00 00 12 23 6B F7
[DEBUG] F0 41 00 00 00 00 33 12 60 00 06 57 3C 07 F7
[DEBUG] F0 41 00 00 00 00 33 12 60 00 06 57 3B 08 F7
[DEBUG] F0 41 00 00 00 00 33 12 60 00 00 12 22 6C F7
[DEBUG] F0 41 00 00 00 00 33 12 60 00 06 57 3A 09 F7
[DEBUG] F0 41 00 00 00 00 33 12 60 00 06 57 39 0A F7
[DEBUG] F0 41 00 00 00 00 33 12 60 00 00 12 20 6E F7
[DEBUG] F0 41 00 00 00 00 33 12 60 00 06 57 37 0C F7
[DEBUG] F0 41 00 00 00 00 33 12 60 00 06 57 36 0D F7
[DEBUG] F0 41 00 00 00 00 33 12 60 00 00 12 1F 6F F7
[DEBUG] F0 41 00 00 00 00 33 12 60 00 06 57 33 10 F7
[DEBUG] F0 41 00 00 00 00 33 12 60 00 00 12 1D 71 F7
[DEBUG] F0 41 00 00 00 00 33 12 60 00 00 17 33 56 F7
[DEBUG] F0 41 00 00 00 00 33 12 60 00 06 57 2D 16 F7
[DEBUG] F0 41 00 00 00 00 33 12 60 00 00 12 1A 74 F7
[DEBUG] F0 41 00 00 00 00 33 12 60 00 00 17 35 54 F7
[DEBUG] F0 41 00 00 00 00 33 12 60 00 06 57 28 1B F7
[DEBUG] F0 41 00 00 00 00 33 12 60 00 00 12 16 78 F7
[DEBUG] F0 41 00 00 00 00 33 12 60 00 00 17 37 52 F7
[DEBUG] F0 41 00 00 00 00 33 12 60 00 06 57 23 20 F7
[DEBUG] F0 41 00 00 00 00 33 12 60 00 00 12 14 7A F7
[DEBUG] F0 41 00 00 00 00 33 12 60 00 06 57 20 23 F7
[DEBUG] F0 41 00 00 00 00 33 12 60 00 00 12 12 7C F7
[DEBUG] F0 41 00 00 00 00 33 12 60 00 00 17 38 51 F7
[DEBUG] F0 41 00 00 00 00 33 12 60 00 06 57 1D 26 F7
[DEBUG] F0 41 00 00 00 00 33 12 60 00 00 12 10 7E F7
[DEBUG] F0 41 00 00 00 00 33 12 60 00 00 17 39 50 F7
[DEBUG] F0 41 00 00 00 00 33 12 60 00 06 57 1A 29 F7
[DEBUG] F0 41 00 00 00 00 33 12 60 00 00 17 3A 4F F7
[DEBUG] F0 41 00 00 00 00 33 12 60 00 00 12 0E 00 F7
[DEBUG] F0 41 00 00 00 00 33 12 60 00 06 57 18 2B F7
[DEBUG] F0 41 00 00 00 00 33 12 60 00 00 12 0D 01 F7
[DEBUG] F0 41 00 00 00 00 33 12 60 00 06 57 17 2C F7
[DEBUG] F0 41 00 00 00 00 33 12 60 00 00 17 3B 4E F7
[DEBUG] F0 41 00 00 00 00 33 12 60 00 06 57 16 2D F7
[DEBUG] F0 41 00 00 00 00 33 12 60 00 00 12 0C 02 F7
[DEBUG] F0 41 00 00 00 00 33 12 60 00 06 57 15 2E F7
[DEBUG] F0 41 00 00 00 00 33 12 60 00 00 17 3C 4D F7
[DEBUG] F0 41 00 00 00 00 33 12 60 00 00 12 0A 04 F7
[DEBUG] F0 41 00 00 00 00 33 12 60 00 06 57 12 31 F7
[DEBUG] F0 41 00 00 00 00 33 12 60 00 06 57 11 32 F7
[DEBUG] F0 41 00 00 00 00 33 12 60 00 00 17 3D 4C F7
[DEBUG] F0 41 00 00 00 00 33 12 60 00 00 12 08 06 F7
[DEBUG] F0 41 00 00 00 00 33 12 60 00 06 57 0D 36 F7
[DEBUG] F0 41 00 00 00 00 33 12 60 00 00 12 07 07 F7
[DEBUG] F0 41 00 00 00 00 33 12 60 00 00 17 3E 4B F7
[DEBUG] F0 41 00 00 00 00 33 12 60 00 06 57 0A 39 F7
[DEBUG] F0 41 00 00 00 00 33 12 60 00 00 12 05 09 F7
[DEBUG] F0 41 00 00 00 00 33 12 60 00 00 17 3F 4A F7
[DEBUG] F0 41 00 00 00 00 33 12 60 00 06 57 07 3C F7
[DEBUG] F0 41 00 00 00 00 33 12 60 00 00 12 03 0B F7
[DEBUG] F0 41 00 00 00 00 33 12 60 00 00 17 40 49 F7
[DEBUG] F0 41 00 00 00 00 33 12 60 00 06 57 03 40 F7
[DEBUG] F0 41 00 00 00 00 33 12 60 00 00 12 01 0D F7
[DEBUG] F0 41 00 00 00 00 33 12 60 00 00 17 41 48 F7
[DEBUG] F0 41 00 00 00 00 33 12 60 00 00 12 00 0E F7
[DEBUG] F0 41 00 00 00 00 33 12 60 00 06 57 00 43 F7
[DEBUG] F0 41 00 00 00 00 33 12 60 00 00 10 00 10 F7
[DEBUG] F0 41 00 00 00 00 33 12 60 00 06 5D 00 3D F7
[INFO] BOOSTER yellow from OFF to ON back to OFF
