[DEBUG] SEND: F0 7E 00 06 01 F7
[DEBUG] F0 7E 00 06 02 41 33 03 00 00 06 00 00 00 F7
[DEBUG] SEND: F0 41 00 00 00 00 33 11 10 00 00 00 00 00 00 10 60 F7
[DEBUG] F0 41 00 00 00 00 33 12 10 00 00 00 4B 41 54 41 4E 41 20 4D 6B 32 20 20 20 20 20 20 76 F7
[DEBUG] SEND: F0 41 00 00 00 00 33 11 10 01 00 00 00 00 00 10 5F F7
[DEBUG] F0 41 00 00 00 00 33 12 10 01 00 00 43 6C 65 61 6E 20 72 65 76 65 72 62 20 20 20 20 66 F7
[DEBUG] SEND: F0 41 00 00 00 00 33 11 10 02 00 00 00 00 00 10 5E F7
[DEBUG] F0 41 00 00 00 00 33 12 10 02 00 00 44 6A 61 6E 67 6F 20 61 63 63 6F 6D 70 20 20 20 28 F7
[DEBUG] SEND: F0 41 00 00 00 00 33 11 10 03 00 00 00 00 00 10 5D F7
[DEBUG] F0 41 00 00 00 00 33 12 10 03 00 00 47 6F 6F 64 20 63 68 6F 72 75 73 20 73 6C 61 6D 63 F7
[DEBUG] SEND: F0 41 00 00 00 00 33 11 10 04 00 00 00 00 00 10 5C F7
[DEBUG] F0 41 00 00 00 00 33 12 10 04 00 00 50 75 72 70 6C 65 20 52 61 69 6E 20 20 20 20 20 2A F7
[DEBUG] SEND: F0 41 00 00 00 00 33 11 10 05 00 00 00 00 00 10 5B F7
[DEBUG] F0 41 00 00 00 00 33 12 10 05 00 00 50 69 6E 6B 20 46 6C 6F 79 64 20 43 6C 65 61 6E 38 F7
[DEBUG] SEND: F0 41 00 00 00 00 33 11 10 06 00 00 00 00 00 10 5A F7
[DEBUG] F0 41 00 00 00 00 33 12 10 06 00 00 4D 6F 64 65 72 6E 20 4C 65 61 64 20 20 20 20 20 4F F7
[DEBUG] SEND: F0 41 00 00 00 00 33 11 10 07 00 00 00 00 00 10 59 F7
[DEBUG] F0 41 00 00 00 00 33 12 10 07 00 00 4B 61 74 61 6E 61 20 43 6C 65 61 6E 20 20 20 20 16 F7
[DEBUG] SEND: F0 41 00 00 00 00 33 11 10 08 00 00 00 00 00 10 58 F7
[DEBUG] F0 41 00 00 00 00 33 12 10 08 00 00 4D 6F 64 65 72 6E 20 50 6F 77 65 72 20 20 20 20 56 F7
[DEBUG] SEND: F0 41 00 00 00 00 33 11 60 00 00 00 00 00 0F 48 49 F7
[DEBUG] F0 41 00 00 00 00 33 12 60 00 00 00 4D 6F 64 65 72 6E 20 4C 65 61 64 20 20 20 20 20 01 02 31 3C 32 00 32 28 00 00 32 32 32 32 32 00 01 18 52 0A 48 50 41 4D 28 00 01 00 32 00 01 01 05 64 00 00 32 32 05 05 32 32 32 07 0A 0A 02 00 00 00 00 14 0E 01 14 17 01 14 14 0E 14 18 18 18 18 18 18 18 18 18 18 18 00 00 00 00 00 00 00 00 00 00 00 14 0E 01 14 17 01 14 14 0E 14 18 18 18 18 18 18 18 18 18 18 18 00 00 00 00 00 00 00 00 00 03 01 01 32 23 23 00 32 01 23 32 32 3C 00 32 00 64 00 64 64 00 00 32 32 32 32 00 00 1E 0B 0A 1E 14 14 14 14 14 14 14 14 14 14 14 00 14 0D 01 14 17 01 14 14 0E 14 00 32 32 32 32 2D 32 3C 00 28 1E 28 32 32 19 00 00 3E 64 00 01 18 3C 00 00 46 01 18 28 00 00 46 00 64 01 0C 00 00 46 07 00 00 50 00 64 18 18 18 18 18 18 18 18 18 18 18 18 18 31 F7
[DEBUG] F0 41 00 00 00 00 33 12 60 00 01 71 18 18 18 18 18 18 18 18 18 18 18 01 32 32 10 32 32 32 00 46 28 37 00 00 64 00 1F 28 52 32 00 00 3C 00 46 55 41 32 01 1E 55 00 00 3C 32 46 3C 64 00 32 32 32 00 50 2D 01 00 32 00 32 64 64 01 00 02 32 50 64 32 64 04 2B 2E 03 4B 21 30 03 41 50 32 32 32 32 32 01 32 2D 32 30 41 64 00 64 64 00 00 32 32 03 10 32 64 32 00 64 00 64 00 00 00 00 00 00 00 00 00 00 00 00 00 00 00 00 00 00 00 00 00 00 00 00 00 00 00 00 00 00 00 00 00 00 00 00 24 01 01 32 23 23 00 32 01 23 32 32 3C 00 32 00 64 00 64 64 00 00 32 32 32 32 00 00 1E 0B 0A 1E 14 14 14 14 14 14 14 14 14 14 14 00 14 0D 01 14 17 01 14 14 0E 14 00 32 32 32 32 2D 32 3C 00 28 1E 28 32 32 19 00 00 3E 64 00 01 18 3C 00 00 46 01 18 28 00 00 46 00 64 01 0C 00 00 46 07 00 00 50 17 F7
[DEBUG] F0 41 00 00 00 00 33 12 60 00 03 62 00 64 18 18 18 18 18 18 18 18 18 18 18 18 18 18 18 18 18 18 18 18 18 18 18 18 01 32 32 10 32 32 32 00 46 28 37 00 00 64 00 1F 28 52 32 00 00 3C 00 46 55 41 32 01 1E 55 00 00 3C 32 46 3C 64 00 32 32 32 00 50 2D 01 00 32 00 32 64 64 01 00 02 32 50 64 32 64 04 2B 2E 03 4B 21 30 03 41 50 32 32 32 32 32 01 0A 2D 32 32 50 64 00 64 64 00 00 32 32 03 10 32 64 32 00 64 00 64 00 00 00 00 00 00 00 00 00 00 00 00 00 00 00 00 00 00 00 00 00 00 00 00 00 00 00 00 00 00 00 00 00 00 00 01 0A 05 4D 20 0C 2B 64 32 00 64 16 0A 32 03 10 16 0A 32 28 37 01 00 00 00 00 00 00 00 00 00 00 00 08 03 10 1D 0A 41 64 32 00 64 16 0A 32 03 10 16 0A 32 28 37 01 00 00 00 00 00 00 00 00 00 00 01 04 1D 00 0A 0E 08 05 1A 64 05 64 00 00 00 00 00 00 00 37 F7
[DEBUG] F0 41 00 00 00 00 33 12 60 00 05 53 64 00 64 64 00 24 32 64 00 64 00 64 64 00 64 01 00 32 32 00 05 32 00 00 00 00 00 00 00 64 00 00 00 00 00 00 00 00 00 00 00 00 00 00 00 11 0B 0F 05 04 02 0D 0C 00 01 06 07 08 09 12 03 0A 13 0E 10 00 32 00 00 07 01 32 00 00 00 00 00 01 00 00 00 01 00 02 26 03 04 23 24 0F 0A 00 09 04 04 03 08 0A 0A 02 02 02 02 01 01 00 00 02 00 02 00 04 01 00 00 00 00 00 00 00 00 00 00 00 00 03 4E 28 48 50 41 4D 1B 00 00 1B 0E 00 03 00 00 01 01 00 00 00 00 00 00 00 00 00 00 00 00 00 00 00 00 00 00 00 00 00 00 00 00 00 00 00 00 00 00 00 00 00 00 00 00 00 00 00 00 00 00 00 00 00 00 00 00 00 00 00 00 00 00 00 00 00 00 00 00 00 00 00 00 00 00 00 00 00 00 00 00 00 00 00 00 00 00 00 00 00 00 00 00 00 00 00 00 00 00 00 00 00 00 00 00 00 00 6C F7
[DEBUG] F0 41 00 00 00 00 33 12 60 00 08 00 00 00 00 00 00 00 00 00 00 00 00 00 00 00 00 00 00 00 00 00 00 00 00 00 00 00 00 00 00 00 00 00 00 00 00 00 00 00 00 00 00 00 00 00 00 00 00 00 00 64 00 00 00 64 00 00 00 64 00 64 00 64 00 64 00 64 00 64 00 64 00 64 00 64 00 64 00 64 00 64 00 64 00 64 00 64 00 64 00 64 00 64 00 64 00 64 00 64 00 64 00 64 00 00 00 64 00 00 00 64 00 64 00 64 00 64 00 64 00 00 00 64 00 64 00 00 00 00 00 00 00 00 00 00 00 00 00 00 00 00 00 00 00 00 00 00 00 00 00 00 00 00 00 00 00 00 00 00 00 00 00 00 00 00 00 00 00 00 00 00 00 00 00 00 00 00 00 64 00 00 00 64 00 00 00 64 00 64 00 64 00 64 00 64 00 64 00 64 00 64 00 64 00 64 00 64 00 64 00 64 00 64 00 64 00 64 00 64 00 64 00 64 00 64 00 64 00 64 00 64 00 00 00 64 00 00 00 64 00 64 00 44 F7
[DEBUG] F0 41 00 00 00 00 33 12 60 00 09 71 64 00 64 00 64 00 00 00 64 00 64 00 00 00 00 00 00 00 00 00 00 00 00 00 00 00 00 00 00 00 00 00 00 00 00 00 00 00 00 00 00 00 00 00 00 00 00 00 00 00 00 00 00 00 00 00 00 00 00 00 00 00 00 00 64 00 00 00 64 00 00 00 64 00 64 00 64 00 64 00 64 00 64 00 64 00 64 00 64 00 64 00 64 00 64 00 64 00 64 00 64 00 64 00 64 00 64 00 64 00 64 00 64 00 64 00 64 00 00 00 64 00 00 00 64 00 64 00 64 00 64 00 64 00 00 00 64 00 64 4E F7
[DEBUG] SEND: F0 41 00 00 00 00 33 11 60 00 00 10 01 0F F7
[DEBUG] SEND: F0 41 00 00 00 00 33 12 7F 00 00 01 01 7F F7
[DEBUG] SEND: F0 41 00 00 00 00 33 11 60 00 00 10 01 0F F7
[DEBUG] SEND: F0 41 00 00 00 00 33 12 7F 00 00 01 00 00 F7
[DEBUG] SEND: F0 41 00 00 00 00 33 11 60 00 00 10 01 0F F7
[DEBUG] SEND: F0 41 00 00 00 00 33 12 7F 00 00 01 01 7F F7
[DEBUG] SEND: F0 41 00 00 00 00 33 11 60 00 00 10 01 0F F7
[DEBUG] SEND: F0 41 00 00 00 00 33 12 60 00 00 10 00 10 F7
[DEBUG] F0 41 00 00 00 00 33 12 60 00 06 57 00 43 F7
[DEBUG] F0 41 00 00 00 00 33 12 60 00 06 5D 00 3D F7
[DEBUG] SEND: F0 41 00 00 00 00 33 11 60 00 00 10 01 0F F7
[DEBUG] SEND: F0 41 00 00 00 00 33 11 60 00 00 28 01 77 F7
[DEBUG] SEND: F0 41 00 00 00 00 33 12 60 00 00 10 01 0F F7
[DEBUG] F0 41 00 00 00 00 33 12 60 00 06 57 1B 28 F7
[DEBUG] F0 41 00 00 00 00 33 12 60 00 06 5D 03 3A F7
[DEBUG] SEND: F0 41 00 00 00 00 33 11 60 00 00 10 02 0E F7
[DEBUG] SEND: F0 41 00 00 00 00 33 11 60 00 00 10 03 0D F7
[DEBUG] SEND: F0 41 00 00 00 00 33 11 60 00 00 10 04 0C F7
[DEBUG] SEND: F0 41 00 00 00 00 33 11 60 00 00 10 05 0B F7
[DEBUG] SEND: F0 41 00 00 00 00 33 11 60 00 00 10 06 0A F7
[DEBUG] SEND: F0 41 00 00 00 00 33 11 60 00 00 10 08 08 F7
[DEBUG] SEND: F0 41 00 00 00 00 33 11 60 00 00 10 10 00 F7
[DEBUG] SEND: F0 41 00 00 00 00 33 11 60 00 00 10 00 10 F7
[DEBUG] SEND: F0 41 00 00 00 00 33 11 60 00 06 50 00 4A F7
[DEBUG] SEND: F0 41 00 00 00 00 33 11 60 00 06 50 01 49 F7
[DEBUG] SEND: F0 41 00 00 00 00 33 11 60 00 00 21 01 7E F7
