[DEBUG] F0 7E 00 06 02 41 33 03 00 00 06 00 00 00 F7
[DEBUG] F0 41 00 00 00 00 33 12 10 00 00 00 4B 41 54 41 4E 41 20 4D 6B 32 20 20 20 20 20 20 76 F7
[DEBUG] F0 41 00 00 00 00 33 12 10 01 00 00 43 6C 65 61 6E 20 72 65 76 65 72 62 20 20 20 20 66 F7
[DEBUG] F0 41 00 00 00 00 33 12 10 02 00 00 44 6A 61 6E 67 6F 20 61 63 63 6F 6D 70 20 20 20 28 F7
[DEBUG] F0 41 00 00 00 00 33 12 10 03 00 00 47 6F 6F 64 20 63 68 6F 72 75 73 20 73 6C 61 6D 63 F7
[DEBUG] F0 41 00 00 00 00 33 12 10 04 00 00 50 75 72 70 6C 65 20 52 61 69 6E 20 20 20 20 20 2A F7
[DEBUG] F0 41 00 00 00 00 33 12 10 05 00 00 50 69 6E 6B 20 46 6C 6F 79 64 20 43 6C 65 61 6E 38 F7
[DEBUG] F0 41 00 00 00 00 33 12 10 06 00 00 4D 6F 64 65 72 6E 20 4C 65 61 64 20 20 20 20 20 4F F7
[DEBUG] F0 41 00 00 00 00 33 12 10 07 00 00 4B 61 74 61 6E 61 20 43 6C 65 61 6E 20 20 20 20 16 F7
[DEBUG] F0 41 00 00 00 00 33 12 10 08 00 00 4D 6F 64 65 72 6E 20 50 6F 77 65 72 20 20 20 20 56 F7
[DEBUG] F0 41 00 00 00 00 33 12 60 00 00 22 3A 44 F7
[DEBUG] F0 41 00 00 00 00 33 12 60 00 06 51 2F 1A F7
[DEBUG] F0 41 00 00 00 00 33 12 60 00 00 22 39 45 F7
[DEBUG] F0 41 00 00 00 00 33 12 60 00 06 51 2E 1B F7
[DEBUG] F0 41 00 00 00 00 33 12 60 00 00 22 3A 44 F7
[DEBUG] F0 41 00 00 00 00 33 12 60 00 06 51 2F 1A F7
[DEBUG] F0 41 00 00 00 00 33 12 60 00 06 51 30 19 F7
[DEBUG] F0 41 00 00 00 00 33 12 60 00 00 22 3B 43 F7
[DEBUG] F0 41 00 00 00 00 33 12 60 00 06 51 31 18 F7
[DEBUG] F0 41 00 00 00 00 33 12 60 00 00 22 3C 42 F7
[DEBUG] F0 41 00 00 00 00 33 12 60 00 06 51 32 17 F7
[DEBUG] F0 41 00 00 00 00 33 12 60 00 00 22 3D 41 F7
[DEBUG] F0 41 00 00 00 00 33 12 60 00 06 51 33 16 F7
[DEBUG] F0 41 00 00 00 00 33 12 60 00 00 22 3E 40 F7
[DEBUG] F0 41 00 00 00 00 33 12 60 00 06 51 34 15 F7
[DEBUG] F0 41 00 00 00 00 33 12 60 00 06 51 35 14 F7
[INFO] Master Gain Level
[DEBUG] F0 41 00 00 00 00 33 12 60 00 00 28 3F 39 F7
[DEBUG] F0 41 00 00 00 00 33 12 60 00 06 52 3F 09 F7
[DEBUG] F0 41 00 00 00 00 33 12 60 00 00 28 3E 3A F7
[DEBUG] F0 41 00 00 00 00 33 12 60 00 06 52 3D 0B F7
[DEBUG] F0 41 00 00 00 00 33 12 60 00 00 28 3D 3B F7
[DEBUG] F0 41 00 00 00 00 33 12 60 00 00 28 3C 3C F7
[DEBUG] F0 41 00 00 00 00 33 12 60 00 06 52 3C 0C F7
[DEBUG] F0 41 00 00 00 00 33 12 60 00 00 28 3B 3D F7
[DEBUG] F0 41 00 00 00 00 33 12 60 00 06 52 3B 0D F7
[DEBUG] F0 41 00 00 00 00 33 12 60 00 00 28 39 3F F7
[DEBUG] F0 41 00 00 00 00 33 12 60 00 06 52 39 0F F7
[DEBUG] F0 41 00 00 00 00 33 12 60 00 00 28 37 41 F7
[DEBUG] F0 41 00 00 00 00 33 12 60 00 06 52 37 11 F7
[DEBUG] F0 41 00 00 00 00 33 12 60 00 00 28 36 42 F7
[DEBUG] F0 41 00 00 00 00 33 12 60 00 06 52 36 12 F7
[DEBUG] F0 41 00 00 00 00 33 12 60 00 00 28 35 43 F7
[DEBUG] F0 41 00 00 00 00 33 12 60 00 06 52 35 13 F7
[DEBUG] F0 41 00 00 00 00 33 12 60 00 00 28 34 44 F7
[DEBUG] F0 41 00 00 00 00 33 12 60 00 06 52 33 15 F7
[DEBUG] F0 41 00 00 00 00 33 12 60 00 00 28 33 45 F7
[DEBUG] F0 41 00 00 00 00 33 12 60 00 00 28 32 46 F7
[DEBUG] F0 41 00 00 00 00 33 12 60 00 06 52 32 16 F7
[DEBUG] F0 41 00 00 00 00 33 12 60 00 00 28 33 45 F7
[DEBUG] F0 41 00 00 00 00 33 12 60 00 06 52 33 15 F7
[INFO] Master Volume Level
[DEBUG] F0 41 00 00 00 00 33 12 60 00 06 5C 01 3D F7
[DEBUG] F0 41 00 00 00 00 33 12 60 00 00 21 1D 62 F7
[INFO] Variation Amp ON
[DEBUG] F0 41 00 00 00 00 33 12 60 00 06 5C 00 3E F7
[DEBUG] F0 41 00 00 00 00 33 12 60 00 00 21 08 77 F7
[INFO] Variation Amp OFF
[DEBUG] F0 41 00 00 00 00 33 12 60 00 00 24 2B 51 F7
[DEBUG] F0 41 00 00 00 00 33 12 60 00 06 53 2B 1C F7
[DEBUG] F0 41 00 00 00 00 33 12 60 00 00 24 2C 50 F7
[DEBUG] F0 41 00 00 00 00 33 12 60 00 06 53 2C 1B F7
[DEBUG] F0 41 00 00 00 00 33 12 60 00 00 24 2D 4F F7
[DEBUG] F0 41 00 00 00 00 33 12 60 00 06 53 2D 1A F7
[DEBUG] F0 41 00 00 00 00 33 12 60 00 00 24 2E 4E F7
[DEBUG] F0 41 00 00 00 00 33 12 60 00 06 53 2E 19 F7
[DEBUG] F0 41 00 00 00 00 33 12 60 00 00 24 2F 4D F7
[DEBUG] F0 41 00 00 00 00 33 12 60 00 06 53 2F 18 F7
[DEBUG] F0 41 00 00 00 00 33 12 60 00 00 24 30 4C F7
[DEBUG] F0 41 00 00 00 00 33 12 60 00 06 53 30 17 F7
[DEBUG] F0 41 00 00 00 00 33 12 60 00 00 24 31 4B F7
[DEBUG] F0 41 00 00 00 00 33 12 60 00 06 53 31 16 F7
[INFO] EQ Bass Level
[DEBUG] F0 41 00 00 00 00 33 12 60 00 00 25 2F 4C F7
[DEBUG] F0 41 00 00 00 00 33 12 60 00 06 54 2F 17 F7
[DEBUG] F0 41 00 00 00 00 33 12 60 00 00 25 2E 4D F7
[DEBUG] F0 41 00 00 00 00 33 12 60 00 06 54 2E 18 F7
[DEBUG] F0 41 00 00 00 00 33 12 60 00 00 25 2D 4E F7
[DEBUG] F0 41 00 00 00 00 33 12 60 00 06 54 2B 1B F7
[DEBUG] F0 41 00 00 00 00 33 12 60 00 00 25 2B 50 F7
[DEBUG] F0 41 00 00 00 00 33 12 60 00 00 25 2A 51 F7
[DEBUG] F0 41 00 00 00 00 33 12 60 00 06 54 29 1D F7
[DEBUG] F0 41 00 00 00 00 33 12 60 00 00 25 29 52 F7
[DEBUG] F0 41 00 00 00 00 33 12 60 00 00 25 28 53 F7
[DEBUG] F0 41 00 00 00 00 33 12 60 00 06 54 28 1E F7
[DEBUG] F0 41 00 00 00 00 33 12 60 00 00 25 29 52 F7
[DEBUG] F0 41 00 00 00 00 33 12 60 00 06 54 29 1D F7
[DEBUG] F0 41 00 00 00 00 33 12 60 00 00 25 2B 50 F7
[DEBUG] F0 41 00 00 00 00 33 12 60 00 06 54 2B 1B F7
[DEBUG] F0 41 00 00 00 00 33 12 60 00 00 25 2C 4F F7
[DEBUG] F0 41 00 00 00 00 33 12 60 00 06 54 2C 1A F7
[DEBUG] F0 41 00 00 00 00 33 12 60 00 00 25 2D 4E F7
[DEBUG] F0 41 00 00 00 00 33 12 60 00 06 54 2D 19 F7
[DEBUG] F0 41 00 00 00 00 33 12 60 00 00 25 2E 4D F7
[DEBUG] F0 41 00 00 00 00 33 12 60 00 06 54 2E 18 F7
[INFO] EQ Middle Level
[DEBUG] F0 41 00 00 00 00 33 12 60 00 00 26 31 49 F7
[DEBUG] F0 41 00 00 00 00 33 12 60 00 06 55 31 14 F7
[DEBUG] F0 41 00 00 00 00 33 12 60 00 00 26 32 48 F7
[DEBUG] F0 41 00 00 00 00 33 12 60 00 06 55 32 13 F7
[DEBUG] F0 41 00 00 00 00 33 12 60 00 00 26 33 47 F7
[DEBUG] F0 41 00 00 00 00 33 12 60 00 06 55 33 12 F7
[DEBUG] F0 41 00 00 00 00 33 12 60 00 00 26 34 46 F7
[DEBUG] F0 41 00 00 00 00 33 12 60 00 06 55 34 11 F7
[DEBUG] F0 41 00 00 00 00 33 12 60 00 00 26 33 47 F7
[DEBUG] F0 41 00 00 00 00 33 12 60 00 06 55 33 12 F7
[INFO] EQ Treble Level
[DEBUG] F0 41 00 00 00 00 33 12 60 00 02 38 14 52 F7
[DEBUG] F0 41 00 00 00 00 33 12 60 00 02 3C 0A 58 F7
[DEBUG] F0 41 00 00 00 00 33 12 60 00 06 58 01 41 F7
[DEBUG] F0 41 00 00 00 00 33 12 60 00 02 38 15 51 F7
[DEBUG] F0 41 00 00 00 00 33 12 60 00 02 3C 0B 57 F7
[DEBUG] F0 41 00 00 00 00 33 12 60 00 06 58 02 40 F7
[DEBUG] F0 41 00 00 00 00 33 12 60 00 06 58 03 3F F7
[DEBUG] F0 41 00 00 00 00 33 12 60 00 02 38 16 50 F7
[DEBUG] F0 41 00 00 00 00 33 12 60 00 02 3C 0C 56 F7
[DEBUG] F0 41 00 00 00 00 33 12 60 00 06 58 04 3E F7
[DEBUG] F0 41 00 00 00 00 33 12 60 00 06 58 05 3D F7
[DEBUG] F0 41 00 00 00 00 33 12 60 00 02 38 17 4F F7
[DEBUG] F0 41 00 00 00 00 33 12 60 00 02 3C 0D 55 F7
[DEBUG] F0 41 00 00 00 00 33 12 60 00 06 58 07 3B F7
[DEBUG] F0 41 00 00 00 00 33 12 60 00 02 38 18 4E F7
[DEBUG] F0 41 00 00 00 00 33 12 60 00 02 3C 0E 54 F7
[DEBUG] F0 41 00 00 00 00 33 12 60 00 06 58 08 3A F7
[DEBUG] F0 41 00 00 00 00 33 12 60 00 02 38 19 4D F7
[DEBUG] F0 41 00 00 00 00 33 12 60 00 02 3C 10 52 F7
[DEBUG] F0 41 00 00 00 00 33 12 60 00 06 58 0B 37 F7
[DEBUG] F0 41 00 00 00 00 33 12 60 00 02 38 1B 4B F7
[DEBUG] F0 41 00 00 00 00 33 12 60 00 02 3C 11 51 F7
[DEBUG] F0 41 00 00 00 00 33 12 60 00 06 58 0E 34 F7
[DEBUG] F0 41 00 00 00 00 33 12 60 00 02 38 1C 4A F7
[DEBUG] F0 41 00 00 00 00 33 12 60 00 02 3C 12 50 F7
[DEBUG] F0 41 00 00 00 00 33 12 60 00 06 58 0F 33 F7
[DEBUG] F0 41 00 00 00 00 33 12 60 00 02 38 1D 49 F7
[DEBUG] F0 41 00 00 00 00 33 12 60 00 02 3C 13 4F F7
[DEBUG] F0 41 00 00 00 00 33 12 60 00 06 58 10 32 F7
[DEBUG] F0 41 00 00 00 00 33 12 60 00 02 38 1E 48 F7
[DEBUG] F0 41 00 00 00 00 33 12 60 00 02 3C 14 4E F7
[DEBUG] F0 41 00 00 00 00 33 12 60 00 06 58 11 31 F7
[DEBUG] F0 41 00 00 00 00 33 12 60 00 06 58 12 30 F7
[DEBUG] F0 41 00 00 00 00 33 12 60 00 02 38 1F 47 F7
[DEBUG] F0 41 00 00 00 00 33 12 60 00 02 3C 15 4D F7
[DEBUG] F0 41 00 00 00 00 33 12 60 00 06 58 13 2F F7
[DEBUG] F0 41 00 00 00 00 33 12 60 00 06 58 14 2E F7
[INFO] MOD Level
[DEBUG] F0 41 00 00 00 00 33 12 60 00 00 17 36 53 F7
[DEBUG] F0 41 00 00 00 00 33 12 60 00 00 12 2B 63 F7
[DEBUG] F0 41 00 00 00 00 33 12 60 00 00 10 01 0F F7
[DEBUG] F0 41 00 00 00 00 33 12 60 00 06 57 3F 04 F7
[DEBUG] F0 41 00 00 00 00 33 12 60 00 06 5D 01 3C F7
[DEBUG] F0 41 00 00 00 00 33 12 60 00 00 17 35 54 F7
[DEBUG] F0 41 00 00 00 00 33 12 60 00 00 12 2C 62 F7
[DEBUG] F0 41 00 00 00 00 33 12 60 00 06 57 40 03 F7
[DEBUG] F0 41 00 00 00 00 33 12 60 00 00 12 2D 61 F7
[DEBUG] F0 41 00 00 00 00 33 12 60 00 06 57 41 02 F7
[DEBUG] F0 41 00 00 00 00 33 12 60 00 00 17 34 55 F7
[DEBUG] F0 41 00 00 00 00 33 12 60 00 00 12 2E 60 F7
[DEBUG] F0 41 00 00 00 00 33 12 60 00 06 57 42 01 F7
[DEBUG] F0 41 00 00 00 00 33 12 60 00 06 57 43 00 F7
[DEBUG] F0 41 00 00 00 00 33 12 60 00 00 12 2F 5F F7
[DEBUG] F0 41 00 00 00 00 33 12 60 00 06 57 44 7F F7
[DEBUG] F0 41 00 00 00 00 33 12 60 00 00 12 2E 60 F7
[DEBUG] F0 41 00 00 00 00 33 12 60 00 06 57 43 00 F7
[DEBUG] F0 41 00 00 00 00 33 12 60 00 06 57 42 01 F7
[DEBUG] F0 41 00 00 00 00 33 12 60 00 00 17 35 54 F7
[DEBUG] F0 41 00 00 00 00 33 12 60 00 00 12 2C 62 F7
[DEBUG] F0 41 00 00 00 00 33 12 60 00 06 57 40 03 F7
[DEBUG] F0 41 00 00 00 00 33 12 60 00 00 12 2B 63 F7
[DEBUG] F0 41 00 00 00 00 33 12 60 00 06 57 3D 06 F7
[DEBUG] F0 41 00 00 00 00 33 12 60 00 00 17 36 53 F7
[DEBUG] F0 41 00 00 00 00 33 12 60 00 00 12 2A 64 F7
[DEBUG] F0 41 00 00 00 00 33 12 60 00 00 17 37 52 F7
[DEBUG] F0 41 00 00 00 00 33 12 60 00 00 12 29 65 F7
[DEBUG] F0 41 00 00 00 00 33 12 60 00 06 57 3A 09 F7
[DEBUG] F0 41 00 00 00 00 33 12 60 00 00 12 27 67 F7
[DEBUG] F0 41 00 00 00 00 33 12 60 00 06 57 39 0A F7
[DEBUG] F0 41 00 00 00 00 33 12 60 00 00 17 38 51 F7
[DEBUG] F0 41 00 00 00 00 33 12 60 00 06 57 38 0B F7
[DEBUG] F0 41 00 00 00 00 33 12 60 00 00 12 26 68 F7
[DEBUG] F0 41 00 00 00 00 33 12 60 00 06 57 36 0D F7
[DEBUG] F0 41 00 00 00 00 33 12 60 00 00 12 25 69 F7
[DEBUG] F0 41 00 00 00 00 33 12 60 00 00 17 39 50 F7
[DEBUG] F0 41 00 00 00 00 33 12 60 00 00 12 24 6A F7
[DEBUG] F0 41 00 00 00 00 33 12 60 00 06 57 34 0F F7
[DEBUG] F0 41 00 00 00 00 33 12 60 00 00 17 3A 4F F7
[DEBUG] F0 41 00 00 00 00 33 12 60 00 00 12 22 6C F7
[DEBUG] F0 41 00 00 00 00 33 12 60 00 06 57 31 12 F7
[DEBUG] F0 41 00 00 00 00 33 12 60 00 00 17 3B 4E F7
[DEBUG] F0 41 00 00 00 00 33 12 60 00 00 12 20 6E F7
[DEBUG] F0 41 00 00 00 00 33 12 60 00 06 57 2E 15 F7
[DEBUG] F0 41 00 00 00 00 33 12 60 00 00 17 3C 4D F7
[DEBUG] F0 41 00 00 00 00 33 12 60 00 00 12 1F 6F F7
[DEBUG] F0 41 00 00 00 00 33 12 60 00 06 57 2C 17 F7
[DEBUG] F0 41 00 00 00 00 33 12 60 00 00 12 1D 71 F7
[DEBUG] F0 41 00 00 00 00 33 12 60 00 00 17 3D 4C F7
[DEBUG] F0 41 00 00 00 00 33 12 60 00 06 57 29 1A F7
[DEBUG] F0 41 00 00 00 00 33 12 60 00 00 12 1B 73 F7
[DEBUG] F0 41 00 00 00 00 33 12 60 00 06 57 28 1B F7
[DEBUG] F0 41 00 00 00 00 33 12 60 00 00 17 3E 4B F7
[DEBUG] F0 41 00 00 00 00 33 12 60 00 06 57 26 1D F7
[DEBUG] F0 41 00 00 00 00 33 12 60 00 00 12 1A 74 F7
[DEBUG] F0 41 00 00 00 00 33 12 60 00 00 12 19 75 F7
[DEBUG] F0 41 00 00 00 00 33 12 60 00 06 57 25 1E F7
[DEBUG] F0 41 00 00 00 00 33 12 60 00 00 17 3F 4A F7
[DEBUG] F0 41 00 00 00 00 33 12 60 00 06 57 24 1F F7
[DEBUG] F0 41 00 00 00 00 33 12 60 00 00 17 3E 4B F7
[DEBUG] F0 41 00 00 00 00 33 12 60 00 06 57 25 1E F7
[DEBUG] F0 41 00 00 00 00 33 12 60 00 00 12 1A 74 F7
[DEBUG] F0 41 00 00 00 00 33 12 60 00 06 57 26 1D F7
[INFO] BOOSTER Level
[DEBUG] F0 41 00 00 00 00 33 12 60 00 05 04 23 74 F7
[DEBUG] F0 41 00 00 00 00 33 12 60 00 05 06 00 15 F7
[DEBUG] F0 41 00 00 00 00 33 12 60 00 05 00 01 1A F7
[DEBUG] F0 41 00 00 00 00 33 12 60 00 06 5A 03 3D F7
[DEBUG] F0 41 00 00 00 00 33 12 60 00 05 06 03 12 F7
[DEBUG] F0 41 00 00 00 00 33 12 60 00 06 60 01 39 F7
[DEBUG] F0 41 00 00 00 00 33 12 60 00 05 06 07 0E F7
[DEBUG] F0 41 00 00 00 00 33 12 60 00 06 5A 05 3B F7
[DEBUG] F0 41 00 00 00 00 33 12 60 00 05 04 22 75 F7
[DEBUG] F0 41 00 00 00 00 33 12 60 00 05 06 0A 0B F7
[DEBUG] F0 41 00 00 00 00 33 12 60 00 06 5A 07 39 F7
[DEBUG] F0 41 00 00 00 00 33 12 60 00 05 06 0C 09 F7
[DEBUG] F0 41 00 00 00 00 33 12 60 00 06 5A 08 38 F7
[DEBUG] F0 41 00 00 00 00 33 12 60 00 05 06 0E 07 F7
[DEBUG] F0 41 00 00 00 00 33 12 60 00 06 5A 09 37 F7
[DEBUG] F0 41 00 00 00 00 33 12 60 00 05 06 0F 06 F7
[DEBUG] F0 41 00 00 00 00 33 12 60 00 06 5A 0A 36 F7
[DEBUG] F0 41 00 00 00 00 33 12 60 00 05 06 11 04 F7
[DEBUG] F0 41 00 00 00 00 33 12 60 00 06 5A 0B 35 F7
[INFO] DELAY Level
[DEBUG] F0 41 00 00 00 00 33 12 60 00 04 14 1E 6A F7
[DEBUG] F0 41 00 00 00 00 33 12 60 00 03 00 01 1C F7
[DEBUG] F0 41 00 00 00 00 33 12 60 00 06 59 02 3F F7
[DEBUG] F0 41 00 00 00 00 33 12 60 00 06 5F 01 3A F7
[DEBUG] F0 41 00 00 00 00 33 12 60 00 04 14 1F 69 F7
[DEBUG] F0 41 00 00 00 00 33 12 60 00 06 59 04 3D F7
[DEBUG] F0 41 00 00 00 00 33 12 60 00 04 14 20 68 F7
[DEBUG] F0 41 00 00 00 00 33 12 60 00 06 59 07 3A F7
[DEBUG] F0 41 00 00 00 00 33 12 60 00 04 14 21 67 F7
[DEBUG] F0 41 00 00 00 00 33 12 60 00 06 59 08 39 F7
[DEBUG] F0 41 00 00 00 00 33 12 60 00 06 59 09 38 F7
[DEBUG] F0 41 00 00 00 00 33 12 60 00 04 14 22 66 F7
[DEBUG] F0 41 00 00 00 00 33 12 60 00 06 59 0A 37 F7
[DEBUG] F0 41 00 00 00 00 33 12 60 00 06 59 0B 36 F7
[DEBUG] F0 41 00 00 00 00 33 12 60 00 06 59 0C 35 F7
[DEBUG] F0 41 00 00 00 00 33 12 60 00 04 14 23 65 F7
[DEBUG] F0 41 00 00 00 00 33 12 60 00 06 59 0E 33 F7
[DEBUG] F0 41 00 00 00 00 33 12 60 00 04 14 24 64 F7
[DEBUG] F0 41 00 00 00 00 33 12 60 00 06 59 0F 32 F7
[DEBUG] F0 41 00 00 00 00 33 12 60 00 06 59 10 31 F7
[INFO] FX Level
[DEBUG] F0 41 00 00 00 00 33 12 60 00 05 47 05 4F F7
[DEBUG] F0 41 00 00 00 00 33 12 60 00 05 48 3F 14 F7
[DEBUG] F0 41 00 00 00 00 33 12 60 00 06 5B 2D 12 F7
[DEBUG] F0 41 00 00 00 00 33 12 60 00 05 48 40 13 F7
[DEBUG] F0 41 00 00 00 00 33 12 60 00 06 5B 2F 10 F7
[DEBUG] F0 41 00 00 00 00 33 12 60 00 05 48 41 12 F7
[DEBUG] F0 41 00 00 00 00 33 12 60 00 06 5B 31 0E F7
[DEBUG] F0 41 00 00 00 00 33 12 60 00 05 48 43 10 F7
[DEBUG] F0 41 00 00 00 00 33 12 60 00 06 5B 33 0C F7
[DEBUG] F0 41 00 00 00 00 33 12 60 00 06 5B 34 0B F7
[DEBUG] F0 41 00 00 00 00 33 12 60 00 05 48 44 0F F7
[DEBUG] F0 41 00 00 00 00 33 12 60 00 06 5B 35 0A F7
[INFO] REVERB Level
[DEBUG] F0 41 00 00 00 00 33 12 60 00 00 27 33 46 F7
[DEBUG] F0 41 00 00 00 00 33 12 60 00 06 56 33 11 F7
[DEBUG] F0 41 00 00 00 00 33 12 60 00 00 27 32 47 F7
[DEBUG] F0 41 00 00 00 00 33 12 60 00 06 56 32 12 F7
[DEBUG] F0 41 00 00 00 00 33 12 60 00 00 27 31 48 F7
[DEBUG] F0 41 00 00 00 00 33 12 60 00 06 56 31 13 F7
[DEBUG] F0 41 00 00 00 00 33 12 60 00 00 27 30 49 F7
[DEBUG] F0 41 00 00 00 00 33 12 60 00 06 56 30 14 F7
[DEBUG] F0 41 00 00 00 00 33 12 60 00 00 27 2F 4A F7
[DEBUG] F0 41 00 00 00 00 33 12 60 00 06 56 2F 15 F7
[DEBUG] F0 41 00 00 00 00 33 12 60 00 00 27 30 49 F7
[DEBUG] F0 41 00 00 00 00 33 12 60 00 06 56 30 14 F7
[INFO] TONE PRESENCE Level
[DEBUG] F0 41 00 00 00 00 33 12 60 00 00 27 31 48 F7
[DEBUG] F0 41 00 00 00 00 33 12 60 00 06 56 31 13 F7
[DEBUG] F0 41 00 00 00 00 33 12 60 00 00 27 32 47 F7
[DEBUG] F0 41 00 00 00 00 33 12 60 00 06 56 32 12 F7
[DEBUG] F0 41 00 00 00 00 33 12 60 00 00 27 33 46 F7
[DEBUG] F0 41 00 00 00 00 33 12 60 00 06 56 34 10 F7
[DEBUG] F0 41 00 00 00 00 33 12 60 00 00 27 34 45 F7
[DEBUG] F0 41 00 00 00 00 33 12 60 00 00 27 36 43 F7
[DEBUG] F0 41 00 00 00 00 33 12 60 00 06 56 36 0E F7
[DEBUG] F0 41 00 00 00 00 33 12 60 00 00 27 37 42 F7
[DEBUG] F0 41 00 00 00 00 33 12 60 00 06 56 37 0D F7
[DEBUG] F0 41 00 00 00 00 33 12 60 00 00 27 36 43 F7
[DEBUG] F0 41 00 00 00 00 33 12 60 00 06 56 36 0E F7
[DEBUG] F0 41 00 00 00 00 33 12 60 00 00 27 34 45 F7
[DEBUG] F0 41 00 00 00 00 33 12 60 00 06 56 34 10 F7
[INFO] TONE PRESENCE Level
[INFO] TONE MASTER Level - no msg -
