[DEBUG] F0 7E 00 06 02 41 33 03 00 00 06 00 00 00 F7
[DEBUG] F0 41 00 00 00 00 33 12 10 00 00 00 4B 41 54 41 4E 41 20 4D 6B 32 20 20 20 20 20 20 76 F7
[DEBUG] F0 41 00 00 00 00 33 12 10 01 00 00 43 6C 65 61 6E 20 72 65 76 65 72 62 20 20 20 20 66 F7
[DEBUG] F0 41 00 00 00 00 33 12 10 02 00 00 44 6A 61 6E 67 6F 20 61 63 63 6F 6D 70 20 20 20 28 F7
[DEBUG] F0 41 00 00 00 00 33 12 10 03 00 00 47 6F 6F 64 20 63 68 6F 72 75 73 20 73 6C 61 6D 63 F7
[DEBUG] F0 41 00 00 00 00 33 12 10 04 00 00 50 75 72 70 6C 65 20 52 61 69 6E 20 20 20 20 20 2A F7
[DEBUG] F0 41 00 00 00 00 33 12 10 05 00 00 50 69 6E 6B 20 46 6C 6F 79 64 20 43 6C 65 61 6E 38 F7
[DEBUG] F0 41 00 00 00 00 33 12 10 06 00 00 4D 6F 64 65 72 6E 20 4C 65 61 64 20 20 20 20 20 4F F7
[DEBUG] F0 41 00 00 00 00 33 12 10 07 00 00 4B 61 74 61 6E 61 20 43 6C 65 61 6E 20 20 20 20 16 F7
[DEBUG] F0 41 00 00 00 00 33 12 10 08 00 00 4D 6F 64 65 72 6E 20 50 6F 77 65 72 20 20 20 20 56 F7
[DEBUG] F0 41 00 00 00 00 33 12 60 00 06 39 01 60 F7
[DEBUG] F0 41 00 00 00 00 33 12 60 00 00 11 0B 04 F7
[DEBUG] F0 41 00 00 00 00 33 12 60 00 06 5D 02 3B F7
[INFO] BOOSTER -> red
[DEBUG] F0 41 00 00 00 00 33 12 60 00 06 39 02 5F F7
[DEBUG] F0 41 00 00 00 00 33 12 60 00 00 11 0E 01 F7
[DEBUG] F0 41 00 00 00 00 33 12 60 00 06 57 55 6E F7
[DEBUG] F0 41 00 00 00 00 33 12 60 00 06 5D 03 3A F7
[INFO] BOOSTER -> yellow
[DEBUG] F0 41 00 00 00 00 33 12 60 00 06 39 00 61 F7
[DEBUG] F0 41 00 00 00 00 33 12 60 00 00 11 0A 05 F7
[DEBUG] F0 41 00 00 00 00 33 12 60 00 06 57 49 7A F7
[DEBUG] F0 41 00 00 00 00 33 12 60 00 06 5D 01 3C F7
[INFO] BOOSTER -> green
[DEBUG] F0 41 00 00 00 00 33 12 60 00 06 3A 01 5F F7
[DEBUG] F0 41 00 00 00 00 33 12 60 00 01 01 14 0A F7
[DEBUG] F0 41 00 00 00 00 33 12 60 00 06 58 1B 27 F7
[DEBUG] F0 41 00 00 00 00 33 12 60 00 06 5E 02 3A F7
[INFO] MOD -> red
[DEBUG] F0 41 00 00 00 00 33 12 60 00 06 3A 02 5E F7
[DEBUG] F0 41 00 00 00 00 33 12 60 00 01 01 13 0B F7
[DEBUG] F0 41 00 00 00 00 33 12 60 00 06 58 55 6D F7
[DEBUG] F0 41 00 00 00 00 33 12 60 00 06 5E 03 39 F7
[INFO] MOD -> yellow
[DEBUG] F0 41 00 00 00 00 33 12 60 00 06 3A 00 60 F7
[DEBUG] F0 41 00 00 00 00 33 12 60 00 01 01 1D 01 F7
[DEBUG] F0 41 00 00 00 00 33 12 60 00 06 58 1E 24 F7
[DEBUG] F0 41 00 00 00 00 33 12 60 00 06 5E 01 3B F7
[INFO] MOD -> green
[DEBUG] F0 41 00 00 00 00 33 12 60 00 06 3B 01 5E F7
[DEBUG] F0 41 00 00 00 00 33 12 60 00 03 01 00 1C F7
[DEBUG] F0 41 00 00 00 00 33 12 60 00 06 59 45 7C F7
[DEBUG] F0 41 00 00 00 00 33 12 60 00 06 5F 02 39 F7
[INFO] FX -> red
[DEBUG] F0 41 00 00 00 00 33 12 60 00 06 3B 02 5D F7
[DEBUG] F0 41 00 00 00 00 33 12 60 00 03 01 0E 0E F7
[DEBUG] F0 41 00 00 00 00 33 12 60 00 06 59 3F 02 F7
[DEBUG] F0 41 00 00 00 00 33 12 60 00 06 5F 03 38 F7
[INFO] FX -> yellow
[DEBUG] F0 41 00 00 00 00 33 12 60 00 06 3B 00 5F F7
[DEBUG] F0 41 00 00 00 00 33 12 60 00 03 01 15 07 F7
[DEBUG] F0 41 00 00 00 00 33 12 60 00 06 59 5F 62 F7
[DEBUG] F0 41 00 00 00 00 33 12 60 00 06 5F 01 3A F7
[INFO] FX -> green
[DEBUG] F0 41 00 00 00 00 33 12 60 00 06 3C 01 5D F7
[DEBUG] F0 41 00 00 00 00 33 12 60 00 05 01 07 13 F7
[DEBUG] F0 41 00 00 00 00 33 12 60 00 06 60 02 38 F7
[INFO] DELAY -> red
[DEBUG] F0 41 00 00 00 00 33 12 60 00 06 3C 02 5C F7
[DEBUG] F0 41 00 00 00 00 33 12 60 00 05 01 08 12 F7
[DEBUG] F0 41 00 00 00 00 33 12 60 00 06 60 03 37 F7
[INFO] DELAY -> yellow
[DEBUG] F0 41 00 00 00 00 33 12 60 00 06 3C 00 5E F7
[DEBUG] F0 41 00 00 00 00 33 12 60 00 05 01 00 1A F7
[DEBUG] F0 41 00 00 00 00 33 12 60 00 06 60 01 39 F7
[INFO] DELAY -> green
[DEBUG] F0 41 00 00 00 00 33 12 60 00 06 3D 01 5C F7
[DEBUG] F0 41 00 00 00 00 33 12 60 00 05 41 05 55 F7
[DEBUG] F0 41 00 00 00 00 33 12 60 00 05 21 07 73 F7
[DEBUG] F0 41 00 00 00 00 33 12 60 00 06 61 02 37 F7
[INFO] REVERB -> red
[DEBUG] F0 41 00 00 00 00 33 12 60 00 06 3D 02 5B F7
[DEBUG] F0 41 00 00 00 00 33 12 60 00 05 41 03 57 F7
[DEBUG] F0 41 00 00 00 00 33 12 60 00 05 21 08 72 F7
[DEBUG] F0 41 00 00 00 00 33 12 60 00 06 5B 1E 21 F7
[DEBUG] F0 41 00 00 00 00 33 12 60 00 06 61 03 36 F7
[INFO] REVERB -> yellow
[DEBUG] F0 41 00 00 00 00 33 12 60 00 06 3D 00 5D F7
[DEBUG] F0 41 00 00 00 00 33 12 60 00 05 41 04 56 F7
[DEBUG] F0 41 00 00 00 00 33 12 60 00 05 21 00 7A F7
[DEBUG] F0 41 00 00 00 00 33 12 60 00 06 5B 2C 13 F7
[DEBUG] F0 41 00 00 00 00 33 12 60 00 06 61 01 38 F7
[INFO] REVERB -> green
