[INFO] F0 7E 00 06 02 41 33 03 00 00 06 00 00 00 F7
[INFO] F0 41 00 00 00 00 33 12 10 00 00 00 4B 41 54 41 4E 41 20 4D 6B 32 20 20 20 20 20 20 76 F7
[INFO] F0 41 00 00 00 00 33 12 10 01 00 00 43 6C 65 61 6E 20 72 65 76 65 72 62 20 20 20 20 66 F7
[INFO] F0 41 00 00 00 00 33 12 10 02 00 00 44 6A 61 6E 67 6F 20 61 63 63 6F 6D 70 20 20 20 28 F7
[INFO] F0 41 00 00 00 00 33 12 10 03 00 00 47 6F 6F 64 20 63 68 6F 72 75 73 20 73 6C 61 6D 63 F7
[INFO] F0 41 00 00 00 00 33 12 10 04 00 00 50 75 72 70 6C 65 20 52 61 69 6E 20 20 20 20 20 2A F7
[INFO] F0 41 00 00 00 00 33 12 10 05 00 00 50 69 6E 6B 20 46 6C 6F 79 64 20 43 6C 65 61 6E 38 F7
[INFO] F0 41 00 00 00 00 33 12 10 06 00 00 4D 6F 64 65 72 6E 20 4C 65 61 64 20 20 20 20 20 4F F7
[INFO] F0 41 00 00 00 00 33 12 10 07 00 00 4B 61 74 61 6E 61 20 43 6C 65 61 6E 20 20 20 20 16 F7
[INFO] F0 41 00 00 00 00 33 12 10 08 00 00 4D 6F 64 65 72 6E 20 50 6F 77 65 72 20 20 20 20 56 F7
[DEBUG] First  MOD click
[DEBUG] MOD
[INFO] F0 41 00 00 00 00 33 12 60 00 01 00 01 1E F7
[INFO] F0 41 00 00 00 00 33 12 60 00 06 58 27 1B F7
[INFO] F0 41 00 00 00 00 33 12 60 00 06 5E 01 3B F7
[DEBUG] Switch ON MOD - green
[INFO] F0 41 00 00 00 00 33 12 60 00 01 00 00 1F F7
[INFO] F0 41 00 00 00 00 33 12 60 00 06 58 00 42 F7
[INFO] F0 41 00 00 00 00 33 12 60 00 06 5E 00 3C F7
[DEBUG] Switch OFF MOD - green
[DEBUG] MOD
[INFO] F0 41 00 00 00 00 33 12 60 00 01 00 01 1E F7
[INFO] F0 41 00 00 00 00 33 12 60 00 06 58 27 1B F7
[INFO] F0 41 00 00 00 00 33 12 60 00 06 5E 01 3B F7
[DEBUG] Switch ON MOD - green
[INFO] F0 41 00 00 00 00 33 12 60 00 06 3A 01 5F F7
[INFO] F0 41 00 00 00 00 33 12 60 00 01 01 14 0A F7
[INFO] F0 41 00 00 00 00 33 12 60 00 06 58 1B 27 F7
[INFO] F0 41 00 00 00 00 33 12 60 00 06 5E 02 3A F7
[DEBUG] Amp Switch red MOD
[INFO] F0 41 00 00 00 00 33 12 60 00 06 3A 02 5E F7
[INFO] F0 41 00 00 00 00 33 12 60 00 01 01 13 0B F7
[INFO] F0 41 00 00 00 00 33 12 60 00 06 58 55 6D F7
[INFO] F0 41 00 00 00 00 33 12 60 00 06 5E 03 39 F7
[DEBUG] Amp Switch yellow MOD
[INFO] F0 41 00 00 00 00 33 12 60 00 06 3A 00 60 F7
[INFO] F0 41 00 00 00 00 33 12 60 00 01 01 1D 01 F7
[INFO] F0 41 00 00 00 00 33 12 60 00 06 58 27 1B F7
[INFO] F0 41 00 00 00 00 33 12 60 00 06 5E 01 3B F7
[DEBUG] Amp Switch green MOD
[INFO] F0 41 00 00 00 00 33 12 60 00 06 3A 01 5F F7
[INFO] F0 41 00 00 00 00 33 12 60 00 01 01 14 0A F7
[INFO] F0 41 00 00 00 00 33 12 60 00 06 58 1B 27 F7
[INFO] F0 41 00 00 00 00 33 12 60 00 06 5E 02 3A F7
[DEBUG] Amp Switch red MOD
[INFO] F0 41 00 00 00 00 33 12 60 00 01 00 00 1F F7
[INFO] F0 41 00 00 00 00 33 12 60 00 06 58 00 42 F7
[INFO] F0 41 00 00 00 00 33 12 60 00 06 5E 00 3C F7
[DEBUG] Switch OFF MOD red
[DEBUG] MOD
[INFO] F0 41 00 00 00 00 33 12 60 00 01 00 01 1E F7
[INFO] F0 41 00 00 00 00 33 12 60 00 06 58 1B 27 F7
[INFO] F0 41 00 00 00 00 33 12 60 00 06 5E 02 3A F7
[DEBUG] Switch ON MOD red
[INFO] F0 41 00 00 00 00 33 12 60 00 06 3A 02 5E F7
[INFO] F0 41 00 00 00 00 33 12 60 00 01 01 13 0B F7
[INFO] F0 41 00 00 00 00 33 12 60 00 06 58 55 6D F7
[INFO] F0 41 00 00 00 00 33 12 60 00 06 5E 03 39 F7
[DEBUG] Amp Switch yellow MOD
[INFO] F0 41 00 00 00 00 33 12 60 00 06 3A 00 60 F7
[INFO] F0 41 00 00 00 00 33 12 60 00 01 01 1D 01 F7
[INFO] F0 41 00 00 00 00 33 12 60 00 06 58 27 1B F7
[INFO] F0 41 00 00 00 00 33 12 60 00 06 5E 01 3B F7
[DEBUG] Amp Switch green MOD
