[DEBUG] SEND: F0 7E 00 06 01 F7
[DEBUG] SEND: F0 41 00 00 00 00 33 11 10 00 00 00 00 00 00 10 60 F7
[DEBUG] SEND: F0 41 00 00 00 00 33 11 10 01 00 00 00 00 00 10 5F F7
[DEBUG] SEND: F0 41 00 00 00 00 33 11 10 02 00 00 00 00 00 10 5E F7
[DEBUG] SEND: F0 41 00 00 00 00 33 11 10 03 00 00 00 00 00 10 5D F7
[DEBUG] SEND: F0 41 00 00 00 00 33 11 10 04 00 00 00 00 00 10 5C F7
[DEBUG] SEND: F0 41 00 00 00 00 33 11 10 05 00 00 00 00 00 10 5B F7
[DEBUG] SEND: F0 41 00 00 00 00 33 11 10 06 00 00 00 00 00 10 5A F7
[DEBUG] SEND: F0 41 00 00 00 00 33 11 10 07 00 00 00 00 00 10 59 F7
[DEBUG] SEND: F0 41 00 00 00 00 33 11 10 08 00 00 00 00 00 10 58 F7
[DEBUG] SEND: F0 41 00 00 00 00 33 11 60 00 00 00 00 00 0F 00 11 F7
[DEBUG] F0 41 00 00 00 00 33 12 60 00 00 00 4D 6F 64 65 72 6E 20 4C 65 61 64 20 20 20 20 20 01 02 31 3C 32 00 32 28 00 00 32 32 32 32 32 00 01 1F 52 0A 48 50 41 4D 28 00 01 00 32 00 01 01 05 64 00 00 32 32 05 05 32 32 32 07 0A 0A 02 00 00 00 00 14 0E 01 14 17 01 14 14 0E 14 18 18 18 18 18 18 18 18 18 18 18 00 00 00 00 00 00 00 00 00 00 00 14 0E 01 14 17 01 14 14 0E 14 18 18 18 18 18 18 18 18 18 18 18 00 00 00 00 00 00 00 00 00 03 01 01 32 23 23 00 32 01 23 32 32 3C 00 32 00 64 00 64 64 00 00 32 32 32 32 00 00 1E 0B 0A 1E 14 14 14 14 14 14 14 14 14 14 14 00 14 0D 01 14 17 01 14 14 0E 14 00 32 32 32 32 2D 32 3C 00 28 1E 28 32 32 19 00 00 3E 64 00 01 18 3C 00 00 46 01 18 28 00 00 46 00 64 01 0C 00 00 46 07 00 00 50 00 64 18 18 18 18 18 18 18 18 18 18 18 18 18 2A F7
[DEBUG] F0 41 00 00 00 00 33 12 60 00 01 71 18 18 18 18 18 18 18 18 18 18 18 01 32 32 10 32 32 32 00 46 28 37 00 00 64 00 1F 28 52 32 00 00 3C 00 46 55 41 32 01 1E 55 00 00 3C 32 46 3C 64 00 32 32 32 00 50 2D 01 00 32 00 32 64 64 01 00 02 32 50 64 32 64 04 2B 2E 03 4B 21 30 03 41 50 32 32 32 32 32 01 32 2D 32 30 41 64 00 64 64 00 00 32 32 03 10 32 64 32 00 64 00 64 00 00 00 00 00 00 00 00 00 00 00 00 00 00 00 00 00 00 00 00 00 00 00 00 00 00 00 00 00 00 00 00 00 00 00 00 24 01 01 32 23 23 00 32 01 23 32 32 3C 00 32 00 64 00 64 64 00 00 32 32 32 32 00 00 1E 0B 0A 1E 14 14 14 14 14 14 14 14 14 14 14 00 14 0D 01 14 17 01 14 14 0E 14 00 32 32 32 32 2D 32 3C 00 28 1E 28 32 32 19 00 00 3E 64 00 01 18 3C 00 00 46 01 18 28 00 00 46 00 64 01 0C 00 00 46 07 00 00 50 17 F7
[DEBUG] F0 41 00 00 00 00 33 12 60 00 03 62 00 64 18 18 18 18 18 18 18 18 18 18 18 18 18 18 18 18 18 18 18 18 18 18 18 18 01 32 32 10 32 32 32 00 46 28 37 00 00 64 00 1F 28 52 32 00 00 3C 00 46 55 41 32 01 1E 55 00 00 3C 32 46 3C 64 00 32 32 32 00 50 2D 01 00 32 00 32 64 64 01 00 02 32 50 64 32 64 04 2B 2E 03 4B 21 30 03 41 50 32 32 32 32 32 01 0A 2D 32 32 50 64 00 64 64 00 00 32 32 03 10 32 64 32 00 64 00 64 00 00 00 00 00 00 00 00 00 00 00 00 00 00 00 00 00 00 00 00 00 00 00 00 00 00 00 00 00 00 00 00 00 00 00 01 0A 05 4D 20 0C 2B 64 32 00 64 16 0A 32 03 10 16 0A 32 28 37 01 00 00 00 00 00 00 00 00 00 00 00 08 03 10 1D 0A 41 64 32 00 64 16 0A 32 03 10 16 0A 32 28 37 01 00 00 00 00 00 00 00 00 00 00 01 04 1D 00 0A 0E 08 05 1A 64 05 64 00 00 00 00 00 00 00 37 F7
[DEBUG] F0 41 00 00 00 00 33 12 60 00 05 53 64 00 64 64 00 24 32 64 00 64 00 64 64 00 64 01 00 32 32 00 05 32 00 00 00 00 00 00 00 64 00 00 00 00 00 00 00 00 00 00 00 00 00 00 00 11 0B 0F 05 04 02 0D 0C 00 01 06 07 08 09 12 03 0A 13 0E 10 00 32 00 00 07 01 32 00 00 00 00 00 01 00 00 00 01 00 02 26 03 04 23 24 0F 0A 00 09 04 04 03 08 0A 0A 02 02 02 02 01 01 00 00 02 00 02 00 04 01 00 00 00 00 00 00 00 00 00 00 00 00 03 4E 28 48 50 41 4D 1B 00 00 1B 0E 01 03 00 00 01 01 00 00 00 00 00 00 00 00 00 00 00 00 00 00 00 00 00 00 00 00 00 00 00 00 00 00 00 00 00 00 00 00 00 00 00 00 00 00 00 00 00 00 00 00 00 00 00 00 00 00 00 00 00 00 00 00 00 00 00 00 00 00 00 00 00 00 00 00 00 00 00 00 00 00 00 00 00 00 00 00 00 00 00 00 00 00 00 00 00 00 00 00 00 00 00 00 00 00 6B F7
[DEBUG] F0 41 00 00 00 00 33 12 60 00 08 00 00 00 00 00 00 00 00 00 00 00 00 00 00 00 00 00 00 00 00 00 00 00 00 00 00 00 00 00 00 00 00 00 00 00 00 00 00 00 00 00 00 00 00 00 00 00 00 00 00 64 00 00 00 64 00 00 00 64 00 64 00 64 00 64 00 64 00 64 00 64 00 64 00 64 00 64 00 64 00 64 00 64 00 64 00 64 00 64 00 64 00 64 00 64 00 64 00 64 00 64 00 64 00 00 00 64 00 00 00 64 00 64 00 64 00 64 00 64 00 00 00 64 00 64 00 00 00 00 00 00 00 00 00 00 00 00 00 00 00 00 00 00 00 00 00 00 00 00 00 00 00 00 00 00 00 00 00 00 00 00 00 00 00 00 00 00 00 00 00 00 00 00 00 00 00 00 00 64 00 00 00 64 00 00 00 64 00 64 00 64 00 64 00 64 00 64 00 64 00 64 00 64 00 64 00 64 00 64 00 64 00 64 00 64 00 64 00 64 00 64 00 64 00 64 00 64 00 64 00 64 00 00 00 64 00 00 00 64 00 64 00 44 F7
[DEBUG] SEND: F0 41 00 00 00 00 33 12 60 00 00 21 18 67 F7
[DEBUG] F0 41 00 00 00 00 33 12 60 00 09 71 64 00 64 00 64 00 00 00 64 00 64 00 00 00 00 00 00 00 00 00 00 00 00 00 00 00 00 00 00 00 00 00 00 00 00 00 00 00 00 00 00 00 00 00 00 00 00 00 00 00 00 00 00 00 00 00 00 00 00 00 00 00 00 00 64 00 00 00 64 00 00 00 64 00 64 00 64 00 64 00 64 00 64 00 64 00 64 00 64 00 64 00 64 00 64 00 64 00 64 00 64 00 64 00 64 00 64 00 64 00 64 00 64 00 64 00 64 00 00 00 64 00 00 00 64 00 64 00 64 00 64 00 64 00 00 00 64 00 64 4E F7
[DEBUG] SEND: F0 41 00 00 00 00 33 12 60 00 00 21 1F 60 F7
[DEBUG] SEND: F0 41 00 00 00 00 33 12 60 00 00 21 1F 60 F7
[DEBUG] SEND: F0 41 00 00 00 00 33 12 60 00 06 51 4E 7B F7
[DEBUG] SEND: F0 41 00 00 00 00 33 12 60 00 00 28 28 50 F7
[DEBUG] F0 41 00 00 00 00 33 12 00 01 00 00 00 05 7A F7
[DEBUG] F0 41 00 00 00 00 33 12 60 00 00 00 50 69 6E 6B 20 46 6C 6F 79 64 20 43 6C 65 61 6E 00 0C 6E 37 2E 00 33 34 00 00 32 32 32 32 32 00 01 08 50 0A 2E 38 46 2D 50 00 01 00 32 00 01 01 05 64 00 00 32 32 05 05 32 32 32 07 0A 0A 02 00 01 00 04 14 0E 00 14 13 01 14 10 0D 14 00 00 00 00 00 00 00 00 00 00 00 00 00 00 00 00 00 00 00 00 00 00 14 0E 01 14 17 01 14 14 0E 14 18 18 18 18 18 18 18 18 18 18 18 00 00 00 00 00 00 00 00 01 1D 01 01 32 23 23 00 32 01 23 32 32 3C 00 32 00 64 00 64 64 00 00 32 32 32 32 00 00 1E 0B 0A 1E 14 14 14 14 14 14 14 14 14 14 14 00 14 0D 01 14 17 01 14 14 0E 14 00 32 32 32 32 2D 32 3C 00 28 1E 28 32 32 19 00 00 3E 64 00 01 18 3C 00 00 46 01 18 28 00 00 46 00 64 01 0C 00 00 46 07 00 00 50 00 64 18 18 18 18 18 18 18 18 18 18 18 18 18 78 F7
[DEBUG] F0 41 00 00 00 00 33 12 60 00 01 71 18 18 18 18 18 18 18 18 18 18 18 01 32 32 10 32 32 32 00 42 28 37 00 00 64 00 37 28 52 32 00 00 3C 00 46 55 41 32 01 1E 55 00 00 3C 32 46 3C 64 00 32 32 32 00 50 2D 01 00 32 00 32 64 64 01 00 02 32 50 64 32 64 04 32 2E 03 4B 28 30 03 41 50 32 32 32 00 32 01 32 2D 32 32 50 00 00 00 00 00 00 00 00 00 28 00 00 00 00 00 00 00 00 00 00 00 00 00 00 00 00 00 00 00 00 00 00 00 00 00 00 00 00 00 00 00 00 00 00 00 00 00 00 00 00 00 00 00 03 01 01 30 23 23 00 32 01 23 32 32 3C 00 32 00 64 00 64 64 00 00 14 28 32 1E 00 00 1E 0B 0A 1E 14 12 0F 0C 13 11 13 10 12 10 15 00 14 0D 01 14 17 01 14 14 0E 14 00 32 32 32 32 2D 32 3C 00 28 1E 28 32 32 19 00 00 40 64 00 01 18 3C 00 00 46 01 18 28 00 00 46 00 64 01 0C 00 00 46 07 00 00 50 1B F7
[DEBUG] F0 41 00 00 00 00 33 12 60 00 03 62 00 64 18 18 18 18 18 18 18 18 18 18 18 18 18 18 18 18 18 18 18 18 18 18 18 18 01 32 32 10 32 32 32 00 46 28 37 00 00 64 00 1F 28 52 32 00 00 3C 00 46 1E 41 32 01 1E 55 00 00 3C 32 46 3C 64 00 32 32 32 00 50 2D 01 00 32 00 32 64 64 01 00 02 32 50 64 32 64 00 1C 00 03 17 12 2C 03 4B 33 32 32 32 00 32 01 32 2D 32 32 50 00 00 00 00 00 00 00 00 00 28 00 00 00 00 00 00 00 00 00 00 00 00 00 00 00 00 00 00 00 00 00 00 00 00 00 00 00 00 00 00 00 00 00 00 00 00 00 00 00 00 00 00 01 00 03 37 1F 0C 33 64 32 07 68 16 0A 32 03 10 16 0A 32 28 37 01 00 00 00 00 00 00 00 00 00 00 00 00 03 10 16 0A 32 64 32 07 68 16 0A 32 03 10 16 0A 32 28 37 01 00 00 00 00 00 00 00 00 00 00 01 04 1D 00 7D 0E 09 05 43 64 00 32 00 00 00 00 00 00 00 5B F7
[DEBUG] F0 41 00 00 00 00 33 12 60 00 05 53 64 00 64 64 00 24 00 64 00 00 00 00 00 00 64 01 00 32 32 01 23 28 00 00 00 00 00 00 00 64 00 00 00 00 00 00 00 00 00 00 00 00 00 00 00 11 0B 0F 05 02 0D 0C 04 01 07 06 08 09 12 00 03 0A 13 0E 10 00 32 00 00 07 01 32 00 00 00 00 00 01 00 01 00 0C 06 0E 1D 14 13 03 00 0E 00 07 08 04 05 03 00 07 08 02 02 02 00 00 00 00 00 00 00 02 00 04 01 00 00 00 00 00 00 00 00 00 00 00 00 01 4B 50 2E 38 46 2D 00 33 00 1F 34 00 00 01 00 01 01 00 00 00 00 00 00 00 00 00 00 00 00 00 00 00 00 00 00 00 00 00 00 00 00 00 00 00 00 00 00 00 00 00 00 00 00 00 00 00 00 00 00 00 00 00 00 00 00 00 00 00 00 00 00 00 00 00 00 00 00 00 00 00 00 00 00 00 00 00 00 00 00 00 00 00 00 00 00 00 00 00 00 00 00 00 00 00 00 00 00 00 00 00 00 00 00 00 00 45 F7
[DEBUG] F0 41 00 00 00 00 33 12 60 00 08 00 00 00 00 00 00 00 00 00 00 00 00 00 00 00 00 00 00 00 00 00 00 00 00 00 00 00 00 00 00 00 00 00 00 00 00 00 00 00 00 00 00 00 00 00 00 00 00 00 00 00 00 00 00 00 00 00 00 00 00 00 00 00 00 00 00 00 00 00 00 00 00 00 00 00 00 00 00 00 00 00 00 00 00 00 00 00 00 00 00 00 00 00 00 00 00 00 00 00 00 00 00 00 00 00 00 00 00 00 00 00 00 00 00 00 00 00 00 00 00 00 00 00 00 00 00 00 00 00 00 00 00 00 00 00 00 00 00 00 00 00 00 00 00 00 00 00 00 00 00 00 00 00 00 00 00 00 00 00 00 00 00 00 00 00 00 00 00 00 00 00 00 00 00 00 00 00 00 00 00 00 00 00 00 00 00 00 00 00 00 00 00 00 00 00 00 00 00 00 00 00 00 00 00 00 00 00 00 00 00 00 00 00 00 00 00 00 00 00 00 00 00 00 00 00 00 00 00 00 00 00 00 00 00 00 00 00 00 00 00 00 00 18 F7
[DEBUG] SEND: F0 41 00 00 00 00 33 12 60 00 00 21 08 77 F7
[DEBUG] F0 41 00 00 00 00 33 12 60 00 09 71 00 00 00 00 00 00 00 00 00 00 00 00 00 00 00 00 00 00 00 00 00 00 00 00 00 00 00 00 00 00 00 00 00 00 00 00 00 00 00 00 00 00 00 00 00 00 00 00 00 00 00 00 00 00 00 00 00 00 00 00 00 00 00 00 00 00 00 00 00 00 00 00 00 00 00 00 00 00 00 00 00 00 00 00 00 00 00 00 00 00 00 00 00 00 00 00 00 00 00 00 00 00 00 00 00 00 00 00 00 00 00 00 00 00 00 00 00 00 00 00 00 00 00 00 00 00 00 00 00 00 00 00 00 00 00 00 00 00 00 26 F7
[DEBUG] F0 41 00 00 00 00 33 12 60 00 06 50 01 49 F7
[DEBUG] F0 41 00 00 00 00 33 12 60 00 06 51 4B 7E F7
[DEBUG] F0 41 00 00 00 00 33 12 60 00 06 52 50 78 F7
[DEBUG] SEND: F0 41 00 00 00 00 33 12 60 00 00 21 1D 62 F7
[DEBUG] SEND: F0 41 00 00 00 00 33 12 60 00 06 51 4B 7E F7
[DEBUG] SEND: F0 41 00 00 00 00 33 12 60 00 00 28 50 28 F7
[DEBUG] F0 41 00 00 00 00 33 12 60 00 06 53 2E 19 F7
[DEBUG] F0 41 00 00 00 00 33 12 60 00 06 54 38 0E F7
[DEBUG] F0 41 00 00 00 00 33 12 60 00 06 55 46 7F F7
[DEBUG] F0 41 00 00 00 00 33 12 60 00 06 56 2D 17 F7
[DEBUG] F0 41 00 00 00 00 33 12 60 00 06 57 00 43 F7
[DEBUG] F0 41 00 00 00 00 33 12 60 00 06 58 33 0F F7
[DEBUG] F0 41 00 00 00 00 33 12 60 00 06 59 00 41 F7
[DEBUG] F0 41 00 00 00 00 33 12 60 00 06 5A 1F 21 F7
[DEBUG] F0 41 00 00 00 00 33 12 60 00 06 5B 34 0B F7
[DEBUG] F0 41 00 00 00 00 33 12 60 00 06 5D 00 3D F7
[DEBUG] F0 41 00 00 00 00 33 12 60 00 06 5E 01 3B F7
[DEBUG] F0 41 00 00 00 00 33 12 60 00 06 5F 00 3B F7
[DEBUG] F0 41 00 00 00 00 33 12 60 00 06 60 01 39 F7
[DEBUG] F0 41 00 00 00 00 33 12 60 00 06 61 01 38 F7
[DEBUG] F0 41 00 00 00 00 33 12 60 00 06 5C 00 3E F7
[DEBUG] F0 41 00 00 00 00 33 12 60 00 06 5C 01 3D F7
[DEBUG] SEND: F0 41 00 00 00 00 33 12 60 00 00 21 08 77 F7
[DEBUG] F0 41 00 00 00 00 33 12 60 00 06 5C 00 3E F7
[DEBUG] F0 41 00 00 00 00 33 12 00 01 00 00 00 07 78 F7
[DEBUG] F0 41 00 00 00 00 33 12 60 00 00 00 4B 61 74 61 6E 61 20 43 6C 65 61 6E 20 20 20 20 00 0A 32 3C 32 00 32 28 00 00 32 32 32 32 32 00 01 1E 25 0A 32 32 32 32 32 00 01 00 32 00 01 01 05 64 00 00 32 32 05 05 32 32 32 07 0A 0A 02 00 00 00 00 14 0E 01 14 17 01 14 14 0E 14 18 18 18 18 18 18 18 18 18 18 18 00 00 00 00 00 00 00 00 00 00 00 14 0E 01 14 17 01 14 14 0E 14 18 18 18 18 18 18 18 18 18 18 18 00 00 00 00 00 00 00 00 01 1D 01 01 32 23 23 00 32 01 23 32 32 3C 00 32 00 64 00 64 64 00 00 32 32 32 32 00 00 1E 0B 0A 1E 14 14 14 14 14 14 14 14 14 14 14 00 14 0D 01 14 17 01 14 14 0E 14 00 32 32 32 32 2D 32 3C 00 28 1E 28 32 32 19 00 00 3E 64 00 01 18 3C 00 00 46 01 18 28 00 00 46 00 64 01 0C 00 00 46 07 00 00 50 00 64 18 18 18 18 18 18 18 18 18 18 18 18 18 51 F7
[DEBUG] F0 41 00 00 00 00 33 12 60 00 01 71 18 18 18 18 18 18 18 18 18 18 18 01 32 32 10 32 32 32 00 46 28 37 00 00 64 00 1F 28 52 32 00 00 3C 00 46 55 41 32 01 1E 55 00 00 3C 32 46 3C 64 00 32 32 32 00 50 2D 01 00 32 00 32 64 64 01 00 02 32 50 64 32 64 04 2B 2E 03 4B 21 30 03 41 50 32 32 32 00 32 01 32 2D 32 32 50 64 00 64 64 00 00 32 32 03 10 32 64 32 00 00 00 00 00 00 00 00 00 00 00 00 00 00 00 00 00 00 00 00 00 00 00 00 00 00 00 00 00 00 00 00 00 00 00 00 00 00 00 00 15 01 01 32 23 23 00 32 01 23 32 32 3C 00 32 00 64 00 64 64 00 00 32 32 32 32 00 00 1E 0B 0A 1E 14 14 14 14 14 14 14 14 14 14 14 00 14 0D 01 14 17 01 14 14 0E 14 00 32 32 32 32 2D 32 3C 00 28 1E 28 32 32 19 00 00 3E 64 00 01 18 3C 00 00 46 01 18 28 00 00 46 00 64 01 0C 00 00 46 07 00 00 50 0F F7
[DEBUG] F0 41 00 00 00 00 33 12 60 00 03 62 00 64 18 18 18 18 18 18 18 18 18 18 18 18 18 18 18 18 18 18 18 18 18 18 18 18 01 32 32 10 32 32 32 00 46 28 37 00 00 64 00 1F 28 52 32 00 00 3C 00 46 55 41 32 01 1E 55 00 00 3C 32 46 3C 64 00 32 32 32 00 50 2D 01 00 32 00 32 64 64 01 00 02 32 50 64 32 64 04 2B 2E 03 4B 21 30 03 41 50 32 32 32 00 32 01 32 2D 32 32 50 64 00 64 64 00 00 32 00 03 10 32 64 32 00 00 00 00 00 00 00 00 00 00 00 00 00 00 00 00 00 00 00 00 00 00 00 00 00 00 00 00 00 00 00 00 00 00 00 00 00 00 00 00 00 03 10 16 0A 32 64 32 07 68 16 0A 32 03 10 16 0A 32 28 37 01 00 00 00 00 00 00 00 00 00 00 00 00 03 10 16 0A 32 64 32 07 68 16 0A 32 03 10 16 0A 32 28 37 01 00 00 00 00 00 00 00 00 00 00 00 04 1D 00 0A 0E 08 08 23 64 00 32 00 00 00 00 00 00 00 3E F7
[DEBUG] F0 41 00 00 00 00 33 12 60 00 05 53 64 00 64 64 00 24 00 64 00 00 00 00 00 00 64 01 00 32 32 00 05 32 00 00 00 00 00 00 00 64 00 00 00 00 00 00 00 00 00 00 00 00 00 00 00 11 0B 0F 05 02 0D 0C 04 01 07 06 08 09 12 00 03 0A 13 0E 10 00 00 00 00 07 00 32 00 00 00 00 00 01 00 01 00 0A 0B 0E 1D 14 13 15 00 0E 00 07 08 04 05 03 00 07 08 02 02 02 00 00 00 00 00 02 00 02 00 04 01 00 00 00 00 00 00 00 00 00 00 00 00 02 15 32 32 32 32 32 00 27 00 00 00 01 00 01 00 00 00 00 00 00 00 00 00 00 00 00 00 00 00 00 00 00 00 00 00 00 00 00 00 00 00 00 00 00 00 00 00 00 00 00 00 00 00 00 00 00 00 00 00 00 00 00 00 00 00 00 00 00 00 00 00 00 00 00 00 00 00 00 00 00 00 00 00 00 00 00 00 00 00 00 00 00 00 00 00 00 00 00 00 00 00 00 00 00 00 00 00 00 00 00 00 00 00 00 00 3A F7
[DEBUG] F0 41 00 00 00 00 33 12 60 00 08 00 00 00 00 00 00 00 00 00 00 00 00 00 00 00 00 00 00 00 00 00 00 00 00 00 00 00 00 00 00 00 00 00 00 00 00 00 00 00 00 00 00 00 00 00 00 00 00 00 00 64 00 00 00 64 00 00 00 64 00 64 00 64 00 64 00 64 00 64 00 64 00 64 00 64 00 64 00 64 00 64 00 64 00 64 00 64 00 64 00 64 00 64 00 64 00 64 00 64 00 64 00 64 00 00 00 64 00 00 00 64 00 64 00 64 00 64 00 64 00 00 00 64 00 00 00 00 00 00 00 00 00 00 00 00 00 00 00 00 00 00 00 00 00 00 00 00 00 00 00 00 00 00 00 00 00 00 00 00 00 00 00 00 00 00 00 00 00 00 00 00 00 00 00 00 00 00 00 64 00 00 00 64 00 00 00 64 00 64 00 64 00 64 00 64 00 64 00 64 00 64 00 64 00 64 00 64 00 64 00 64 00 64 00 64 00 64 00 64 00 64 00 64 00 64 00 64 00 64 00 64 00 00 00 64 00 00 00 64 00 64 00 28 F7
[DEBUG] SEND: F0 41 00 00 00 00 33 12 60 00 00 21 0B 74 F7
[DEBUG] F0 41 00 00 00 00 33 12 60 00 09 71 64 00 64 00 64 00 00 00 64 00 00 00 00 00 00 00 00 00 00 00 00 00 00 00 00 00 00 00 00 00 00 00 00 00 00 00 00 00 00 00 00 00 00 00 00 00 00 00 00 00 00 00 00 00 00 00 00 00 00 00 00 00 00 00 64 00 00 00 64 00 00 00 64 00 64 00 64 00 64 00 64 00 64 00 64 00 64 00 64 00 64 00 64 00 64 00 64 00 64 00 64 00 64 00 64 00 64 00 64 00 64 00 64 00 64 00 64 00 00 00 64 00 00 00 64 00 64 00 64 00 64 00 64 00 00 00 64 00 00 16 F7
[DEBUG] F0 41 00 00 00 00 33 12 60 00 06 50 02 48 F7
[DEBUG] F0 41 00 00 00 00 33 12 60 00 06 51 15 34 F7
[DEBUG] F0 41 00 00 00 00 33 12 60 00 06 52 32 16 F7
[DEBUG] SEND: F0 41 00 00 00 00 33 12 60 00 00 21 1E 61 F7
[DEBUG] SEND: F0 41 00 00 00 00 33 12 60 00 00 21 1E 61 F7
[DEBUG] SEND: F0 41 00 00 00 00 33 12 60 00 06 51 15 34 F7
[DEBUG] SEND: F0 41 00 00 00 00 33 12 60 00 00 28 32 46 F7
[DEBUG] F0 41 00 00 00 00 33 12 60 00 06 53 32 15 F7
[DEBUG] F0 41 00 00 00 00 33 12 60 00 06 54 32 14 F7
[DEBUG] F0 41 00 00 00 00 33 12 60 00 06 55 32 13 F7
[DEBUG] F0 41 00 00 00 00 33 12 60 00 06 56 32 12 F7
[DEBUG] F0 41 00 00 00 00 33 12 60 00 06 57 00 43 F7
[DEBUG] F0 41 00 00 00 00 33 12 60 00 06 58 27 1B F7
[DEBUG] F0 41 00 00 00 00 33 12 60 00 06 59 00 41 F7
[DEBUG] F0 41 00 00 00 00 33 12 60 00 06 5A 00 40 F7
[DEBUG] F0 41 00 00 00 00 33 12 60 00 06 5B 00 3F F7
[DEBUG] F0 41 00 00 00 00 33 12 60 00 06 5E 01 3B F7
[DEBUG] F0 41 00 00 00 00 33 12 00 01 00 00 00 06 79 F7
[DEBUG] F0 41 00 00 00 00 33 12 60 00 00 00 4D 6F 64 65 72 6E 20 4C 65 61 64 20 20 20 20 20 01 02 31 3C 32 00 32 28 00 00 32 32 32 32 32 00 01 18 52 0A 48 50 41 4D 28 00 01 00 32 00 01 01 05 64 00 00 32 32 05 05 32 32 32 07 0A 0A 02 00 00 00 00 14 0E 01 14 17 01 14 14 0E 14 18 18 18 18 18 18 18 18 18 18 18 00 00 00 00 00 00 00 00 00 00 00 14 0E 01 14 17 01 14 14 0E 14 18 18 18 18 18 18 18 18 18 18 18 00 00 00 00 00 00 00 00 00 03 01 01 32 23 23 00 32 01 23 32 32 3C 00 32 00 64 00 64 64 00 00 32 32 32 32 00 00 1E 0B 0A 1E 14 14 14 14 14 14 14 14 14 14 14 00 14 0D 01 14 17 01 14 14 0E 14 00 32 32 32 32 2D 32 3C 00 28 1E 28 32 32 19 00 00 3E 64 00 01 18 3C 00 00 46 01 18 28 00 00 46 00 64 01 0C 00 00 46 07 00 00 50 00 64 18 18 18 18 18 18 18 18 18 18 18 18 18 31 F7
[DEBUG] F0 41 00 00 00 00 33 12 60 00 01 71 18 18 18 18 18 18 18 18 18 18 18 01 32 32 10 32 32 32 00 46 28 37 00 00 64 00 1F 28 52 32 00 00 3C 00 46 55 41 32 01 1E 55 00 00 3C 32 46 3C 64 00 32 32 32 00 50 2D 01 00 32 00 32 64 64 01 00 02 32 50 64 32 64 04 2B 2E 03 4B 21 30 03 41 50 32 32 32 32 32 01 32 2D 32 30 41 64 00 64 64 00 00 32 32 03 10 32 64 32 00 64 00 64 00 00 00 00 00 00 00 00 00 00 00 00 00 00 00 00 00 00 00 00 00 00 00 00 00 00 00 00 00 00 00 00 00 00 00 00 24 01 01 32 23 23 00 32 01 23 32 32 3C 00 32 00 64 00 64 64 00 00 32 32 32 32 00 00 1E 0B 0A 1E 14 14 14 14 14 14 14 14 14 14 14 00 14 0D 01 14 17 01 14 14 0E 14 00 32 32 32 32 2D 32 3C 00 28 1E 28 32 32 19 00 00 3E 64 00 01 18 3C 00 00 46 01 18 28 00 00 46 00 64 01 0C 00 00 46 07 00 00 50 17 F7
[DEBUG] F0 41 00 00 00 00 33 12 60 00 03 62 00 64 18 18 18 18 18 18 18 18 18 18 18 18 18 18 18 18 18 18 18 18 18 18 18 18 01 32 32 10 32 32 32 00 46 28 37 00 00 64 00 1F 28 52 32 00 00 3C 00 46 55 41 32 01 1E 55 00 00 3C 32 46 3C 64 00 32 32 32 00 50 2D 01 00 32 00 32 64 64 01 00 02 32 50 64 32 64 04 2B 2E 03 4B 21 30 03 41 50 32 32 32 32 32 01 0A 2D 32 32 50 64 00 64 64 00 00 32 32 03 10 32 64 32 00 64 00 64 00 00 00 00 00 00 00 00 00 00 00 00 00 00 00 00 00 00 00 00 00 00 00 00 00 00 00 00 00 00 00 00 00 00 00 01 0A 05 4D 20 0C 2B 64 32 00 64 16 0A 32 03 10 16 0A 32 28 37 01 00 00 00 00 00 00 00 00 00 00 00 08 03 10 1D 0A 41 64 32 00 64 16 0A 32 03 10 16 0A 32 28 37 01 00 00 00 00 00 00 00 00 00 00 01 04 1D 00 0A 0E 08 05 1A 64 05 64 00 00 00 00 00 00 00 37 F7
[DEBUG] F0 41 00 00 00 00 33 12 60 00 05 53 64 00 64 64 00 24 32 64 00 64 00 64 64 00 64 01 00 32 32 00 05 32 00 00 00 00 00 00 00 64 00 00 00 00 00 00 00 00 00 00 00 00 00 00 00 11 0B 0F 05 04 02 0D 0C 00 01 06 07 08 09 12 03 0A 13 0E 10 00 32 00 00 07 01 32 00 00 00 00 00 01 00 00 00 01 00 02 26 03 04 23 24 0F 0A 00 09 04 04 03 08 0A 0A 02 02 02 02 01 01 00 00 02 00 02 00 04 01 00 00 00 00 00 00 00 00 00 00 00 00 03 4E 28 48 50 41 4D 1B 00 00 1B 0E 00 03 00 00 01 01 00 00 00 00 00 00 00 00 00 00 00 00 00 00 00 00 00 00 00 00 00 00 00 00 00 00 00 00 00 00 00 00 00 00 00 00 00 00 00 00 00 00 00 00 00 00 00 00 00 00 00 00 00 00 00 00 00 00 00 00 00 00 00 00 00 00 00 00 00 00 00 00 00 00 00 00 00 00 00 00 00 00 00 00 00 00 00 00 00 00 00 00 00 00 00 00 00 00 6C F7
[DEBUG] F0 41 00 00 00 00 33 12 60 00 08 00 00 00 00 00 00 00 00 00 00 00 00 00 00 00 00 00 00 00 00 00 00 00 00 00 00 00 00 00 00 00 00 00 00 00 00 00 00 00 00 00 00 00 00 00 00 00 00 00 00 64 00 00 00 64 00 00 00 64 00 64 00 64 00 64 00 64 00 64 00 64 00 64 00 64 00 64 00 64 00 64 00 64 00 64 00 64 00 64 00 64 00 64 00 64 00 64 00 64 00 64 00 64 00 00 00 64 00 00 00 64 00 64 00 64 00 64 00 64 00 00 00 64 00 64 00 00 00 00 00 00 00 00 00 00 00 00 00 00 00 00 00 00 00 00 00 00 00 00 00 00 00 00 00 00 00 00 00 00 00 00 00 00 00 00 00 00 00 00 00 00 00 00 00 00 00 00 00 64 00 00 00 64 00 00 00 64 00 64 00 64 00 64 00 64 00 64 00 64 00 64 00 64 00 64 00 64 00 64 00 64 00 64 00 64 00 64 00 64 00 64 00 64 00 64 00 64 00 64 00 64 00 00 00 64 00 00 00 64 00 64 00 44 F7
[DEBUG] SEND: F0 41 00 00 00 00 33 12 60 00 00 21 18 67 F7
[DEBUG] F0 41 00 00 00 00 33 12 60 00 09 71 64 00 64 00 64 00 00 00 64 00 64 00 00 00 00 00 00 00 00 00 00 00 00 00 00 00 00 00 00 00 00 00 00 00 00 00 00 00 00 00 00 00 00 00 00 00 00 00 00 00 00 00 00 00 00 00 00 00 00 00 00 00 00 00 64 00 00 00 64 00 00 00 64 00 64 00 64 00 64 00 64 00 64 00 64 00 64 00 64 00 64 00 64 00 64 00 64 00 64 00 64 00 64 00 64 00 64 00 64 00 64 00 64 00 64 00 64 00 00 00 64 00 00 00 64 00 64 00 64 00 64 00 64 00 00 00 64 00 64 4E F7
[DEBUG] F0 41 00 00 00 00 33 12 60 00 06 58 00 42 F7
[DEBUG] F0 41 00 00 00 00 33 12 60 00 06 59 00 41 F7
[DEBUG] SEND: F0 41 00 00 00 00 33 12 60 00 00 21 1F 60 F7
[DEBUG] SEND: F0 41 00 00 00 00 33 12 60 00 06 51 4E 7B F7
[DEBUG] SEND: F0 41 00 00 00 00 33 12 60 00 00 28 28 50 F7
[DEBUG] F0 41 00 00 00 00 33 12 60 00 06 5C 01 3D F7
[DEBUG] F0 41 00 00 00 00 33 12 00 01 00 00 00 01 7E F7
[DEBUG] F0 41 00 00 00 00 33 12 60 00 00 00 43 6C 65 61 6E 20 72 65 76 65 72 62 20 20 20 20 01 0A 32 3C 32 00 32 28 00 00 32 32 32 32 32 00 01 08 38 0A 32 32 32 2E 2E 01 01 00 32 00 01 01 05 64 00 00 32 32 05 05 32 32 32 07 0A 0A 02 00 00 00 00 14 0E 01 14 17 01 14 14 0E 14 18 18 18 18 18 18 18 18 18 18 18 00 00 00 00 00 00 00 00 00 00 00 14 0E 01 14 17 01 14 14 0E 14 18 18 18 18 18 18 18 18 18 18 18 00 00 00 00 00 00 00 00 00 1D 01 01 32 23 23 00 32 01 23 32 32 3C 00 32 00 64 00 64 64 00 00 32 32 32 32 00 00 1E 0B 0A 1E 14 14 14 14 14 14 14 14 14 14 14 00 14 0D 01 14 17 01 14 14 0E 14 00 32 32 32 32 2D 32 3C 00 28 1E 28 32 32 19 00 00 3E 64 00 01 18 3C 00 00 46 01 18 28 00 00 46 00 64 01 0C 00 00 46 07 00 00 50 00 64 18 18 18 18 18 18 18 18 18 18 18 18 18 25 F7
[DEBUG] F0 41 00 00 00 00 33 12 60 00 01 71 18 18 18 18 18 18 18 18 18 18 18 01 32 32 10 32 32 32 00 46 28 37 00 00 64 00 1F 28 52 32 00 00 3C 00 46 55 41 32 01 1E 55 00 00 3C 32 46 3C 64 00 32 32 32 00 50 2D 01 00 32 00 32 64 64 01 00 02 32 50 64 32 64 04 2B 2E 03 4B 21 30 03 41 50 32 32 32 00 32 01 32 2D 32 32 50 64 00 64 64 00 00 32 32 03 10 32 64 32 00 00 00 00 00 00 00 00 00 00 00 00 00 00 00 00 00 00 00 00 00 00 00 00 00 00 00 00 00 00 00 00 00 00 00 00 00 00 00 00 15 01 01 32 23 23 00 32 01 23 32 32 3C 00 32 00 64 00 64 64 00 00 32 32 32 32 00 00 1E 0B 0A 1E 14 14 14 14 14 14 14 14 14 14 14 00 14 0D 01 14 17 01 14 14 0E 14 00 32 32 32 32 2D 32 3C 00 28 1E 28 32 32 19 00 00 3E 64 00 01 18 3C 00 00 46 01 18 28 00 00 46 00 64 01 0C 00 00 46 07 00 00 50 0F F7
[DEBUG] F0 41 00 00 00 00 33 12 60 00 03 62 00 64 18 18 18 18 18 18 18 18 18 18 18 18 18 18 18 18 18 18 18 18 18 18 18 18 01 32 32 10 32 32 32 00 46 28 37 00 00 64 00 1F 28 52 32 00 00 3C 00 46 55 41 32 01 1E 55 00 00 3C 32 46 3C 64 00 32 32 32 00 50 2D 01 00 32 00 32 64 64 01 00 02 32 50 64 32 64 04 2B 2E 03 4B 21 30 03 41 50 32 32 32 00 32 01 32 2D 32 32 50 64 00 64 64 00 00 32 00 03 10 32 64 32 00 00 00 00 00 00 00 00 00 00 00 00 00 00 00 00 00 00 00 00 00 00 00 00 00 00 00 00 00 00 00 00 00 00 00 00 00 00 00 00 00 04 7E 1F 0C 3C 64 32 07 68 16 0A 32 03 10 16 0A 32 28 37 01 00 00 00 00 00 00 00 00 00 00 00 00 03 10 16 0A 32 64 32 07 68 16 0A 32 03 10 16 0A 32 28 37 01 00 00 00 00 00 00 00 00 00 00 01 04 1D 00 0A 0E 08 08 3E 64 00 32 00 00 00 00 00 00 00 1E F7
[DEBUG] F0 41 00 00 00 00 33 12 60 00 05 53 64 00 64 64 00 24 00 64 00 00 00 00 00 00 64 01 00 32 32 00 05 32 00 00 00 00 00 00 00 64 00 00 00 00 00 00 00 00 00 00 00 00 00 00 00 11 0B 0F 05 02 0D 0C 04 07 06 08 09 01 12 00 03 0A 13 0E 10 00 00 00 00 07 00 32 00 00 00 00 00 01 00 01 00 0A 0B 0E 1D 14 13 15 00 0E 00 07 08 04 05 03 00 07 08 02 02 02 00 00 00 00 00 02 00 02 00 04 01 00 00 00 00 00 00 00 00 00 00 00 00 01 2D 2E 32 32 32 2E 49 00 00 00 2C 00 01 00 00 00 01 00 00 00 00 00 00 00 00 00 00 00 00 00 00 00 00 00 00 00 00 00 00 00 00 00 00 00 00 00 00 00 00 00 00 00 00 00 00 00 00 00 00 00 00 00 00 00 00 00 00 00 00 00 00 00 00 00 00 00 00 00 00 00 00 00 00 00 00 00 00 00 00 00 00 00 00 00 00 00 00 00 00 00 00 00 00 00 00 00 00 00 00 00 00 00 00 00 00 5D F7
[DEBUG] F0 41 00 00 00 00 33 12 60 00 08 00 00 00 00 00 00 00 00 00 00 00 00 00 00 00 00 00 00 00 00 00 00 00 00 00 00 00 00 00 00 00 00 00 00 00 00 00 00 00 00 00 00 00 00 00 00 00 00 00 00 64 00 00 00 64 00 00 00 64 00 64 00 64 00 64 00 64 00 64 00 64 00 64 00 64 00 64 00 64 00 64 00 64 00 64 00 64 00 64 00 64 00 64 00 64 00 64 00 64 00 64 00 64 00 00 00 64 00 00 00 64 00 64 00 64 00 64 00 64 00 00 00 64 00 00 00 00 00 00 00 00 00 00 00 00 00 00 00 00 00 00 00 00 00 00 00 00 00 00 00 00 00 00 00 00 00 00 00 00 00 00 00 00 00 00 00 00 00 00 00 00 00 00 00 00 00 00 00 64 00 00 00 64 00 00 00 64 00 64 00 64 00 64 00 64 00 64 00 64 00 64 00 64 00 64 00 64 00 64 00 64 00 64 00 64 00 64 00 64 00 64 00 64 00 64 00 64 00 64 00 64 00 00 00 64 00 00 00 64 00 64 00 28 F7
[DEBUG] SEND: F0 41 00 00 00 00 33 12 60 00 00 21 08 77 F7
[DEBUG] F0 41 00 00 00 00 33 12 60 00 09 71 64 00 64 00 64 00 00 00 64 00 00 00 00 00 00 00 00 00 00 00 00 00 00 00 00 00 00 00 00 00 00 00 00 00 00 00 00 00 00 00 00 00 00 00 00 00 00 00 00 00 00 00 00 00 00 00 00 00 00 00 00 00 00 00 64 00 00 00 64 00 00 00 64 00 64 00 64 00 64 00 64 00 64 00 64 00 64 00 64 00 64 00 64 00 64 00 64 00 64 00 64 00 64 00 64 00 64 00 64 00 64 00 64 00 64 00 64 00 00 00 64 00 00 00 64 00 64 00 64 00 64 00 64 00 00 00 64 00 00 16 F7
[DEBUG] F0 41 00 00 00 00 33 12 60 00 06 51 2D 1C F7
[DEBUG] F0 41 00 00 00 00 33 12 60 00 06 57 49 7A F7
[DEBUG] F0 41 00 00 00 00 33 12 60 00 06 5D 01 3C F7
[DEBUG] SEND: F0 41 00 00 00 00 33 12 60 00 00 21 1D 62 F7
[DEBUG] SEND: F0 41 00 00 00 00 33 12 60 00 06 51 2D 1C F7
[DEBUG] SEND: F0 41 00 00 00 00 33 12 60 00 00 28 2E 4A F7
[DEBUG] F0 41 00 00 00 00 33 12 60 00 06 5C 01 3D F7
[DEBUG] F0 41 00 00 00 00 33 12 00 01 00 00 00 07 78 F7
[DEBUG] F0 41 00 00 00 00 33 12 60 00 00 00 4B 61 74 61 6E 61 20 43 6C 65 61 6E 20 20 20 20 00 0A 32 3C 32 00 32 28 00 00 32 32 32 32 32 00 01 1E 25 0A 32 32 32 32 32 00 01 00 32 00 01 01 05 64 00 00 32 32 05 05 32 32 32 07 0A 0A 02 00 00 00 00 14 0E 01 14 17 01 14 14 0E 14 18 18 18 18 18 18 18 18 18 18 18 00 00 00 00 00 00 00 00 00 00 00 14 0E 01 14 17 01 14 14 0E 14 18 18 18 18 18 18 18 18 18 18 18 00 00 00 00 00 00 00 00 01 1D 01 01 32 23 23 00 32 01 23 32 32 3C 00 32 00 64 00 64 64 00 00 32 32 32 32 00 00 1E 0B 0A 1E 14 14 14 14 14 14 14 14 14 14 14 00 14 0D 01 14 17 01 14 14 0E 14 00 32 32 32 32 2D 32 3C 00 28 1E 28 32 32 19 00 00 3E 64 00 01 18 3C 00 00 46 01 18 28 00 00 46 00 64 01 0C 00 00 46 07 00 00 50 00 64 18 18 18 18 18 18 18 18 18 18 18 18 18 51 F7
[DEBUG] F0 41 00 00 00 00 33 12 60 00 01 71 18 18 18 18 18 18 18 18 18 18 18 01 32 32 10 32 32 32 00 46 28 37 00 00 64 00 1F 28 52 32 00 00 3C 00 46 55 41 32 01 1E 55 00 00 3C 32 46 3C 64 00 32 32 32 00 50 2D 01 00 32 00 32 64 64 01 00 02 32 50 64 32 64 04 2B 2E 03 4B 21 30 03 41 50 32 32 32 00 32 01 32 2D 32 32 50 64 00 64 64 00 00 32 32 03 10 32 64 32 00 00 00 00 00 00 00 00 00 00 00 00 00 00 00 00 00 00 00 00 00 00 00 00 00 00 00 00 00 00 00 00 00 00 00 00 00 00 00 00 15 01 01 32 23 23 00 32 01 23 32 32 3C 00 32 00 64 00 64 64 00 00 32 32 32 32 00 00 1E 0B 0A 1E 14 14 14 14 14 14 14 14 14 14 14 00 14 0D 01 14 17 01 14 14 0E 14 00 32 32 32 32 2D 32 3C 00 28 1E 28 32 32 19 00 00 3E 64 00 01 18 3C 00 00 46 01 18 28 00 00 46 00 64 01 0C 00 00 46 07 00 00 50 0F F7
[DEBUG] F0 41 00 00 00 00 33 12 60 00 03 62 00 64 18 18 18 18 18 18 18 18 18 18 18 18 18 18 18 18 18 18 18 18 18 18 18 18 01 32 32 10 32 32 32 00 46 28 37 00 00 64 00 1F 28 52 32 00 00 3C 00 46 55 41 32 01 1E 55 00 00 3C 32 46 3C 64 00 32 32 32 00 50 2D 01 00 32 00 32 64 64 01 00 02 32 50 64 32 64 04 2B 2E 03 4B 21 30 03 41 50 32 32 32 00 32 01 32 2D 32 32 50 64 00 64 64 00 00 32 00 03 10 32 64 32 00 00 00 00 00 00 00 00 00 00 00 00 00 00 00 00 00 00 00 00 00 00 00 00 00 00 00 00 00 00 00 00 00 00 00 00 00 00 00 00 00 03 10 16 0A 32 64 32 07 68 16 0A 32 03 10 16 0A 32 28 37 01 00 00 00 00 00 00 00 00 00 00 00 00 03 10 16 0A 32 64 32 07 68 16 0A 32 03 10 16 0A 32 28 37 01 00 00 00 00 00 00 00 00 00 00 00 04 1D 00 0A 0E 08 08 23 64 00 32 00 00 00 00 00 00 00 3E F7
[DEBUG] F0 41 00 00 00 00 33 12 60 00 05 53 64 00 64 64 00 24 00 64 00 00 00 00 00 00 64 01 00 32 32 00 05 32 00 00 00 00 00 00 00 64 00 00 00 00 00 00 00 00 00 00 00 00 00 00 00 11 0B 0F 05 02 0D 0C 04 01 07 06 08 09 12 00 03 0A 13 0E 10 00 00 00 00 07 00 32 00 00 00 00 00 01 00 01 00 0A 0B 0E 1D 14 13 15 00 0E 00 07 08 04 05 03 00 07 08 02 02 02 00 00 00 00 00 02 00 02 00 04 01 00 00 00 00 00 00 00 00 00 00 00 00 02 15 32 32 32 32 32 00 27 00 00 00 01 00 01 00 00 00 00 00 00 00 00 00 00 00 00 00 00 00 00 00 00 00 00 00 00 00 00 00 00 00 00 00 00 00 00 00 00 00 00 00 00 00 00 00 00 00 00 00 00 00 00 00 00 00 00 00 00 00 00 00 00 00 00 00 00 00 00 00 00 00 00 00 00 00 00 00 00 00 00 00 00 00 00 00 00 00 00 00 00 00 00 00 00 00 00 00 00 00 00 00 00 00 00 00 3A F7
[DEBUG] F0 41 00 00 00 00 33 12 60 00 08 00 00 00 00 00 00 00 00 00 00 00 00 00 00 00 00 00 00 00 00 00 00 00 00 00 00 00 00 00 00 00 00 00 00 00 00 00 00 00 00 00 00 00 00 00 00 00 00 00 00 64 00 00 00 64 00 00 00 64 00 64 00 64 00 64 00 64 00 64 00 64 00 64 00 64 00 64 00 64 00 64 00 64 00 64 00 64 00 64 00 64 00 64 00 64 00 64 00 64 00 64 00 64 00 00 00 64 00 00 00 64 00 64 00 64 00 64 00 64 00 00 00 64 00 00 00 00 00 00 00 00 00 00 00 00 00 00 00 00 00 00 00 00 00 00 00 00 00 00 00 00 00 00 00 00 00 00 00 00 00 00 00 00 00 00 00 00 00 00 00 00 00 00 00 00 00 00 00 64 00 00 00 64 00 00 00 64 00 64 00 64 00 64 00 64 00 64 00 64 00 64 00 64 00 64 00 64 00 64 00 64 00 64 00 64 00 64 00 64 00 64 00 64 00 64 00 64 00 64 00 64 00 00 00 64 00 00 00 64 00 64 00 28 F7
[DEBUG] SEND: F0 41 00 00 00 00 33 12 60 00 00 21 0B 74 F7
[DEBUG] F0 41 00 00 00 00 33 12 60 00 09 71 64 00 64 00 64 00 00 00 64 00 00 00 00 00 00 00 00 00 00 00 00 00 00 00 00 00 00 00 00 00 00 00 00 00 00 00 00 00 00 00 00 00 00 00 00 00 00 00 00 00 00 00 00 00 00 00 00 00 00 00 00 00 00 00 64 00 00 00 64 00 00 00 64 00 64 00 64 00 64 00 64 00 64 00 64 00 64 00 64 00 64 00 64 00 64 00 64 00 64 00 64 00 64 00 64 00 64 00 64 00 64 00 64 00 64 00 64 00 00 00 64 00 00 00 64 00 64 00 64 00 64 00 64 00 00 00 64 00 00 16 F7
[DEBUG] F0 41 00 00 00 00 33 12 60 00 06 50 02 48 F7
[DEBUG] F0 41 00 00 00 00 33 12 60 00 06 51 15 34 F7
[DEBUG] F0 41 00 00 00 00 33 12 60 00 06 52 32 16 F7
[DEBUG] SEND: F0 41 00 00 00 00 33 12 60 00 00 21 1E 61 F7
[DEBUG] SEND: F0 41 00 00 00 00 33 12 60 00 00 21 1E 61 F7
[DEBUG] SEND: F0 41 00 00 00 00 33 12 60 00 06 51 15 34 F7
[DEBUG] SEND: F0 41 00 00 00 00 33 12 60 00 00 28 32 46 F7
[DEBUG] F0 41 00 00 00 00 33 12 60 00 06 53 32 15 F7
[DEBUG] F0 41 00 00 00 00 33 12 60 00 06 54 32 14 F7
[DEBUG] F0 41 00 00 00 00 33 12 60 00 06 55 32 13 F7
[DEBUG] F0 41 00 00 00 00 33 12 60 00 06 56 32 12 F7
[DEBUG] F0 41 00 00 00 00 33 12 60 00 06 57 00 43 F7
[DEBUG] F0 41 00 00 00 00 33 12 60 00 06 58 27 1B F7
[DEBUG] F0 41 00 00 00 00 33 12 60 00 06 59 00 41 F7
[DEBUG] F0 41 00 00 00 00 33 12 60 00 06 5A 00 40 F7
[DEBUG] F0 41 00 00 00 00 33 12 60 00 06 5B 00 3F F7
[DEBUG] F0 41 00 00 00 00 33 12 60 00 06 5E 01 3B F7
[DEBUG] F0 41 00 00 00 00 33 12 00 01 00 00 00 06 79 F7
[DEBUG] F0 41 00 00 00 00 33 12 60 00 00 00 4D 6F 64 65 72 6E 20 4C 65 61 64 20 20 20 20 20 01 02 31 3C 32 00 32 28 00 00 32 32 32 32 32 00 01 18 52 0A 48 50 41 4D 28 00 01 00 32 00 01 01 05 64 00 00 32 32 05 05 32 32 32 07 0A 0A 02 00 00 00 00 14 0E 01 14 17 01 14 14 0E 14 18 18 18 18 18 18 18 18 18 18 18 00 00 00 00 00 00 00 00 00 00 00 14 0E 01 14 17 01 14 14 0E 14 18 18 18 18 18 18 18 18 18 18 18 00 00 00 00 00 00 00 00 00 03 01 01 32 23 23 00 32 01 23 32 32 3C 00 32 00 64 00 64 64 00 00 32 32 32 32 00 00 1E 0B 0A 1E 14 14 14 14 14 14 14 14 14 14 14 00 14 0D 01 14 17 01 14 14 0E 14 00 32 32 32 32 2D 32 3C 00 28 1E 28 32 32 19 00 00 3E 64 00 01 18 3C 00 00 46 01 18 28 00 00 46 00 64 01 0C 00 00 46 07 00 00 50 00 64 18 18 18 18 18 18 18 18 18 18 18 18 18 31 F7
[DEBUG] F0 41 00 00 00 00 33 12 60 00 01 71 18 18 18 18 18 18 18 18 18 18 18 01 32 32 10 32 32 32 00 46 28 37 00 00 64 00 1F 28 52 32 00 00 3C 00 46 55 41 32 01 1E 55 00 00 3C 32 46 3C 64 00 32 32 32 00 50 2D 01 00 32 00 32 64 64 01 00 02 32 50 64 32 64 04 2B 2E 03 4B 21 30 03 41 50 32 32 32 32 32 01 32 2D 32 30 41 64 00 64 64 00 00 32 32 03 10 32 64 32 00 64 00 64 00 00 00 00 00 00 00 00 00 00 00 00 00 00 00 00 00 00 00 00 00 00 00 00 00 00 00 00 00 00 00 00 00 00 00 00 24 01 01 32 23 23 00 32 01 23 32 32 3C 00 32 00 64 00 64 64 00 00 32 32 32 32 00 00 1E 0B 0A 1E 14 14 14 14 14 14 14 14 14 14 14 00 14 0D 01 14 17 01 14 14 0E 14 00 32 32 32 32 2D 32 3C 00 28 1E 28 32 32 19 00 00 3E 64 00 01 18 3C 00 00 46 01 18 28 00 00 46 00 64 01 0C 00 00 46 07 00 00 50 17 F7
[DEBUG] F0 41 00 00 00 00 33 12 60 00 03 62 00 64 18 18 18 18 18 18 18 18 18 18 18 18 18 18 18 18 18 18 18 18 18 18 18 18 01 32 32 10 32 32 32 00 46 28 37 00 00 64 00 1F 28 52 32 00 00 3C 00 46 55 41 32 01 1E 55 00 00 3C 32 46 3C 64 00 32 32 32 00 50 2D 01 00 32 00 32 64 64 01 00 02 32 50 64 32 64 04 2B 2E 03 4B 21 30 03 41 50 32 32 32 32 32 01 0A 2D 32 32 50 64 00 64 64 00 00 32 32 03 10 32 64 32 00 64 00 64 00 00 00 00 00 00 00 00 00 00 00 00 00 00 00 00 00 00 00 00 00 00 00 00 00 00 00 00 00 00 00 00 00 00 00 01 0A 05 4D 20 0C 2B 64 32 00 64 16 0A 32 03 10 16 0A 32 28 37 01 00 00 00 00 00 00 00 00 00 00 00 08 03 10 1D 0A 41 64 32 00 64 16 0A 32 03 10 16 0A 32 28 37 01 00 00 00 00 00 00 00 00 00 00 01 04 1D 00 0A 0E 08 05 1A 64 05 64 00 00 00 00 00 00 00 37 F7
[DEBUG] F0 41 00 00 00 00 33 12 60 00 05 53 64 00 64 64 00 24 32 64 00 64 00 64 64 00 64 01 00 32 32 00 05 32 00 00 00 00 00 00 00 64 00 00 00 00 00 00 00 00 00 00 00 00 00 00 00 11 0B 0F 05 04 02 0D 0C 00 01 06 07 08 09 12 03 0A 13 0E 10 00 32 00 00 07 01 32 00 00 00 00 00 01 00 00 00 01 00 02 26 03 04 23 24 0F 0A 00 09 04 04 03 08 0A 0A 02 02 02 02 01 01 00 00 02 00 02 00 04 01 00 00 00 00 00 00 00 00 00 00 00 00 03 4E 28 48 50 41 4D 1B 00 00 1B 0E 00 03 00 00 01 01 00 00 00 00 00 00 00 00 00 00 00 00 00 00 00 00 00 00 00 00 00 00 00 00 00 00 00 00 00 00 00 00 00 00 00 00 00 00 00 00 00 00 00 00 00 00 00 00 00 00 00 00 00 00 00 00 00 00 00 00 00 00 00 00 00 00 00 00 00 00 00 00 00 00 00 00 00 00 00 00 00 00 00 00 00 00 00 00 00 00 00 00 00 00 00 00 00 00 6C F7
[DEBUG] F0 41 00 00 00 00 33 12 60 00 08 00 00 00 00 00 00 00 00 00 00 00 00 00 00 00 00 00 00 00 00 00 00 00 00 00 00 00 00 00 00 00 00 00 00 00 00 00 00 00 00 00 00 00 00 00 00 00 00 00 00 64 00 00 00 64 00 00 00 64 00 64 00 64 00 64 00 64 00 64 00 64 00 64 00 64 00 64 00 64 00 64 00 64 00 64 00 64 00 64 00 64 00 64 00 64 00 64 00 64 00 64 00 64 00 00 00 64 00 00 00 64 00 64 00 64 00 64 00 64 00 00 00 64 00 64 00 00 00 00 00 00 00 00 00 00 00 00 00 00 00 00 00 00 00 00 00 00 00 00 00 00 00 00 00 00 00 00 00 00 00 00 00 00 00 00 00 00 00 00 00 00 00 00 00 00 00 00 00 64 00 00 00 64 00 00 00 64 00 64 00 64 00 64 00 64 00 64 00 64 00 64 00 64 00 64 00 64 00 64 00 64 00 64 00 64 00 64 00 64 00 64 00 64 00 64 00 64 00 64 00 64 00 00 00 64 00 00 00 64 00 64 00 44 F7
[DEBUG] SEND: F0 41 00 00 00 00 33 12 60 00 00 21 18 67 F7
[DEBUG] F0 41 00 00 00 00 33 12 60 00 09 71 64 00 64 00 64 00 00 00 64 00 64 00 00 00 00 00 00 00 00 00 00 00 00 00 00 00 00 00 00 00 00 00 00 00 00 00 00 00 00 00 00 00 00 00 00 00 00 00 00 00 00 00 00 00 00 00 00 00 00 00 00 00 00 00 64 00 00 00 64 00 00 00 64 00 64 00 64 00 64 00 64 00 64 00 64 00 64 00 64 00 64 00 64 00 64 00 64 00 64 00 64 00 64 00 64 00 64 00 64 00 64 00 64 00 64 00 64 00 00 00 64 00 00 00 64 00 64 00 64 00 64 00 64 00 00 00 64 00 64 4E F7
[DEBUG] F0 41 00 00 00 00 33 12 60 00 06 58 00 42 F7
[DEBUG] F0 41 00 00 00 00 33 12 60 00 06 59 00 41 F7
[DEBUG] SEND: F0 41 00 00 00 00 33 12 60 00 00 21 1F 60 F7
[DEBUG] SEND: F0 41 00 00 00 00 33 12 60 00 06 51 4E 7B F7
[DEBUG] SEND: F0 41 00 00 00 00 33 12 60 00 00 28 28 50 F7
[DEBUG] F0 41 00 00 00 00 33 12 60 00 06 5C 01 3D F7
[DEBUG] SEND: F0 41 00 00 00 00 33 12 60 00 00 21 18 67 F7
[DEBUG] F0 41 00 00 00 00 33 12 60 00 06 5C 00 3E F7
[DEBUG] F0 41 00 00 00 00 33 12 00 01 00 00 00 07 78 F7
[DEBUG] F0 41 00 00 00 00 33 12 60 00 00 00 4B 61 74 61 6E 61 20 43 6C 65 61 6E 20 20 20 20 00 0A 32 3C 32 00 32 28 00 00 32 32 32 32 32 00 01 1E 25 0A 32 32 32 32 32 00 01 00 32 00 01 01 05 64 00 00 32 32 05 05 32 32 32 07 0A 0A 02 00 00 00 00 14 0E 01 14 17 01 14 14 0E 14 18 18 18 18 18 18 18 18 18 18 18 00 00 00 00 00 00 00 00 00 00 00 14 0E 01 14 17 01 14 14 0E 14 18 18 18 18 18 18 18 18 18 18 18 00 00 00 00 00 00 00 00 01 1D 01 01 32 23 23 00 32 01 23 32 32 3C 00 32 00 64 00 64 64 00 00 32 32 32 32 00 00 1E 0B 0A 1E 14 14 14 14 14 14 14 14 14 14 14 00 14 0D 01 14 17 01 14 14 0E 14 00 32 32 32 32 2D 32 3C 00 28 1E 28 32 32 19 00 00 3E 64 00 01 18 3C 00 00 46 01 18 28 00 00 46 00 64 01 0C 00 00 46 07 00 00 50 00 64 18 18 18 18 18 18 18 18 18 18 18 18 18 51 F7
[DEBUG] F0 41 00 00 00 00 33 12 60 00 01 71 18 18 18 18 18 18 18 18 18 18 18 01 32 32 10 32 32 32 00 46 28 37 00 00 64 00 1F 28 52 32 00 00 3C 00 46 55 41 32 01 1E 55 00 00 3C 32 46 3C 64 00 32 32 32 00 50 2D 01 00 32 00 32 64 64 01 00 02 32 50 64 32 64 04 2B 2E 03 4B 21 30 03 41 50 32 32 32 00 32 01 32 2D 32 32 50 64 00 64 64 00 00 32 32 03 10 32 64 32 00 00 00 00 00 00 00 00 00 00 00 00 00 00 00 00 00 00 00 00 00 00 00 00 00 00 00 00 00 00 00 00 00 00 00 00 00 00 00 00 15 01 01 32 23 23 00 32 01 23 32 32 3C 00 32 00 64 00 64 64 00 00 32 32 32 32 00 00 1E 0B 0A 1E 14 14 14 14 14 14 14 14 14 14 14 00 14 0D 01 14 17 01 14 14 0E 14 00 32 32 32 32 2D 32 3C 00 28 1E 28 32 32 19 00 00 3E 64 00 01 18 3C 00 00 46 01 18 28 00 00 46 00 64 01 0C 00 00 46 07 00 00 50 0F F7
[DEBUG] F0 41 00 00 00 00 33 12 60 00 03 62 00 64 18 18 18 18 18 18 18 18 18 18 18 18 18 18 18 18 18 18 18 18 18 18 18 18 01 32 32 10 32 32 32 00 46 28 37 00 00 64 00 1F 28 52 32 00 00 3C 00 46 55 41 32 01 1E 55 00 00 3C 32 46 3C 64 00 32 32 32 00 50 2D 01 00 32 00 32 64 64 01 00 02 32 50 64 32 64 04 2B 2E 03 4B 21 30 03 41 50 32 32 32 00 32 01 32 2D 32 32 50 64 00 64 64 00 00 32 00 03 10 32 64 32 00 00 00 00 00 00 00 00 00 00 00 00 00 00 00 00 00 00 00 00 00 00 00 00 00 00 00 00 00 00 00 00 00 00 00 00 00 00 00 00 00 03 10 16 0A 32 64 32 07 68 16 0A 32 03 10 16 0A 32 28 37 01 00 00 00 00 00 00 00 00 00 00 00 00 03 10 16 0A 32 64 32 07 68 16 0A 32 03 10 16 0A 32 28 37 01 00 00 00 00 00 00 00 00 00 00 00 04 1D 00 0A 0E 08 08 23 64 00 32 00 00 00 00 00 00 00 3E F7
[DEBUG] F0 41 00 00 00 00 33 12 60 00 05 53 64 00 64 64 00 24 00 64 00 00 00 00 00 00 64 01 00 32 32 00 05 32 00 00 00 00 00 00 00 64 00 00 00 00 00 00 00 00 00 00 00 00 00 00 00 11 0B 0F 05 02 0D 0C 04 01 07 06 08 09 12 00 03 0A 13 0E 10 00 00 00 00 07 00 32 00 00 00 00 00 01 00 01 00 0A 0B 0E 1D 14 13 15 00 0E 00 07 08 04 05 03 00 07 08 02 02 02 00 00 00 00 00 02 00 02 00 04 01 00 00 00 00 00 00 00 00 00 00 00 00 02 15 32 32 32 32 32 00 27 00 00 00 01 00 01 00 00 00 00 00 00 00 00 00 00 00 00 00 00 00 00 00 00 00 00 00 00 00 00 00 00 00 00 00 00 00 00 00 00 00 00 00 00 00 00 00 00 00 00 00 00 00 00 00 00 00 00 00 00 00 00 00 00 00 00 00 00 00 00 00 00 00 00 00 00 00 00 00 00 00 00 00 00 00 00 00 00 00 00 00 00 00 00 00 00 00 00 00 00 00 00 00 00 00 00 00 3A F7
[DEBUG] F0 41 00 00 00 00 33 12 60 00 08 00 00 00 00 00 00 00 00 00 00 00 00 00 00 00 00 00 00 00 00 00 00 00 00 00 00 00 00 00 00 00 00 00 00 00 00 00 00 00 00 00 00 00 00 00 00 00 00 00 00 64 00 00 00 64 00 00 00 64 00 64 00 64 00 64 00 64 00 64 00 64 00 64 00 64 00 64 00 64 00 64 00 64 00 64 00 64 00 64 00 64 00 64 00 64 00 64 00 64 00 64 00 64 00 00 00 64 00 00 00 64 00 64 00 64 00 64 00 64 00 00 00 64 00 00 00 00 00 00 00 00 00 00 00 00 00 00 00 00 00 00 00 00 00 00 00 00 00 00 00 00 00 00 00 00 00 00 00 00 00 00 00 00 00 00 00 00 00 00 00 00 00 00 00 00 00 00 00 64 00 00 00 64 00 00 00 64 00 64 00 64 00 64 00 64 00 64 00 64 00 64 00 64 00 64 00 64 00 64 00 64 00 64 00 64 00 64 00 64 00 64 00 64 00 64 00 64 00 64 00 64 00 00 00 64 00 00 00 64 00 64 00 28 F7
[DEBUG] SEND: F0 41 00 00 00 00 33 12 60 00 00 21 0B 74 F7
[DEBUG] F0 41 00 00 00 00 33 12 60 00 09 71 64 00 64 00 64 00 00 00 64 00 00 00 00 00 00 00 00 00 00 00 00 00 00 00 00 00 00 00 00 00 00 00 00 00 00 00 00 00 00 00 00 00 00 00 00 00 00 00 00 00 00 00 00 00 00 00 00 00 00 00 00 00 00 00 64 00 00 00 64 00 00 00 64 00 64 00 64 00 64 00 64 00 64 00 64 00 64 00 64 00 64 00 64 00 64 00 64 00 64 00 64 00 64 00 64 00 64 00 64 00 64 00 64 00 64 00 64 00 00 00 64 00 00 00 64 00 64 00 64 00 64 00 64 00 00 00 64 00 00 16 F7
[DEBUG] F0 41 00 00 00 00 33 12 60 00 06 50 02 48 F7
[DEBUG] F0 41 00 00 00 00 33 12 60 00 06 51 15 34 F7
[DEBUG] F0 41 00 00 00 00 33 12 60 00 06 52 32 16 F7
[DEBUG] SEND: F0 41 00 00 00 00 33 12 60 00 00 21 1E 61 F7
[DEBUG] SEND: F0 41 00 00 00 00 33 12 60 00 00 21 1E 61 F7
[DEBUG] SEND: F0 41 00 00 00 00 33 12 60 00 06 51 15 34 F7
[DEBUG] SEND: F0 41 00 00 00 00 33 12 60 00 00 28 32 46 F7
[DEBUG] F0 41 00 00 00 00 33 12 60 00 06 53 32 15 F7
[DEBUG] F0 41 00 00 00 00 33 12 60 00 06 54 32 14 F7
[DEBUG] F0 41 00 00 00 00 33 12 60 00 06 55 32 13 F7
[DEBUG] F0 41 00 00 00 00 33 12 60 00 06 56 32 12 F7
[DEBUG] F0 41 00 00 00 00 33 12 60 00 06 57 00 43 F7
[DEBUG] F0 41 00 00 00 00 33 12 60 00 06 58 27 1B F7
[DEBUG] F0 41 00 00 00 00 33 12 60 00 06 59 00 41 F7
[DEBUG] F0 41 00 00 00 00 33 12 60 00 06 5A 00 40 F7
[DEBUG] F0 41 00 00 00 00 33 12 60 00 06 5B 00 3F F7
[DEBUG] F0 41 00 00 00 00 33 12 60 00 06 5E 01 3B F7
[DEBUG] F0 41 00 00 00 00 33 12 00 01 00 00 00 06 79 F7
[DEBUG] F0 41 00 00 00 00 33 12 60 00 00 00 4D 6F 64 65 72 6E 20 4C 65 61 64 20 20 20 20 20 01 02 31 3C 32 00 32 28 00 00 32 32 32 32 32 00 01 18 52 0A 48 50 41 4D 28 00 01 00 32 00 01 01 05 64 00 00 32 32 05 05 32 32 32 07 0A 0A 02 00 00 00 00 14 0E 01 14 17 01 14 14 0E 14 18 18 18 18 18 18 18 18 18 18 18 00 00 00 00 00 00 00 00 00 00 00 14 0E 01 14 17 01 14 14 0E 14 18 18 18 18 18 18 18 18 18 18 18 00 00 00 00 00 00 00 00 00 03 01 01 32 23 23 00 32 01 23 32 32 3C 00 32 00 64 00 64 64 00 00 32 32 32 32 00 00 1E 0B 0A 1E 14 14 14 14 14 14 14 14 14 14 14 00 14 0D 01 14 17 01 14 14 0E 14 00 32 32 32 32 2D 32 3C 00 28 1E 28 32 32 19 00 00 3E 64 00 01 18 3C 00 00 46 01 18 28 00 00 46 00 64 01 0C 00 00 46 07 00 00 50 00 64 18 18 18 18 18 18 18 18 18 18 18 18 18 31 F7
[DEBUG] F0 41 00 00 00 00 33 12 60 00 01 71 18 18 18 18 18 18 18 18 18 18 18 01 32 32 10 32 32 32 00 46 28 37 00 00 64 00 1F 28 52 32 00 00 3C 00 46 55 41 32 01 1E 55 00 00 3C 32 46 3C 64 00 32 32 32 00 50 2D 01 00 32 00 32 64 64 01 00 02 32 50 64 32 64 04 2B 2E 03 4B 21 30 03 41 50 32 32 32 32 32 01 32 2D 32 30 41 64 00 64 64 00 00 32 32 03 10 32 64 32 00 64 00 64 00 00 00 00 00 00 00 00 00 00 00 00 00 00 00 00 00 00 00 00 00 00 00 00 00 00 00 00 00 00 00 00 00 00 00 00 24 01 01 32 23 23 00 32 01 23 32 32 3C 00 32 00 64 00 64 64 00 00 32 32 32 32 00 00 1E 0B 0A 1E 14 14 14 14 14 14 14 14 14 14 14 00 14 0D 01 14 17 01 14 14 0E 14 00 32 32 32 32 2D 32 3C 00 28 1E 28 32 32 19 00 00 3E 64 00 01 18 3C 00 00 46 01 18 28 00 00 46 00 64 01 0C 00 00 46 07 00 00 50 17 F7
[DEBUG] F0 41 00 00 00 00 33 12 60 00 03 62 00 64 18 18 18 18 18 18 18 18 18 18 18 18 18 18 18 18 18 18 18 18 18 18 18 18 01 32 32 10 32 32 32 00 46 28 37 00 00 64 00 1F 28 52 32 00 00 3C 00 46 55 41 32 01 1E 55 00 00 3C 32 46 3C 64 00 32 32 32 00 50 2D 01 00 32 00 32 64 64 01 00 02 32 50 64 32 64 04 2B 2E 03 4B 21 30 03 41 50 32 32 32 32 32 01 0A 2D 32 32 50 64 00 64 64 00 00 32 32 03 10 32 64 32 00 64 00 64 00 00 00 00 00 00 00 00 00 00 00 00 00 00 00 00 00 00 00 00 00 00 00 00 00 00 00 00 00 00 00 00 00 00 00 01 0A 05 4D 20 0C 2B 64 32 00 64 16 0A 32 03 10 16 0A 32 28 37 01 00 00 00 00 00 00 00 00 00 00 00 08 03 10 1D 0A 41 64 32 00 64 16 0A 32 03 10 16 0A 32 28 37 01 00 00 00 00 00 00 00 00 00 00 01 04 1D 00 0A 0E 08 05 1A 64 05 64 00 00 00 00 00 00 00 37 F7
[DEBUG] F0 41 00 00 00 00 33 12 60 00 05 53 64 00 64 64 00 24 32 64 00 64 00 64 64 00 64 01 00 32 32 00 05 32 00 00 00 00 00 00 00 64 00 00 00 00 00 00 00 00 00 00 00 00 00 00 00 11 0B 0F 05 04 02 0D 0C 00 01 06 07 08 09 12 03 0A 13 0E 10 00 32 00 00 07 01 32 00 00 00 00 00 01 00 00 00 01 00 02 26 03 04 23 24 0F 0A 00 09 04 04 03 08 0A 0A 02 02 02 02 01 01 00 00 02 00 02 00 04 01 00 00 00 00 00 00 00 00 00 00 00 00 03 4E 28 48 50 41 4D 1B 00 00 1B 0E 00 03 00 00 01 01 00 00 00 00 00 00 00 00 00 00 00 00 00 00 00 00 00 00 00 00 00 00 00 00 00 00 00 00 00 00 00 00 00 00 00 00 00 00 00 00 00 00 00 00 00 00 00 00 00 00 00 00 00 00 00 00 00 00 00 00 00 00 00 00 00 00 00 00 00 00 00 00 00 00 00 00 00 00 00 00 00 00 00 00 00 00 00 00 00 00 00 00 00 00 00 00 00 00 6C F7
[DEBUG] F0 41 00 00 00 00 33 12 60 00 08 00 00 00 00 00 00 00 00 00 00 00 00 00 00 00 00 00 00 00 00 00 00 00 00 00 00 00 00 00 00 00 00 00 00 00 00 00 00 00 00 00 00 00 00 00 00 00 00 00 00 64 00 00 00 64 00 00 00 64 00 64 00 64 00 64 00 64 00 64 00 64 00 64 00 64 00 64 00 64 00 64 00 64 00 64 00 64 00 64 00 64 00 64 00 64 00 64 00 64 00 64 00 64 00 00 00 64 00 00 00 64 00 64 00 64 00 64 00 64 00 00 00 64 00 64 00 00 00 00 00 00 00 00 00 00 00 00 00 00 00 00 00 00 00 00 00 00 00 00 00 00 00 00 00 00 00 00 00 00 00 00 00 00 00 00 00 00 00 00 00 00 00 00 00 00 00 00 00 64 00 00 00 64 00 00 00 64 00 64 00 64 00 64 00 64 00 64 00 64 00 64 00 64 00 64 00 64 00 64 00 64 00 64 00 64 00 64 00 64 00 64 00 64 00 64 00 64 00 64 00 64 00 00 00 64 00 00 00 64 00 64 00 44 F7
[DEBUG] SEND: F0 41 00 00 00 00 33 12 60 00 00 21 18 67 F7
[DEBUG] F0 41 00 00 00 00 33 12 60 00 09 71 64 00 64 00 64 00 00 00 64 00 64 00 00 00 00 00 00 00 00 00 00 00 00 00 00 00 00 00 00 00 00 00 00 00 00 00 00 00 00 00 00 00 00 00 00 00 00 00 00 00 00 00 00 00 00 00 00 00 00 00 00 00 00 00 64 00 00 00 64 00 00 00 64 00 64 00 64 00 64 00 64 00 64 00 64 00 64 00 64 00 64 00 64 00 64 00 64 00 64 00 64 00 64 00 64 00 64 00 64 00 64 00 64 00 64 00 64 00 00 00 64 00 00 00 64 00 64 00 64 00 64 00 64 00 00 00 64 00 64 4E F7
[DEBUG] F0 41 00 00 00 00 33 12 60 00 06 58 00 42 F7
[DEBUG] F0 41 00 00 00 00 33 12 60 00 06 59 00 41 F7
[DEBUG] SEND: F0 41 00 00 00 00 33 12 60 00 00 21 1F 60 F7
[DEBUG] SEND: F0 41 00 00 00 00 33 12 60 00 06 51 4E 7B F7
[DEBUG] SEND: F0 41 00 00 00 00 33 12 60 00 00 28 28 50 F7
[DEBUG] F0 41 00 00 00 00 33 12 60 00 06 5C 01 3D F7
[DEBUG] SEND: F0 41 00 00 00 00 33 12 60 00 00 21 18 67 F7
[DEBUG] F0 41 00 00 00 00 33 12 60 00 06 5C 00 3E F7
[DEBUG] F0 41 00 00 00 00 33 12 00 01 00 00 00 05 7A F7
[DEBUG] F0 41 00 00 00 00 33 12 60 00 00 00 43 6C 65 61 6E 20 72 65 76 65 72 62 20 20 20 20 01 0A 32 3C 32 00 32 28 00 00 32 32 32 32 32 00 01 08 38 0A 32 32 32 2E 2E 01 01 00 32 00 01 01 05 64 00 00 32 32 05 05 32 32 32 07 0A 0A 02 00 00 00 00 14 0E 01 14 17 01 14 14 0E 14 18 18 18 18 18 18 18 18 18 18 18 00 00 00 00 00 00 00 00 00 00 00 14 0E 01 14 17 01 14 14 0E 14 18 18 18 18 18 18 18 18 18 18 18 00 00 00 00 00 00 00 00 00 1D 01 01 32 23 23 00 32 01 23 32 32 3C 00 32 00 64 00 64 64 00 00 32 32 32 32 00 00 1E 0B 0A 1E 14 14 14 14 14 14 14 14 14 14 14 00 14 0D 01 14 17 01 14 14 0E 14 00 32 32 32 32 2D 32 3C 00 28 1E 28 32 32 19 00 00 3E 64 00 01 18 3C 00 00 46 01 18 28 00 00 46 00 64 01 0C 00 00 46 07 00 00 50 00 64 18 18 18 18 18 18 18 18 18 18 18 18 18 25 F7
[DEBUG] F0 41 00 00 00 00 33 12 60 00 01 71 18 18 18 18 18 18 18 18 18 18 18 01 32 32 10 32 32 32 00 46 28 37 00 00 64 00 1F 28 52 32 00 00 3C 00 46 55 41 32 01 1E 55 00 00 3C 32 46 3C 64 00 32 32 32 00 50 2D 01 00 32 00 32 64 64 01 00 02 32 50 64 32 64 04 2B 2E 03 4B 21 30 03 41 50 32 32 32 00 32 01 32 2D 32 32 50 64 00 64 64 00 00 32 32 03 10 32 64 32 00 00 00 00 00 00 00 00 00 00 00 00 00 00 00 00 00 00 00 00 00 00 00 00 00 00 00 00 00 00 00 00 00 00 00 00 00 00 00 00 15 01 01 32 23 23 00 32 01 23 32 32 3C 00 32 00 64 00 64 64 00 00 32 32 32 32 00 00 1E 0B 0A 1E 14 14 14 14 14 14 14 14 14 14 14 00 14 0D 01 14 17 01 14 14 0E 14 00 32 32 32 32 2D 32 3C 00 28 1E 28 32 32 19 00 00 3E 64 00 01 18 3C 00 00 46 01 18 28 00 00 46 00 64 01 0C 00 00 46 07 00 00 50 0F F7
[DEBUG] F0 41 00 00 00 00 33 12 60 00 03 62 00 64 18 18 18 18 18 18 18 18 18 18 18 18 18 18 18 18 18 18 18 18 18 18 18 18 01 32 32 10 32 32 32 00 46 28 37 00 00 64 00 1F 28 52 32 00 00 3C 00 46 55 41 32 01 1E 55 00 00 3C 32 46 3C 64 00 32 32 32 00 50 2D 01 00 32 00 32 64 64 01 00 02 32 50 64 32 64 04 2B 2E 03 4B 21 30 03 41 50 32 32 32 00 32 01 32 2D 32 32 50 64 00 64 64 00 00 32 00 03 10 32 64 32 00 00 00 00 00 00 00 00 00 00 00 00 00 00 00 00 00 00 00 00 00 00 00 00 00 00 00 00 00 00 00 00 00 00 00 00 00 00 00 00 00 04 7E 1F 0C 3C 64 32 07 68 16 0A 32 03 10 16 0A 32 28 37 01 00 00 00 00 00 00 00 00 00 00 00 00 03 10 16 0A 32 64 32 07 68 16 0A 32 03 10 16 0A 32 28 37 01 00 00 00 00 00 00 00 00 00 00 01 04 1D 00 0A 0E 08 08 3E 64 00 32 00 00 00 00 00 00 00 1E F7
[DEBUG] F0 41 00 00 00 00 33 12 60 00 05 53 64 00 64 64 00 24 00 64 00 00 00 00 00 00 64 01 00 32 32 00 05 32 00 00 00 00 00 00 00 64 00 00 00 00 00 00 00 00 00 00 00 00 00 00 00 11 0B 0F 05 02 0D 0C 04 07 06 08 09 01 12 00 03 0A 13 0E 10 00 00 00 00 07 00 32 00 00 00 00 00 01 00 01 00 0A 0B 0E 1D 14 13 15 00 0E 00 07 08 04 05 03 00 07 08 02 02 02 00 00 00 00 00 02 00 02 00 04 01 00 00 00 00 00 00 00 00 00 00 00 00 01 2D 2E 32 32 32 2E 49 00 00 00 2C 00 01 00 00 00 01 00 00 00 00 00 00 00 00 00 00 00 00 00 00 00 00 00 00 00 00 00 00 00 00 00 00 00 00 00 00 00 00 00 00 00 00 00 00 00 00 00 00 00 00 00 00 00 00 00 00 00 00 00 00 00 00 00 00 00 00 00 00 00 00 00 00 00 00 00 00 00 00 00 00 00 00 00 00 00 00 00 00 00 00 00 00 00 00 00 00 00 00 00 00 00 00 00 00 5D F7
[DEBUG] F0 41 00 00 00 00 33 12 60 00 08 00 00 00 00 00 00 00 00 00 00 00 00 00 00 00 00 00 00 00 00 00 00 00 00 00 00 00 00 00 00 00 00 00 00 00 00 00 00 00 00 00 00 00 00 00 00 00 00 00 00 64 00 00 00 64 00 00 00 64 00 64 00 64 00 64 00 64 00 64 00 64 00 64 00 64 00 64 00 64 00 64 00 64 00 64 00 64 00 64 00 64 00 64 00 64 00 64 00 64 00 64 00 64 00 00 00 64 00 00 00 64 00 64 00 64 00 64 00 64 00 00 00 64 00 00 00 00 00 00 00 00 00 00 00 00 00 00 00 00 00 00 00 00 00 00 00 00 00 00 00 00 00 00 00 00 00 00 00 00 00 00 00 00 00 00 00 00 00 00 00 00 00 00 00 00 00 00 00 64 00 00 00 64 00 00 00 64 00 64 00 64 00 64 00 64 00 64 00 64 00 64 00 64 00 64 00 64 00 64 00 64 00 64 00 64 00 64 00 64 00 64 00 64 00 64 00 64 00 64 00 64 00 00 00 64 00 00 00 64 00 64 00 28 F7
[DEBUG] SEND: F0 41 00 00 00 00 33 12 60 00 00 21 08 77 F7
[DEBUG] F0 41 00 00 00 00 33 12 60 00 09 71 64 00 64 00 64 00 00 00 64 00 00 00 00 00 00 00 00 00 00 00 00 00 00 00 00 00 00 00 00 00 00 00 00 00 00 00 00 00 00 00 00 00 00 00 00 00 00 00 00 00 00 00 00 00 00 00 00 00 00 00 00 00 00 00 64 00 00 00 64 00 00 00 64 00 64 00 64 00 64 00 64 00 64 00 64 00 64 00 64 00 64 00 64 00 64 00 64 00 64 00 64 00 64 00 64 00 64 00 64 00 64 00 64 00 64 00 64 00 00 00 64 00 00 00 64 00 64 00 64 00 64 00 64 00 00 00 64 00 00 16 F7
[DEBUG] F0 41 00 00 00 00 33 12 60 00 06 51 2D 1C F7
[DEBUG] F0 41 00 00 00 00 33 12 00 01 00 00 00 01 7E F7
[DEBUG] SEND: F0 41 00 00 00 00 33 12 60 00 00 21 08 77 F7
[DEBUG] SEND: F0 41 00 00 00 00 33 12 60 00 06 51 2D 1C F7
[DEBUG] SEND: F0 41 00 00 00 00 33 12 60 00 00 28 2E 4A F7
[DEBUG] F0 41 00 00 00 00 33 12 60 00 00 00 43 6C 65 61 6E 20 72 65 76 65 72 62 20 20 20 20 01 0A 32 3C 32 00 32 28 00 00 32 32 32 32 32 00 01 08 38 0A 32 32 32 2E 2E 01 01 00 32 00 01 01 05 64 00 00 32 32 05 05 32 32 32 07 0A 0A 02 00 00 00 00 14 0E 01 14 17 01 14 14 0E 14 18 18 18 18 18 18 18 18 18 18 18 00 00 00 00 00 00 00 00 00 00 00 14 0E 01 14 17 01 14 14 0E 14 18 18 18 18 18 18 18 18 18 18 18 00 00 00 00 00 00 00 00 00 1D 01 01 32 23 23 00 32 01 23 32 32 3C 00 32 00 64 00 64 64 00 00 32 32 32 32 00 00 1E 0B 0A 1E 14 14 14 14 14 14 14 14 14 14 14 00 14 0D 01 14 17 01 14 14 0E 14 00 32 32 32 32 2D 32 3C 00 28 1E 28 32 32 19 00 00 3E 64 00 01 18 3C 00 00 46 01 18 28 00 00 46 00 64 01 0C 00 00 46 07 00 00 50 00 64 18 18 18 18 18 18 18 18 18 18 18 18 18 25 F7
[DEBUG] F0 41 00 00 00 00 33 12 60 00 01 71 18 18 18 18 18 18 18 18 18 18 18 01 32 32 10 32 32 32 00 46 28 37 00 00 64 00 1F 28 52 32 00 00 3C 00 46 55 41 32 01 1E 55 00 00 3C 32 46 3C 64 00 32 32 32 00 50 2D 01 00 32 00 32 64 64 01 00 02 32 50 64 32 64 04 2B 2E 03 4B 21 30 03 41 50 32 32 32 00 32 01 32 2D 32 32 50 64 00 64 64 00 00 32 32 03 10 32 64 32 00 00 00 00 00 00 00 00 00 00 00 00 00 00 00 00 00 00 00 00 00 00 00 00 00 00 00 00 00 00 00 00 00 00 00 00 00 00 00 00 15 01 01 32 23 23 00 32 01 23 32 32 3C 00 32 00 64 00 64 64 00 00 32 32 32 32 00 00 1E 0B 0A 1E 14 14 14 14 14 14 14 14 14 14 14 00 14 0D 01 14 17 01 14 14 0E 14 00 32 32 32 32 2D 32 3C 00 28 1E 28 32 32 19 00 00 3E 64 00 01 18 3C 00 00 46 01 18 28 00 00 46 00 64 01 0C 00 00 46 07 00 00 50 0F F7
[DEBUG] F0 41 00 00 00 00 33 12 60 00 03 62 00 64 18 18 18 18 18 18 18 18 18 18 18 18 18 18 18 18 18 18 18 18 18 18 18 18 01 32 32 10 32 32 32 00 46 28 37 00 00 64 00 1F 28 52 32 00 00 3C 00 46 55 41 32 01 1E 55 00 00 3C 32 46 3C 64 00 32 32 32 00 50 2D 01 00 32 00 32 64 64 01 00 02 32 50 64 32 64 04 2B 2E 03 4B 21 30 03 41 50 32 32 32 00 32 01 32 2D 32 32 50 64 00 64 64 00 00 32 00 03 10 32 64 32 00 00 00 00 00 00 00 00 00 00 00 00 00 00 00 00 00 00 00 00 00 00 00 00 00 00 00 00 00 00 00 00 00 00 00 00 00 00 00 00 00 04 7E 1F 0C 3C 64 32 07 68 16 0A 32 03 10 16 0A 32 28 37 01 00 00 00 00 00 00 00 00 00 00 00 00 03 10 16 0A 32 64 32 07 68 16 0A 32 03 10 16 0A 32 28 37 01 00 00 00 00 00 00 00 00 00 00 01 04 1D 00 0A 0E 08 08 3E 64 00 32 00 00 00 00 00 00 00 1E F7
[DEBUG] F0 41 00 00 00 00 33 12 60 00 05 53 64 00 64 64 00 24 00 64 00 00 00 00 00 00 64 01 00 32 32 00 05 32 00 00 00 00 00 00 00 64 00 00 00 00 00 00 00 00 00 00 00 00 00 00 00 11 0B 0F 05 02 0D 0C 04 07 06 08 09 01 12 00 03 0A 13 0E 10 00 00 00 00 07 00 32 00 00 00 00 00 01 00 01 00 0A 0B 0E 1D 14 13 15 00 0E 00 07 08 04 05 03 00 07 08 02 02 02 00 00 00 00 00 02 00 02 00 04 01 00 00 00 00 00 00 00 00 00 00 00 00 01 2D 2E 32 32 32 2E 49 00 00 00 2C 00 01 00 00 00 01 00 00 00 00 00 00 00 00 00 00 00 00 00 00 00 00 00 00 00 00 00 00 00 00 00 00 00 00 00 00 00 00 00 00 00 00 00 00 00 00 00 00 00 00 00 00 00 00 00 00 00 00 00 00 00 00 00 00 00 00 00 00 00 00 00 00 00 00 00 00 00 00 00 00 00 00 00 00 00 00 00 00 00 00 00 00 00 00 00 00 00 00 00 00 00 00 00 00 5D F7
[DEBUG] F0 41 00 00 00 00 33 12 60 00 08 00 00 00 00 00 00 00 00 00 00 00 00 00 00 00 00 00 00 00 00 00 00 00 00 00 00 00 00 00 00 00 00 00 00 00 00 00 00 00 00 00 00 00 00 00 00 00 00 00 00 64 00 00 00 64 00 00 00 64 00 64 00 64 00 64 00 64 00 64 00 64 00 64 00 64 00 64 00 64 00 64 00 64 00 64 00 64 00 64 00 64 00 64 00 64 00 64 00 64 00 64 00 64 00 00 00 64 00 00 00 64 00 64 00 64 00 64 00 64 00 00 00 64 00 00 00 00 00 00 00 00 00 00 00 00 00 00 00 00 00 00 00 00 00 00 00 00 00 00 00 00 00 00 00 00 00 00 00 00 00 00 00 00 00 00 00 00 00 00 00 00 00 00 00 00 00 00 00 64 00 00 00 64 00 00 00 64 00 64 00 64 00 64 00 64 00 64 00 64 00 64 00 64 00 64 00 64 00 64 00 64 00 64 00 64 00 64 00 64 00 64 00 64 00 64 00 64 00 64 00 64 00 00 00 64 00 00 00 64 00 64 00 28 F7
[DEBUG] F0 41 00 00 00 00 33 12 60 00 09 71 64 00 64 00 64 00 00 00 64 00 00 00 00 00 00 00 00 00 00 00 00 00 00 00 00 00 00 00 00 00 00 00 00 00 00 00 00 00 00 00 00 00 00 00 00 00 00 00 00 00 00 00 00 00 00 00 00 00 00 00 00 00 00 00 64 00 00 00 64 00 00 00 64 00 64 00 64 00 64 00 64 00 64 00 64 00 64 00 64 00 64 00 64 00 64 00 64 00 64 00 64 00 64 00 64 00 64 00 64 00 64 00 64 00 64 00 64 00 00 00 64 00 00 00 64 00 64 00 64 00 64 00 64 00 00 00 64 00 00 16 F7
[DEBUG] F0 41 00 00 00 00 33 12 60 00 06 57 49 7A F7
[DEBUG] F0 41 00 00 00 00 33 12 60 00 06 5D 01 3C F7
[DEBUG] SEND: F0 41 00 00 00 00 33 12 60 00 00 21 08 77 F7
[DEBUG] SEND: F0 41 00 00 00 00 33 12 60 00 06 51 2D 1C F7
[DEBUG] SEND: F0 41 00 00 00 00 33 12 60 00 00 28 2E 4A F7
[DEBUG] F0 41 00 00 00 00 33 12 00 01 00 00 00 02 7D F7
[DEBUG] F0 41 00 00 00 00 33 12 60 00 00 00 43 6C 65 61 6E 20 54 6F 6E 65 20 20 20 20 20 20 01 0A 08 3C 5C 00 32 47 00 00 32 32 32 32 32 00 01 08 2A 0A 36 31 3C 35 3A 00 01 00 32 00 01 01 05 64 00 00 32 32 05 05 32 32 32 07 0A 0A 02 00 01 01 00 14 0E 01 14 17 01 14 14 0E 14 18 18 18 18 15 15 15 18 18 18 18 00 00 00 00 00 00 00 00 00 00 00 14 0E 01 14 17 01 14 14 0E 14 18 18 18 18 18 18 18 18 18 18 18 00 00 00 00 00 00 00 00 00 1D 01 01 32 23 23 00 32 01 23 32 32 3C 00 32 00 64 00 64 64 00 00 32 32 32 32 00 00 1E 0B 0A 1E 14 15 16 15 11 0F 11 1B 1C 20 17 00 14 0D 01 14 17 01 14 14 0E 14 00 32 32 32 32 2D 32 3C 00 28 1E 28 32 32 19 00 00 3E 64 00 01 18 3C 00 00 46 01 18 28 00 00 46 00 64 01 0C 00 00 46 07 00 00 50 00 64 18 18 18 18 18 18 18 18 18 18 18 18 18 15 F7
[DEBUG] F0 41 00 00 00 00 33 12 60 00 01 71 18 18 18 18 18 18 18 18 18 18 18 01 32 32 10 32 32 32 00 46 28 37 00 00 64 00 1F 28 52 32 00 00 3C 00 46 55 41 32 01 1E 55 00 00 3C 32 46 3C 64 00 32 32 32 00 50 2D 01 00 32 00 32 64 64 01 00 02 32 50 64 32 64 04 14 2E 03 4B 0A 30 03 41 50 32 32 32 32 32 01 32 2D 32 32 50 64 00 64 64 00 00 32 32 03 10 32 64 32 00 32 00 64 00 00 00 00 00 00 00 00 00 00 00 00 00 00 00 00 00 00 00 00 00 00 00 00 00 00 00 00 00 00 00 00 00 00 00 00 26 01 01 0A 23 23 00 32 01 23 32 32 3C 00 32 00 64 00 64 64 00 00 32 32 32 32 00 00 1E 0B 0A 1E 14 14 14 14 14 14 14 14 14 14 14 00 14 0D 01 14 17 01 14 14 0E 14 00 32 32 32 32 2D 32 3C 00 28 1E 28 32 32 19 00 00 3E 64 00 01 18 3C 00 00 46 01 18 28 00 00 46 00 64 00 0C 00 00 46 07 00 00 50 0D F7
[DEBUG] F0 41 00 00 00 00 33 12 60 00 03 62 00 64 18 18 18 18 18 18 18 18 18 18 18 18 18 18 18 18 18 18 18 18 18 18 18 18 01 32 32 10 32 32 32 00 46 28 37 00 00 64 00 1F 28 52 32 00 00 3C 00 46 55 41 32 01 1E 55 00 00 3C 32 46 3C 64 00 32 32 32 00 50 2D 01 00 32 00 32 64 64 00 01 03 32 50 64 32 64 04 2B 2E 03 4B 21 30 03 41 50 32 32 32 32 32 01 32 2D 27 33 50 64 00 64 64 00 00 32 00 03 10 32 00 32 01 32 00 64 00 00 00 00 00 00 00 00 00 00 00 00 00 00 00 00 00 00 00 00 00 00 00 00 00 00 00 00 00 00 00 00 00 00 00 00 00 03 10 23 0C 00 64 32 00 64 16 0A 32 03 10 16 0A 32 28 37 01 00 00 00 00 00 00 00 00 00 00 00 08 03 10 16 0A 32 64 32 00 64 16 0A 32 03 10 16 0A 32 28 37 01 00 00 00 00 00 00 00 00 00 00 01 04 2D 00 0A 0E 08 05 38 64 00 32 00 00 00 00 00 00 00 70 F7
[DEBUG] F0 41 00 00 00 00 33 12 60 00 05 53 64 35 64 64 00 18 1B 33 0A 64 00 64 64 00 64 01 00 32 32 01 1E 32 00 00 00 00 00 00 00 64 00 00 00 00 00 00 00 00 00 00 00 00 00 00 00 11 0F 05 02 0B 0D 0C 04 00 01 06 07 08 09 12 03 0A 13 0E 10 00 32 00 00 07 01 32 00 00 00 00 00 01 00 01 01 0A 0B 0E 1D 1D 13 15 26 0E 00 07 08 04 06 03 08 0A 0A 02 02 02 00 01 01 00 00 02 00 02 00 04 01 00 00 00 00 00 00 00 00 00 00 00 00 01 1B 3A 36 31 3C 35 0C 00 00 00 23 00 01 00 00 00 01 00 00 00 00 00 00 00 00 00 00 00 00 00 00 00 00 00 00 00 00 00 00 00 00 00 00 00 00 00 00 00 00 00 00 00 00 00 00 00 00 00 00 00 00 00 00 00 00 00 00 00 00 00 00 00 00 00 00 00 00 00 00 00 00 00 00 00 00 00 00 00 00 00 00 00 00 00 00 00 00 00 00 00 00 00 00 00 00 00 00 00 00 00 00 00 00 00 00 3F F7
[DEBUG] F0 41 00 00 00 00 33 12 60 00 08 00 00 00 00 00 00 00 00 00 00 00 00 00 00 00 00 00 00 00 00 00 00 00 00 00 00 00 00 00 00 00 00 00 00 00 00 00 00 00 00 00 00 00 00 00 00 00 00 00 00 64 00 00 00 64 00 00 00 64 00 64 00 64 00 64 00 64 00 64 00 64 00 64 00 64 00 64 00 64 00 64 00 64 00 64 00 64 00 64 00 64 00 64 00 64 00 64 00 64 00 64 00 64 00 00 00 64 00 00 00 64 00 64 00 64 00 64 00 64 00 00 00 64 00 64 00 00 00 00 00 00 00 00 00 00 00 00 00 00 00 00 00 00 00 00 00 00 00 00 00 00 00 00 00 00 00 00 00 00 00 00 00 00 00 00 00 00 00 00 00 00 00 00 00 00 00 00 00 64 00 00 00 64 00 00 00 64 00 64 00 64 00 64 00 64 00 64 00 64 00 64 00 64 00 64 00 64 00 64 00 64 00 64 00 64 00 64 00 64 00 64 00 64 00 64 00 64 00 64 00 64 00 00 00 64 00 00 00 64 00 64 00 44 F7
[DEBUG] F0 41 00 00 00 00 33 12 60 00 09 71 64 00 64 00 64 00 00 00 64 00 64 00 00 00 00 00 00 00 00 00 00 00 00 00 00 00 00 00 00 00 00 00 00 00 00 00 00 00 00 00 00 00 00 00 00 00 00 00 00 00 00 00 00 00 00 00 00 00 00 00 00 00 00 00 64 00 00 00 64 00 00 00 64 00 64 00 64 00 64 00 64 00 64 00 64 00 64 00 64 00 64 00 64 00 64 00 64 00 64 00 64 00 64 00 64 00 64 00 64 00 64 00 64 00 64 00 64 00 00 00 64 00 00 00 64 00 64 00 64 00 64 00 64 00 00 00 64 00 64 4E F7
[DEBUG] SEND: F0 41 00 00 00 00 33 12 60 00 00 21 08 77 F7
[DEBUG] SEND: F0 41 00 00 00 00 33 12 60 00 06 51 1B 2E F7
[DEBUG] SEND: F0 41 00 00 00 00 33 12 60 00 00 28 3A 3E F7
[DEBUG] F0 41 00 00 00 00 33 12 00 01 00 00 00 01 7E F7
[DEBUG] F0 41 00 00 00 00 33 12 60 00 00 00 43 6C 65 61 6E 20 72 65 76 65 72 62 20 20 20 20 01 0A 32 3C 32 00 32 28 00 00 32 32 32 32 32 00 01 08 38 0A 32 32 32 2E 2E 01 01 00 32 00 01 01 05 64 00 00 32 32 05 05 32 32 32 07 0A 0A 02 00 00 00 00 14 0E 01 14 17 01 14 14 0E 14 18 18 18 18 18 18 18 18 18 18 18 00 00 00 00 00 00 00 00 00 00 00 14 0E 01 14 17 01 14 14 0E 14 18 18 18 18 18 18 18 18 18 18 18 00 00 00 00 00 00 00 00 00 1D 01 01 32 23 23 00 32 01 23 32 32 3C 00 32 00 64 00 64 64 00 00 32 32 32 32 00 00 1E 0B 0A 1E 14 14 14 14 14 14 14 14 14 14 14 00 14 0D 01 14 17 01 14 14 0E 14 00 32 32 32 32 2D 32 3C 00 28 1E 28 32 32 19 00 00 3E 64 00 01 18 3C 00 00 46 01 18 28 00 00 46 00 64 01 0C 00 00 46 07 00 00 50 00 64 18 18 18 18 18 18 18 18 18 18 18 18 18 25 F7
[DEBUG] F0 41 00 00 00 00 33 12 60 00 01 71 18 18 18 18 18 18 18 18 18 18 18 01 32 32 10 32 32 32 00 46 28 37 00 00 64 00 1F 28 52 32 00 00 3C 00 46 55 41 32 01 1E 55 00 00 3C 32 46 3C 64 00 32 32 32 00 50 2D 01 00 32 00 32 64 64 01 00 02 32 50 64 32 64 04 2B 2E 03 4B 21 30 03 41 50 32 32 32 00 32 01 32 2D 32 32 50 64 00 64 64 00 00 32 32 03 10 32 64 32 00 00 00 00 00 00 00 00 00 00 00 00 00 00 00 00 00 00 00 00 00 00 00 00 00 00 00 00 00 00 00 00 00 00 00 00 00 00 00 00 15 01 01 32 23 23 00 32 01 23 32 32 3C 00 32 00 64 00 64 64 00 00 32 32 32 32 00 00 1E 0B 0A 1E 14 14 14 14 14 14 14 14 14 14 14 00 14 0D 01 14 17 01 14 14 0E 14 00 32 32 32 32 2D 32 3C 00 28 1E 28 32 32 19 00 00 3E 64 00 01 18 3C 00 00 46 01 18 28 00 00 46 00 64 01 0C 00 00 46 07 00 00 50 0F F7
[DEBUG] F0 41 00 00 00 00 33 12 60 00 03 62 00 64 18 18 18 18 18 18 18 18 18 18 18 18 18 18 18 18 18 18 18 18 18 18 18 18 01 32 32 10 32 32 32 00 46 28 37 00 00 64 00 1F 28 52 32 00 00 3C 00 46 55 41 32 01 1E 55 00 00 3C 32 46 3C 64 00 32 32 32 00 50 2D 01 00 32 00 32 64 64 01 00 02 32 50 64 32 64 04 2B 2E 03 4B 21 30 03 41 50 32 32 32 00 32 01 32 2D 32 32 50 64 00 64 64 00 00 32 00 03 10 32 64 32 00 00 00 00 00 00 00 00 00 00 00 00 00 00 00 00 00 00 00 00 00 00 00 00 00 00 00 00 00 00 00 00 00 00 00 00 00 00 00 00 00 04 7E 1F 0C 3C 64 32 07 68 16 0A 32 03 10 16 0A 32 28 37 01 00 00 00 00 00 00 00 00 00 00 00 00 03 10 16 0A 32 64 32 07 68 16 0A 32 03 10 16 0A 32 28 37 01 00 00 00 00 00 00 00 00 00 00 01 04 1D 00 0A 0E 08 08 3E 64 00 32 00 00 00 00 00 00 00 1E F7
[DEBUG] F0 41 00 00 00 00 33 12 60 00 05 53 64 00 64 64 00 24 00 64 00 00 00 00 00 00 64 01 00 32 32 00 05 32 00 00 00 00 00 00 00 64 00 00 00 00 00 00 00 00 00 00 00 00 00 00 00 11 0B 0F 05 02 0D 0C 04 07 06 08 09 01 12 00 03 0A 13 0E 10 00 00 00 00 07 00 32 00 00 00 00 00 01 00 01 00 0A 0B 0E 1D 14 13 15 00 0E 00 07 08 04 05 03 00 07 08 02 02 02 00 00 00 00 00 02 00 02 00 04 01 00 00 00 00 00 00 00 00 00 00 00 00 01 2D 2E 32 32 32 2E 49 00 00 00 2C 00 01 00 00 00 01 00 00 00 00 00 00 00 00 00 00 00 00 00 00 00 00 00 00 00 00 00 00 00 00 00 00 00 00 00 00 00 00 00 00 00 00 00 00 00 00 00 00 00 00 00 00 00 00 00 00 00 00 00 00 00 00 00 00 00 00 00 00 00 00 00 00 00 00 00 00 00 00 00 00 00 00 00 00 00 00 00 00 00 00 00 00 00 00 00 00 00 00 00 00 00 00 00 00 5D F7
[DEBUG] F0 41 00 00 00 00 33 12 60 00 08 00 00 00 00 00 00 00 00 00 00 00 00 00 00 00 00 00 00 00 00 00 00 00 00 00 00 00 00 00 00 00 00 00 00 00 00 00 00 00 00 00 00 00 00 00 00 00 00 00 00 64 00 00 00 64 00 00 00 64 00 64 00 64 00 64 00 64 00 64 00 64 00 64 00 64 00 64 00 64 00 64 00 64 00 64 00 64 00 64 00 64 00 64 00 64 00 64 00 64 00 64 00 64 00 00 00 64 00 00 00 64 00 64 00 64 00 64 00 64 00 00 00 64 00 00 00 00 00 00 00 00 00 00 00 00 00 00 00 00 00 00 00 00 00 00 00 00 00 00 00 00 00 00 00 00 00 00 00 00 00 00 00 00 00 00 00 00 00 00 00 00 00 00 00 00 00 00 00 64 00 00 00 64 00 00 00 64 00 64 00 64 00 64 00 64 00 64 00 64 00 64 00 64 00 64 00 64 00 64 00 64 00 64 00 64 00 64 00 64 00 64 00 64 00 64 00 64 00 64 00 64 00 00 00 64 00 00 00 64 00 64 00 28 F7
[DEBUG] F0 41 00 00 00 00 33 12 60 00 09 71 64 00 64 00 64 00 00 00 64 00 00 00 00 00 00 00 00 00 00 00 00 00 00 00 00 00 00 00 00 00 00 00 00 00 00 00 00 00 00 00 00 00 00 00 00 00 00 00 00 00 00 00 00 00 00 00 00 00 00 00 00 00 00 00 64 00 00 00 64 00 00 00 64 00 64 00 64 00 64 00 64 00 64 00 64 00 64 00 64 00 64 00 64 00 64 00 64 00 64 00 64 00 64 00 64 00 64 00 64 00 64 00 64 00 64 00 64 00 00 00 64 00 00 00 64 00 64 00 64 00 64 00 64 00 00 00 64 00 00 16 F7
[DEBUG] F0 41 00 00 00 00 33 12 60 00 06 51 2D 1C F7
[DEBUG] F0 41 00 00 00 00 33 12 60 00 06 57 49 7A F7
[DEBUG] F0 41 00 00 00 00 33 12 60 00 06 5D 01 3C F7
[DEBUG] SEND: F0 41 00 00 00 00 33 12 60 00 00 21 08 77 F7
[DEBUG] SEND: F0 41 00 00 00 00 33 12 60 00 06 51 2D 1C F7
[DEBUG] SEND: F0 41 00 00 00 00 33 12 60 00 00 28 2E 4A F7
[DEBUG] F0 41 00 00 00 00 33 12 00 01 00 00 00 07 78 F7
[DEBUG] F0 41 00 00 00 00 33 12 60 00 00 00 4B 61 74 61 6E 61 20 43 6C 65 61 6E 20 20 20 20 00 0A 32 3C 32 00 32 28 00 00 32 32 32 32 32 00 01 1E 25 0A 32 32 32 32 32 00 01 00 32 00 01 01 05 64 00 00 32 32 05 05 32 32 32 07 0A 0A 02 00 00 00 00 14 0E 01 14 17 01 14 14 0E 14 18 18 18 18 18 18 18 18 18 18 18 00 00 00 00 00 00 00 00 00 00 00 14 0E 01 14 17 01 14 14 0E 14 18 18 18 18 18 18 18 18 18 18 18 00 00 00 00 00 00 00 00 01 1D 01 01 32 23 23 00 32 01 23 32 32 3C 00 32 00 64 00 64 64 00 00 32 32 32 32 00 00 1E 0B 0A 1E 14 14 14 14 14 14 14 14 14 14 14 00 14 0D 01 14 17 01 14 14 0E 14 00 32 32 32 32 2D 32 3C 00 28 1E 28 32 32 19 00 00 3E 64 00 01 18 3C 00 00 46 01 18 28 00 00 46 00 64 01 0C 00 00 46 07 00 00 50 00 64 18 18 18 18 18 18 18 18 18 18 18 18 18 51 F7
[DEBUG] F0 41 00 00 00 00 33 12 60 00 01 71 18 18 18 18 18 18 18 18 18 18 18 01 32 32 10 32 32 32 00 46 28 37 00 00 64 00 1F 28 52 32 00 00 3C 00 46 55 41 32 01 1E 55 00 00 3C 32 46 3C 64 00 32 32 32 00 50 2D 01 00 32 00 32 64 64 01 00 02 32 50 64 32 64 04 2B 2E 03 4B 21 30 03 41 50 32 32 32 00 32 01 32 2D 32 32 50 64 00 64 64 00 00 32 32 03 10 32 64 32 00 00 00 00 00 00 00 00 00 00 00 00 00 00 00 00 00 00 00 00 00 00 00 00 00 00 00 00 00 00 00 00 00 00 00 00 00 00 00 00 15 01 01 32 23 23 00 32 01 23 32 32 3C 00 32 00 64 00 64 64 00 00 32 32 32 32 00 00 1E 0B 0A 1E 14 14 14 14 14 14 14 14 14 14 14 00 14 0D 01 14 17 01 14 14 0E 14 00 32 32 32 32 2D 32 3C 00 28 1E 28 32 32 19 00 00 3E 64 00 01 18 3C 00 00 46 01 18 28 00 00 46 00 64 01 0C 00 00 46 07 00 00 50 0F F7
[DEBUG] F0 41 00 00 00 00 33 12 60 00 03 62 00 64 18 18 18 18 18 18 18 18 18 18 18 18 18 18 18 18 18 18 18 18 18 18 18 18 01 32 32 10 32 32 32 00 46 28 37 00 00 64 00 1F 28 52 32 00 00 3C 00 46 55 41 32 01 1E 55 00 00 3C 32 46 3C 64 00 32 32 32 00 50 2D 01 00 32 00 32 64 64 01 00 02 32 50 64 32 64 04 2B 2E 03 4B 21 30 03 41 50 32 32 32 00 32 01 32 2D 32 32 50 64 00 64 64 00 00 32 00 03 10 32 64 32 00 00 00 00 00 00 00 00 00 00 00 00 00 00 00 00 00 00 00 00 00 00 00 00 00 00 00 00 00 00 00 00 00 00 00 00 00 00 00 00 00 03 10 16 0A 32 64 32 07 68 16 0A 32 03 10 16 0A 32 28 37 01 00 00 00 00 00 00 00 00 00 00 00 00 03 10 16 0A 32 64 32 07 68 16 0A 32 03 10 16 0A 32 28 37 01 00 00 00 00 00 00 00 00 00 00 00 04 1D 00 0A 0E 08 08 23 64 00 32 00 00 00 00 00 00 00 3E F7
[DEBUG] F0 41 00 00 00 00 33 12 60 00 05 53 64 00 64 64 00 24 00 64 00 00 00 00 00 00 64 01 00 32 32 00 05 32 00 00 00 00 00 00 00 64 00 00 00 00 00 00 00 00 00 00 00 00 00 00 00 11 0B 0F 05 02 0D 0C 04 01 07 06 08 09 12 00 03 0A 13 0E 10 00 00 00 00 07 00 32 00 00 00 00 00 01 00 01 00 0A 0B 0E 1D 14 13 15 00 0E 00 07 08 04 05 03 00 07 08 02 02 02 00 00 00 00 00 02 00 02 00 04 01 00 00 00 00 00 00 00 00 00 00 00 00 02 15 32 32 32 32 32 00 27 00 00 00 01 00 01 00 00 00 00 00 00 00 00 00 00 00 00 00 00 00 00 00 00 00 00 00 00 00 00 00 00 00 00 00 00 00 00 00 00 00 00 00 00 00 00 00 00 00 00 00 00 00 00 00 00 00 00 00 00 00 00 00 00 00 00 00 00 00 00 00 00 00 00 00 00 00 00 00 00 00 00 00 00 00 00 00 00 00 00 00 00 00 00 00 00 00 00 00 00 00 00 00 00 00 00 00 3A F7
[DEBUG] F0 41 00 00 00 00 33 12 60 00 08 00 00 00 00 00 00 00 00 00 00 00 00 00 00 00 00 00 00 00 00 00 00 00 00 00 00 00 00 00 00 00 00 00 00 00 00 00 00 00 00 00 00 00 00 00 00 00 00 00 00 64 00 00 00 64 00 00 00 64 00 64 00 64 00 64 00 64 00 64 00 64 00 64 00 64 00 64 00 64 00 64 00 64 00 64 00 64 00 64 00 64 00 64 00 64 00 64 00 64 00 64 00 64 00 00 00 64 00 00 00 64 00 64 00 64 00 64 00 64 00 00 00 64 00 00 00 00 00 00 00 00 00 00 00 00 00 00 00 00 00 00 00 00 00 00 00 00 00 00 00 00 00 00 00 00 00 00 00 00 00 00 00 00 00 00 00 00 00 00 00 00 00 00 00 00 00 00 00 64 00 00 00 64 00 00 00 64 00 64 00 64 00 64 00 64 00 64 00 64 00 64 00 64 00 64 00 64 00 64 00 64 00 64 00 64 00 64 00 64 00 64 00 64 00 64 00 64 00 64 00 64 00 00 00 64 00 00 00 64 00 64 00 28 F7
[DEBUG] SEND: F0 41 00 00 00 00 33 12 60 00 00 21 0B 74 F7
[DEBUG] F0 41 00 00 00 00 33 12 60 00 09 71 64 00 64 00 64 00 00 00 64 00 00 00 00 00 00 00 00 00 00 00 00 00 00 00 00 00 00 00 00 00 00 00 00 00 00 00 00 00 00 00 00 00 00 00 00 00 00 00 00 00 00 00 00 00 00 00 00 00 00 00 00 00 00 00 64 00 00 00 64 00 00 00 64 00 64 00 64 00 64 00 64 00 64 00 64 00 64 00 64 00 64 00 64 00 64 00 64 00 64 00 64 00 64 00 64 00 64 00 64 00 64 00 64 00 64 00 64 00 00 00 64 00 00 00 64 00 64 00 64 00 64 00 64 00 00 00 64 00 00 16 F7
[DEBUG] F0 41 00 00 00 00 33 12 60 00 06 50 02 48 F7
[DEBUG] F0 41 00 00 00 00 33 12 60 00 06 51 15 34 F7
[DEBUG] F0 41 00 00 00 00 33 12 60 00 06 52 32 16 F7
[DEBUG] SEND: F0 41 00 00 00 00 33 12 60 00 00 21 1E 61 F7
[DEBUG] SEND: F0 41 00 00 00 00 33 12 60 00 00 21 1E 61 F7
[DEBUG] SEND: F0 41 00 00 00 00 33 12 60 00 06 51 15 34 F7
[DEBUG] SEND: F0 41 00 00 00 00 33 12 60 00 00 28 32 46 F7
[DEBUG] F0 41 00 00 00 00 33 12 60 00 06 53 32 15 F7
[DEBUG] F0 41 00 00 00 00 33 12 60 00 06 54 32 14 F7
[DEBUG] F0 41 00 00 00 00 33 12 60 00 06 55 32 13 F7
[DEBUG] F0 41 00 00 00 00 33 12 60 00 06 56 32 12 F7
[DEBUG] F0 41 00 00 00 00 33 12 60 00 06 57 00 43 F7
[DEBUG] F0 41 00 00 00 00 33 12 60 00 06 58 27 1B F7
[DEBUG] F0 41 00 00 00 00 33 12 60 00 06 59 00 41 F7
[DEBUG] F0 41 00 00 00 00 33 12 60 00 06 5A 00 40 F7
[DEBUG] F0 41 00 00 00 00 33 12 60 00 06 5B 00 3F F7
[DEBUG] F0 41 00 00 00 00 33 12 60 00 06 5E 01 3B F7
[DEBUG] F0 41 00 00 00 00 33 12 00 01 00 00 00 01 7E F7
[DEBUG] F0 41 00 00 00 00 33 12 60 00 00 00 43 6C 65 61 6E 20 72 65 76 65 72 62 20 20 20 20 01 0A 32 3C 32 00 32 28 00 00 32 32 32 32 32 00 01 08 38 0A 32 32 32 2E 2E 01 01 00 32 00 01 01 05 64 00 00 32 32 05 05 32 32 32 07 0A 0A 02 00 00 00 00 14 0E 01 14 17 01 14 14 0E 14 18 18 18 18 18 18 18 18 18 18 18 00 00 00 00 00 00 00 00 00 00 00 14 0E 01 14 17 01 14 14 0E 14 18 18 18 18 18 18 18 18 18 18 18 00 00 00 00 00 00 00 00 00 1D 01 01 32 23 23 00 32 01 23 32 32 3C 00 32 00 64 00 64 64 00 00 32 32 32 32 00 00 1E 0B 0A 1E 14 14 14 14 14 14 14 14 14 14 14 00 14 0D 01 14 17 01 14 14 0E 14 00 32 32 32 32 2D 32 3C 00 28 1E 28 32 32 19 00 00 3E 64 00 01 18 3C 00 00 46 01 18 28 00 00 46 00 64 01 0C 00 00 46 07 00 00 50 00 64 18 18 18 18 18 18 18 18 18 18 18 18 18 25 F7
[DEBUG] F0 41 00 00 00 00 33 12 60 00 01 71 18 18 18 18 18 18 18 18 18 18 18 01 32 32 10 32 32 32 00 46 28 37 00 00 64 00 1F 28 52 32 00 00 3C 00 46 55 41 32 01 1E 55 00 00 3C 32 46 3C 64 00 32 32 32 00 50 2D 01 00 32 00 32 64 64 01 00 02 32 50 64 32 64 04 2B 2E 03 4B 21 30 03 41 50 32 32 32 00 32 01 32 2D 32 32 50 64 00 64 64 00 00 32 32 03 10 32 64 32 00 00 00 00 00 00 00 00 00 00 00 00 00 00 00 00 00 00 00 00 00 00 00 00 00 00 00 00 00 00 00 00 00 00 00 00 00 00 00 00 15 01 01 32 23 23 00 32 01 23 32 32 3C 00 32 00 64 00 64 64 00 00 32 32 32 32 00 00 1E 0B 0A 1E 14 14 14 14 14 14 14 14 14 14 14 00 14 0D 01 14 17 01 14 14 0E 14 00 32 32 32 32 2D 32 3C 00 28 1E 28 32 32 19 00 00 3E 64 00 01 18 3C 00 00 46 01 18 28 00 00 46 00 64 01 0C 00 00 46 07 00 00 50 0F F7
[DEBUG] F0 41 00 00 00 00 33 12 60 00 03 62 00 64 18 18 18 18 18 18 18 18 18 18 18 18 18 18 18 18 18 18 18 18 18 18 18 18 01 32 32 10 32 32 32 00 46 28 37 00 00 64 00 1F 28 52 32 00 00 3C 00 46 55 41 32 01 1E 55 00 00 3C 32 46 3C 64 00 32 32 32 00 50 2D 01 00 32 00 32 64 64 01 00 02 32 50 64 32 64 04 2B 2E 03 4B 21 30 03 41 50 32 32 32 00 32 01 32 2D 32 32 50 64 00 64 64 00 00 32 00 03 10 32 64 32 00 00 00 00 00 00 00 00 00 00 00 00 00 00 00 00 00 00 00 00 00 00 00 00 00 00 00 00 00 00 00 00 00 00 00 00 00 00 00 00 00 04 7E 1F 0C 3C 64 32 07 68 16 0A 32 03 10 16 0A 32 28 37 01 00 00 00 00 00 00 00 00 00 00 00 00 03 10 16 0A 32 64 32 07 68 16 0A 32 03 10 16 0A 32 28 37 01 00 00 00 00 00 00 00 00 00 00 01 04 1D 00 0A 0E 08 08 3E 64 00 32 00 00 00 00 00 00 00 1E F7
[DEBUG] F0 41 00 00 00 00 33 12 60 00 05 53 64 00 64 64 00 24 00 64 00 00 00 00 00 00 64 01 00 32 32 00 05 32 00 00 00 00 00 00 00 64 00 00 00 00 00 00 00 00 00 00 00 00 00 00 00 11 0B 0F 05 02 0D 0C 04 07 06 08 09 01 12 00 03 0A 13 0E 10 00 00 00 00 07 00 32 00 00 00 00 00 01 00 01 00 0A 0B 0E 1D 14 13 15 00 0E 00 07 08 04 05 03 00 07 08 02 02 02 00 00 00 00 00 02 00 02 00 04 01 00 00 00 00 00 00 00 00 00 00 00 00 01 2D 2E 32 32 32 2E 49 00 00 00 2C 00 01 00 00 00 01 00 00 00 00 00 00 00 00 00 00 00 00 00 00 00 00 00 00 00 00 00 00 00 00 00 00 00 00 00 00 00 00 00 00 00 00 00 00 00 00 00 00 00 00 00 00 00 00 00 00 00 00 00 00 00 00 00 00 00 00 00 00 00 00 00 00 00 00 00 00 00 00 00 00 00 00 00 00 00 00 00 00 00 00 00 00 00 00 00 00 00 00 00 00 00 00 00 00 5D F7
[DEBUG] F0 41 00 00 00 00 33 12 60 00 08 00 00 00 00 00 00 00 00 00 00 00 00 00 00 00 00 00 00 00 00 00 00 00 00 00 00 00 00 00 00 00 00 00 00 00 00 00 00 00 00 00 00 00 00 00 00 00 00 00 00 64 00 00 00 64 00 00 00 64 00 64 00 64 00 64 00 64 00 64 00 64 00 64 00 64 00 64 00 64 00 64 00 64 00 64 00 64 00 64 00 64 00 64 00 64 00 64 00 64 00 64 00 64 00 00 00 64 00 00 00 64 00 64 00 64 00 64 00 64 00 00 00 64 00 00 00 00 00 00 00 00 00 00 00 00 00 00 00 00 00 00 00 00 00 00 00 00 00 00 00 00 00 00 00 00 00 00 00 00 00 00 00 00 00 00 00 00 00 00 00 00 00 00 00 00 00 00 00 64 00 00 00 64 00 00 00 64 00 64 00 64 00 64 00 64 00 64 00 64 00 64 00 64 00 64 00 64 00 64 00 64 00 64 00 64 00 64 00 64 00 64 00 64 00 64 00 64 00 64 00 64 00 00 00 64 00 00 00 64 00 64 00 28 F7
[DEBUG] SEND: F0 41 00 00 00 00 33 12 60 00 00 21 08 77 F7
[DEBUG] F0 41 00 00 00 00 33 12 60 00 09 71 64 00 64 00 64 00 00 00 64 00 00 00 00 00 00 00 00 00 00 00 00 00 00 00 00 00 00 00 00 00 00 00 00 00 00 00 00 00 00 00 00 00 00 00 00 00 00 00 00 00 00 00 00 00 00 00 00 00 00 00 00 00 00 00 64 00 00 00 64 00 00 00 64 00 64 00 64 00 64 00 64 00 64 00 64 00 64 00 64 00 64 00 64 00 64 00 64 00 64 00 64 00 64 00 64 00 64 00 64 00 64 00 64 00 64 00 64 00 00 00 64 00 00 00 64 00 64 00 64 00 64 00 64 00 00 00 64 00 00 16 F7
[DEBUG] F0 41 00 00 00 00 33 12 60 00 06 51 2D 1C F7
[DEBUG] F0 41 00 00 00 00 33 12 60 00 06 57 49 7A F7
[DEBUG] F0 41 00 00 00 00 33 12 60 00 06 5D 01 3C F7
[DEBUG] SEND: F0 41 00 00 00 00 33 12 60 00 00 21 1D 62 F7
[DEBUG] SEND: F0 41 00 00 00 00 33 12 60 00 06 51 2D 1C F7
[DEBUG] SEND: F0 41 00 00 00 00 33 12 60 00 00 28 2E 4A F7
[DEBUG] F0 41 00 00 00 00 33 12 60 00 06 5C 01 3D F7
