SysExMessage.__init__
Device
KatanaController.wait_device
KatanaPort.list
scan_devices()
data=[75, 65, 84, 65, 78, 65, 32, 77, 107, 50, 32, 32, 32, 32, 32, 32]
data=[67, 108, 101, 97, 110, 32, 114, 101, 118, 101, 114, 98, 32, 32, 32, 32]
data=[68, 106, 97, 110, 103, 111, 32, 97, 99, 99, 111, 109, 112, 32, 32, 32]
data=[71, 111, 111, 100, 32, 99, 104, 111, 114, 117, 115, 32, 115, 108, 97, 109]
data=[80, 117, 114, 112, 108, 101, 32, 82, 97, 105, 110, 32, 32, 32, 32, 32]
data=[80, 105, 110, 107, 32, 70, 108, 111, 121, 100, 32, 67, 108, 101, 97, 110]
data=[77, 111, 100, 101, 114, 110, 32, 76, 101, 97, 100, 32, 32, 32, 32, 32]
data=[75, 97, 116, 97, 110, 97, 32, 67, 108, 101, 97, 110, 32, 32, 32, 32]
data=[77, 111, 100, 101, 114, 110, 32, 80, 111, 119, 101, 114, 32, 32, 32, 32]
name=KATANA Mk2
send: C0 00
send: C0 01
got_message: F0 41 00 00 00 00 33 12 00 01 00 00 00 02 7D F7
got_message: F0 41 00 00 00 00 33 12 60 00 00 00 44 6A 61 6E 67 6F 20 61 63 63 6F 6D 70 20 20 20 00 0A 32 3C 32 00 32 28 00 00 32 32 32 32 32 00 01 08 3F 0A 33 39 2F 36 31 01 01 00 32 00 01 01 05 64 00 00 32 32 05 05 32 32 32 07 0A 0A 02 00 00 00 00 14 0E 01 14 17 01 14 14 0E 14 18 18 18 18 18 18 18 18 18 18 18 00 00 00 00 00 00 00 00 00 00 00 14 0E 01 14 17 01 14 14 0E 14 18 18 18 18 18 18 18 18 18 18 18 00 00 00 00 00 00 00 00 00 1D 01 01 32 23 23 00 32 01 23 32 32 3C 00 32 00 64 00 64 64 00 00 32 32 32 32 00 00 1E 0B 0A 1E 14 14 14 14 14 14 14 14 14 14 14 00 14 0D 01 14 17 01 14 14 0E 14 00 32 32 32 32 2D 32 3C 00 28 1E 28 32 32 19 00 00 3E 64 00 01 18 3C 00 00 46 01 18 28 00 00 46 00 64 01 0C 00 00 46 07 00 00 50 00 64 18 18 18 18 18 18 18 18 18 18 18 18 18 52 F7
got_message: F0 41 00 00 00 00 33 12 60 00 01 71 18 18 18 18 18 18 18 18 18 18 18 01 32 32 10 32 32 32 00 46 28 37 00 00 64 00 1F 28 52 32 00 00 3C 00 46 55 41 32 01 1E 55 00 00 3C 32 46 3C 64 00 32 32 32 00 50 2D 01 00 32 00 32 64 64 01 00 02 32 50 64 32 64 04 2B 2E 03 4B 21 30 03 41 50 32 32 32 00 32 01 32 2D 32 32 50 64 00 64 64 00 00 32 32 03 10 32 64 32 00 00 00 00 00 00 00 00 00 00 00 00 00 00 00 00 00 00 00 00 00 00 00 00 00 00 00 00 00 00 00 00 00 00 00 00 00 00 00 01 03 01 01 32 23 23 00 32 01 23 32 32 3C 00 32 00 64 00 64 64 00 03 11 36 1A 33 00 00 1E 0B 0A 1E 14 14 14 14 14 14 14 14 14 14 14 00 14 0D 01 14 17 01 14 14 0E 14 00 32 32 32 32 2D 32 3C 00 28 1E 28 32 32 19 00 00 3E 64 00 01 18 3C 00 00 46 01 18 28 00 00 46 00 64 01 0C 00 00 46 07 00 00 50 51 F7
got_message: F0 41 00 00 00 00 33 12 60 00 03 62 00 64 18 18 18 18 18 18 18 18 18 18 18 18 18 18 18 18 18 18 18 18 18 18 18 18 01 32 32 10 32 32 32 00 46 28 37 00 00 64 00 1F 28 52 32 00 00 3C 00 46 55 41 32 01 1E 55 00 00 3C 32 46 3C 64 00 32 32 32 00 50 2D 01 00 32 00 32 64 64 01 00 02 32 50 64 32 64 04 2B 2E 03 4B 21 30 03 41 50 32 32 32 00 32 01 32 2D 32 32 50 64 00 64 64 00 00 32 00 03 10 32 64 32 00 00 00 00 00 00 00 00 00 00 00 00 00 00 00 00 00 00 00 00 00 00 00 00 00 00 00 00 00 00 00 00 00 00 00 00 00 00 00 00 00 03 10 16 0A 32 64 32 07 68 16 0A 32 03 10 16 0A 32 28 37 01 00 00 00 00 00 00 00 00 00 00 00 00 03 10 16 0A 32 64 32 07 68 16 0A 32 03 10 16 0A 32 28 37 01 00 00 00 00 00 00 00 00 00 00 01 03 1D 00 0A 0E 08 05 32 64 00 32 00 00 00 00 00 00 00 32 F7
got_message: F0 41 00 00 00 00 33 12 60 00 05 53 64 00 64 64 00 24 00 64 00 00 00 00 00 00 64 01 00 32 32 01 1C 33 00 00 00 00 00 00 00 64 00 00 00 00 00 00 00 00 00 00 00 00 00 00 00 11 0B 0F 05 02 0C 0D 04 06 07 08 09 01 12 00 03 0A 13 0E 10 00 00 00 00 07 00 32 00 00 00 00 00 01 00 01 00 0A 0B 0E 1D 14 13 03 00 0E 00 07 08 03 05 03 00 07 08 02 02 02 00 00 00 00 00 02 00 02 00 04 01 00 00 00 00 00 00 00 00 00 00 00 00 01 36 31 33 39 2F 36 00 00 01 00 16 00 00 00 01 00 01 00 00 00 00 00 00 00 00 00 00 00 00 00 00 00 00 00 00 00 00 00 00 00 00 00 00 00 00 00 00 00 00 00 00 00 00 00 00 00 00 00 00 00 00 00 00 00 00 00 00 00 00 00 00 00 00 00 00 00 00 00 00 00 00 00 00 00 00 00 00 00 00 00 00 00 00 00 00 00 00 00 00 00 00 00 00 00 00 00 00 00 00 00 00 00 00 00 00 1C F7
got_message: F0 41 00 00 00 00 33 12 60 00 08 00 00 00 00 00 00 00 00 00 00 00 00 00 00 00 00 00 00 00 00 00 00 00 00 00 00 00 00 00 00 00 00 00 00 00 00 00 00 00 00 00 00 00 00 00 00 00 00 00 00 64 00 00 00 64 00 00 00 64 00 64 00 64 00 64 00 64 00 64 00 64 00 64 00 64 00 64 00 64 00 64 00 64 00 64 00 64 00 64 00 64 00 64 00 64 00 64 00 64 00 64 00 64 00 00 00 64 00 00 00 64 00 64 00 64 00 64 00 64 00 00 00 64 00 00 00 00 00 00 00 00 00 00 00 00 00 00 00 00 00 00 00 00 00 00 00 00 00 00 00 00 00 00 00 00 00 00 00 00 00 00 00 00 00 00 00 00 00 00 00 00 00 00 00 00 00 00 00 64 00 00 00 64 00 00 00 64 00 64 00 64 00 64 00 64 00 64 00 64 00 64 00 64 00 64 00 64 00 64 00 64 00 64 00 64 00 64 00 64 00 64 00 64 00 64 00 64 00 64 00 64 00 00 00 64 00 00 00 64 00 64 00 28 F7
got_message: F0 41 00 00 00 00 33 12 60 00 09 71 64 00 64 00 64 00 00 00 64 00 00 00 00 00 00 00 00 00 00 00 00 00 00 00 00 00 00 00 00 00 00 00 00 00 00 00 00 00 00 00 00 00 00 00 00 00 00 00 00 00 00 00 00 00 00 00 00 00 00 00 00 00 00 00 64 00 00 00 64 00 00 00 64 00 64 00 64 00 64 00 64 00 64 00 64 00 64 00 64 00 64 00 64 00 64 00 64 00 64 00 64 00 64 00 64 00 64 00 64 00 64 00 64 00 64 00 64 00 00 00 64 00 00 00 64 00 64 00 64 00 64 00 64 00 00 00 64 00 00 16 F7
got_message: F0 41 00 00 00 00 33 12 60 00 06 50 01 49 F7
got_message: F0 41 00 00 00 00 33 12 60 00 06 52 31 17 F7
got_message: F0 41 00 00 00 00 33 12 60 00 06 53 33 14 F7
got_message: F0 41 00 00 00 00 33 12 60 00 06 54 39 0D F7
got_message: F0 41 00 00 00 00 33 12 60 00 06 55 2F 16 F7
got_message: F0 41 00 00 00 00 33 12 60 00 06 56 36 0E F7
got_message: F0 41 00 00 00 00 33 12 60 00 06 59 01 40 F7
got_message: F0 41 00 00 00 00 33 12 60 00 06 5A 00 40 F7
got_message: F0 41 00 00 00 00 33 12 60 00 06 5B 16 29 F7
got_message: F0 41 00 00 00 00 33 12 60 00 06 60 00 3A F7
send: C0 02
got_message: F0 41 00 00 00 00 33 12 00 01 00 00 00 03 7C F7
got_message: F0 41 00 00 00 00 33 12 60 00 00 00 47 6F 6F 64 20 63 68 6F 72 75 73 20 73 6C 61 6D 00 0C 00 32 32 00 32 45 00 00 32 32 32 32 32 00 01 1C 62 0A 18 27 3D 32 3C 00 01 00 32 00 01 01 05 64 00 00 32 32 05 05 32 32 32 07 0A 0A 02 00 01 00 04 14 0F 00 0F 12 00 16 14 0A 14 18 18 18 18 18 18 18 18 18 18 18 00 00 00 00 00 00 00 00 00 00 00 14 0E 01 14 17 01 14 14 0E 14 18 18 18 18 18 18 18 18 18 18 18 00 00 00 00 00 00 00 00 01 1D 01 01 32 23 23 00 32 01 23 32 32 3C 00 32 00 64 00 64 64 00 00 32 32 32 32 00 00 1E 0B 0A 1E 14 14 14 14 14 14 14 14 14 14 14 00 14 0D 01 14 17 01 14 14 0E 14 00 32 32 32 32 2D 32 3C 00 28 1E 28 32 32 19 00 00 3E 64 00 01 18 3C 00 00 46 01 18 28 00 00 46 00 64 01 0C 00 00 46 07 00 00 50 00 64 18 18 18 18 18 18 18 18 18 18 18 18 18 14 F7
got_message: F0 41 00 00 00 00 33 12 60 00 01 71 18 18 18 18 18 18 18 18 18 18 18 01 32 32 10 32 32 32 00 25 28 37 00 00 64 00 1A 23 1F 32 00 00 18 00 46 55 41 32 01 1E 55 00 00 3C 32 46 3C 64 00 32 32 32 00 50 2D 01 00 32 00 32 64 64 01 00 02 32 50 64 32 64 0E 38 30 06 30 32 40 0C 25 48 32 32 32 00 32 01 32 2D 32 32 50 32 00 64 64 00 01 32 0A 03 10 32 0A 4F 00 00 00 00 00 00 00 00 00 00 00 00 00 00 00 00 00 00 00 00 00 00 00 00 00 00 00 00 00 00 00 00 00 00 00 00 00 00 00 01 09 01 01 17 23 23 00 32 01 23 32 32 3C 00 32 00 64 00 64 64 00 05 2C 16 32 24 00 00 1E 0B 0A 1E 14 14 14 14 14 14 14 14 14 14 14 00 14 0D 01 14 17 01 14 14 0E 14 00 32 2D 32 32 2D 32 3C 00 28 1E 28 32 32 19 00 00 3E 64 00 01 18 3C 00 00 46 01 18 28 00 00 46 00 64 01 0C 00 00 46 07 00 00 50 76 F7
got_message: F0 41 00 00 00 00 33 12 60 00 03 62 00 64 18 18 18 18 18 18 18 18 18 18 18 18 18 18 18 18 18 18 18 18 18 18 18 18 01 32 32 10 32 32 32 00 46 28 37 00 00 64 00 1F 28 52 32 00 00 3C 00 46 55 41 32 01 1E 55 00 00 3C 32 46 3C 64 00 32 32 32 00 50 2D 01 00 32 00 32 64 64 01 00 02 32 50 64 32 64 04 2B 2E 03 4B 21 30 03 41 50 32 32 32 00 32 01 32 2D 32 32 50 32 00 64 64 00 00 32 00 03 10 32 64 32 00 00 00 00 00 00 00 00 00 00 00 00 00 00 00 00 00 00 00 00 00 00 00 00 00 00 00 00 00 00 00 00 00 00 00 00 00 00 00 00 01 03 1D 26 0A 50 34 32 07 68 16 0A 32 03 10 16 0A 32 28 37 01 00 00 00 00 00 00 00 00 00 00 00 08 03 10 16 0A 32 64 32 07 68 16 0A 32 03 10 16 0A 32 28 37 01 00 00 00 00 00 00 00 00 00 00 01 04 12 00 03 11 0A 06 3F 4F 00 32 00 00 00 00 00 00 00 63 F7
got_message: F0 41 00 00 00 00 33 12 60 00 05 53 64 00 64 64 00 24 32 64 00 00 00 00 00 00 64 01 00 32 32 01 2D 00 00 00 00 00 00 00 00 64 00 00 00 00 00 00 00 00 00 00 00 00 00 00 00 11 0B 0F 05 07 06 02 0D 0C 04 01 08 09 12 00 03 0A 13 0E 10 00 32 00 00 07 01 32 00 00 00 00 00 02 00 01 00 0A 0C 01 1D 14 1D 15 09 0E 00 07 01 04 05 04 00 07 08 02 02 02 01 02 01 02 02 02 00 02 00 04 01 00 00 00 00 00 00 00 00 00 00 00 00 00 62 3C 18 27 3D 32 00 43 10 00 2E 01 00 03 02 00 03 00 00 00 00 00 00 00 00 00 00 00 00 00 00 00 00 00 00 00 00 00 00 00 00 00 00 00 00 00 00 00 00 00 00 00 00 00 00 00 00 00 00 00 00 00 00 00 00 00 00 00 00 00 00 00 00 00 00 00 00 00 00 00 00 00 00 00 00 00 00 00 00 00 00 00 00 00 00 00 00 00 00 00 00 00 00 00 00 00 00 00 00 00 00 00 00 00 00 38 F7
got_message: F0 41 00 00 00 00 33 12 60 00 08 00 00 00 00 00 00 00 00 00 00 00 00 00 00 00 00 00 00 00 00 00 00 00 00 00 00 00 00 00 00 00 00 00 00 00 00 00 00 00 00 00 00 00 00 00 00 00 00 00 00 64 00 00 00 64 00 00 00 64 00 64 00 64 00 64 00 64 00 64 00 64 00 64 00 64 00 64 00 64 00 64 00 64 00 64 00 64 00 64 00 64 00 64 00 64 00 64 00 64 00 64 00 64 00 00 00 64 00 00 00 64 00 64 00 64 00 64 00 64 00 00 00 64 00 00 00 00 00 00 00 00 00 00 00 00 00 00 00 00 00 00 00 00 00 00 00 00 00 00 00 00 00 00 00 00 00 00 00 00 00 00 00 00 00 00 00 00 00 00 00 00 00 00 00 00 00 00 00 64 00 00 00 64 00 00 00 64 00 64 00 64 00 64 00 64 00 64 00 64 00 64 00 64 00 64 00 64 00 64 00 64 00 64 00 64 00 64 00 64 00 64 00 64 00 64 00 64 00 64 00 64 00 00 00 64 00 00 00 64 00 64 00 28 F7
got_message: F0 41 00 00 00 00 33 12 60 00 09 71 64 00 64 00 64 00 00 00 64 00 00 00 00 00 00 00 00 00 00 00 00 00 00 00 00 00 00 00 00 00 00 00 00 00 00 00 00 00 00 00 00 00 00 00 00 00 00 00 00 00 00 00 00 00 00 00 00 00 00 00 00 00 00 00 64 00 00 00 64 00 00 00 64 00 64 00 64 00 64 00 64 00 64 00 64 00 64 00 64 00 64 00 64 00 64 00 64 00 64 00 64 00 64 00 64 00 64 00 64 00 64 00 64 00 64 00 64 00 00 00 64 00 00 00 64 00 64 00 64 00 64 00 64 00 00 00 64 00 00 16 F7
got_message: F0 41 00 00 00 00 33 12 60 00 06 50 00 4A F7
got_message: F0 41 00 00 00 00 33 12 60 00 06 51 62 67 F7
got_message: F0 41 00 00 00 00 33 12 60 00 06 52 3C 0C F7
got_message: F0 41 00 00 00 00 33 12 60 00 06 53 18 2F F7
got_message: F0 41 00 00 00 00 33 12 60 00 06 54 27 1F F7
got_message: F0 41 00 00 00 00 33 12 60 00 06 55 3D 08 F7
got_message: F0 41 00 00 00 00 33 12 60 00 06 56 32 12 F7
got_message: F0 41 00 00 00 00 33 12 60 00 06 58 43 7F F7
got_message: F0 41 00 00 00 00 33 12 60 00 06 59 10 31 F7
got_message: F0 41 00 00 00 00 33 12 60 00 06 5B 2E 11 F7
got_message: F0 41 00 00 00 00 33 12 60 00 06 5E 03 39 F7
got_message: F0 41 00 00 00 00 33 12 60 00 06 5F 02 39 F7
got_message: F0 41 00 00 00 00 33 12 60 00 06 61 03 36 F7
got_message: F0 41 00 00 00 00 33 12 60 00 06 5C 01 3D F7
